This file contains any messages produced by compilers while
running configure, to aid debugging if configure makes a mistake.

It was created by libltdl configure 1.2, which was
generated by GNU Autoconf 2.59c.  Invocation command line was

  $ ./configure --prefix=/usr/local --enable-ltdl-install --cache-file=/dev/null --srcdir=.

## --------- ##
## Platform. ##
## --------- ##

hostname = localhost.localdomain
uname -m = i686
uname -r = 2.6.32-431.el6.i686
uname -s = Linux
uname -v = #1 SMP Fri Nov 22 00:26:36 UTC 2013

/usr/bin/uname -p = unknown
/bin/uname -X     = unknown

/bin/arch              = i686
/usr/bin/arch -k       = unknown
/usr/convex/getsysinfo = unknown
/usr/bin/hostinfo      = unknown
/bin/machine           = unknown
/usr/bin/oslevel       = unknown
/bin/universe          = unknown

PATH: /sbin
PATH: /bin
PATH: /usr/sbin
PATH: /usr/bin


## ----------- ##
## Core tests. ##
## ----------- ##

configure:1945: checking for a BSD-compatible install
configure:2000: result: /usr/bin/install -c
configure:2011: checking whether build environment is sane
configure:2054: result: yes
configure:2123: checking for gawk
configure:2139: found /bin/gawk
configure:2149: result: gawk
configure:2160: checking whether make sets $(MAKE)
configure:2181: result: yes
configure:2406: checking for gcc
configure:2422: found /usr/bin/gcc
configure:2432: result: gcc
configure:2662: checking for C compiler version
configure:2664: gcc --version >&5
gcc (GCC) 4.4.7 20120313 (Red Hat 4.4.7-11)
Copyright (C) 2010 Free Software Foundation, Inc.
This is free software; see the source for copying conditions.  There is NO
warranty; not even for MERCHANTABILITY or FITNESS FOR A PARTICULAR PURPOSE.

configure:2667: $? = 0
configure:2669: gcc -v >&5
Using built-in specs.
Target: i686-redhat-linux
Configured with: ../configure --prefix=/usr --mandir=/usr/share/man --infodir=/usr/share/info --with-bugurl=http://bugzilla.redhat.com/bugzilla --enable-bootstrap --enable-shared --enable-threads=posix --enable-checking=release --with-system-zlib --enable-__cxa_atexit --disable-libunwind-exceptions --enable-gnu-unique-object --enable-languages=c,c++,objc,obj-c++,java,fortran,ada --enable-java-awt=gtk --disable-dssi --with-java-home=/usr/lib/jvm/java-1.5.0-gcj-1.5.0.0/jre --enable-libgcj-multifile --enable-java-maintainer-mode --with-ecj-jar=/usr/share/java/eclipse-ecj.jar --disable-libjava-multilib --with-ppl --with-cloog --with-tune=generic --with-arch=i686 --build=i686-redhat-linux
Thread model: posix
gcc version 4.4.7 20120313 (Red Hat 4.4.7-11) (GCC) 
configure:2672: $? = 0
configure:2674: gcc -V >&5
gcc: '-V' option must have argument
configure:2677: $? = 1
configure:2700: checking for C compiler default output file name
configure:2722: gcc    conftest.c  >&5
configure:2725: $? = 0
configure:2763: result: a.out
configure:2768: checking whether the C compiler works
configure:2774: ./a.out
configure:2777: $? = 0
configure:2794: result: yes
configure:2801: checking whether we are cross compiling
configure:2803: result: no
configure:2806: checking for suffix of executables
configure:2808: gcc -o conftest    conftest.c  >&5
configure:2811: $? = 0
configure:2836: result: 
configure:2842: checking for suffix of object files
configure:2863: gcc -c   conftest.c >&5
configure:2866: $? = 0
configure:2889: result: o
configure:2893: checking whether we are using the GNU C compiler
configure:2917: gcc -c   conftest.c >&5
configure:2923: $? = 0
configure:2927: test -z 
			 || test ! -s conftest.err
configure:2930: $? = 0
configure:2933: test -s conftest.o
configure:2936: $? = 0
configure:2950: result: yes
configure:2955: checking whether gcc accepts -g
configure:2980: gcc -c -g  conftest.c >&5
configure:2986: $? = 0
configure:2990: test -z yes
			 || test ! -s conftest.err
configure:2993: $? = 0
configure:2996: test -s conftest.o
configure:2999: $? = 0
configure:3105: result: yes
configure:3122: checking for gcc option to accept ISO C89
configure:3186: gcc  -c -g -O2  conftest.c >&5
configure:3192: $? = 0
configure:3196: test -z 
			 || test ! -s conftest.err
configure:3199: $? = 0
configure:3202: test -s conftest.o
configure:3205: $? = 0
configure:3225: result: none needed
configure:3247: gcc -c -g -O2  conftest.c >&5
conftest.c:2: error: expected '=', ',', ';', 'asm' or '__attribute__' before 'me'
configure:3253: $? = 1
configure: failed program was:
| #ifndef __cplusplus
|   choke me
| #endif
configure:3402: checking for style of include used by make
configure:3430: result: GNU
configure:3458: checking dependency style of gcc
configure:3548: result: none
configure:3566: checking for an ANSI C-conforming const
configure:3633: gcc -c -g -O2  conftest.c >&5
configure:3639: $? = 0
configure:3643: test -z 
			 || test ! -s conftest.err
configure:3646: $? = 0
configure:3649: test -s conftest.o
configure:3652: $? = 0
configure:3664: result: yes
configure:3674: checking for inline
configure:3695: gcc -c -g -O2  conftest.c >&5
configure:3701: $? = 0
configure:3705: test -z 
			 || test ! -s conftest.err
configure:3708: $? = 0
configure:3711: test -s conftest.o
configure:3714: $? = 0
configure:3728: result: inline
configure:3832: checking build system type
configure:3850: result: i686-pc-linux-gnu
configure:3869: checking host system type
configure:3884: result: i686-pc-linux-gnu
configure:3903: checking for a sed that does not truncate output
configure:3957: result: /bin/sed
configure:3960: checking for grep that handles long lines and -e
configure:4034: result: /bin/grep
configure:4039: checking for egrep
configure:4117: result: /bin/grep -E
configure:4133: checking for ld used by gcc
configure:4200: result: /usr/bin/ld
configure:4209: checking if the linker (/usr/bin/ld) is GNU ld
configure:4224: result: yes
configure:4229: checking for /usr/bin/ld option to reload object files
configure:4236: result: -r
configure:4254: checking for BSD-compatible nm
configure:4303: result: /usr/bin/nm -B
configure:4307: checking whether ln -s works
configure:4311: result: yes
configure:4318: checking how to recognise dependent libraries
configure:4494: result: pass_all
configure:5009: checking how to run the C preprocessor
configure:5044: gcc -E  conftest.c
configure:5050: $? = 0
configure:5083: gcc -E  conftest.c
conftest.c:8:28: error: ac_nonexistent.h: No such file or directory
configure:5089: $? = 1
configure: failed program was:
| /* confdefs.h.  */
| #define PACKAGE_NAME "libltdl"
| #define PACKAGE_TARNAME "libltdl"
| #define PACKAGE_VERSION "1.2"
| #define PACKAGE_STRING "libltdl 1.2"
| #define PACKAGE_BUGREPORT "bug-libtool@gnu.org"
| /* end confdefs.h.  */
| #include <ac_nonexistent.h>
configure:5129: result: gcc -E
configure:5153: gcc -E  conftest.c
configure:5159: $? = 0
configure:5192: gcc -E  conftest.c
conftest.c:8:28: error: ac_nonexistent.h: No such file or directory
configure:5198: $? = 1
configure: failed program was:
| /* confdefs.h.  */
| #define PACKAGE_NAME "libltdl"
| #define PACKAGE_TARNAME "libltdl"
| #define PACKAGE_VERSION "1.2"
| #define PACKAGE_STRING "libltdl 1.2"
| #define PACKAGE_BUGREPORT "bug-libtool@gnu.org"
| /* end confdefs.h.  */
| #include <ac_nonexistent.h>
configure:5243: checking for ANSI C header files
configure:5268: gcc -c -g -O2  conftest.c >&5
configure:5274: $? = 0
configure:5278: test -z 
			 || test ! -s conftest.err
configure:5281: $? = 0
configure:5284: test -s conftest.o
configure:5287: $? = 0
configure:5378: gcc -o conftest -g -O2   conftest.c  >&5
configure:5381: $? = 0
configure:5383: ./conftest
configure:5386: $? = 0
configure:5403: result: yes
configure:5427: checking for sys/types.h
configure:5443: gcc -c -g -O2  conftest.c >&5
configure:5449: $? = 0
configure:5453: test -z 
			 || test ! -s conftest.err
configure:5456: $? = 0
configure:5459: test -s conftest.o
configure:5462: $? = 0
configure:5475: result: yes
configure:5427: checking for sys/stat.h
configure:5443: gcc -c -g -O2  conftest.c >&5
configure:5449: $? = 0
configure:5453: test -z 
			 || test ! -s conftest.err
configure:5456: $? = 0
configure:5459: test -s conftest.o
configure:5462: $? = 0
configure:5475: result: yes
configure:5427: checking for stdlib.h
configure:5443: gcc -c -g -O2  conftest.c >&5
configure:5449: $? = 0
configure:5453: test -z 
			 || test ! -s conftest.err
configure:5456: $? = 0
configure:5459: test -s conftest.o
configure:5462: $? = 0
configure:5475: result: yes
configure:5427: checking for string.h
configure:5443: gcc -c -g -O2  conftest.c >&5
configure:5449: $? = 0
configure:5453: test -z 
			 || test ! -s conftest.err
configure:5456: $? = 0
configure:5459: test -s conftest.o
configure:5462: $? = 0
configure:5475: result: yes
configure:5427: checking for memory.h
configure:5443: gcc -c -g -O2  conftest.c >&5
configure:5449: $? = 0
configure:5453: test -z 
			 || test ! -s conftest.err
configure:5456: $? = 0
configure:5459: test -s conftest.o
configure:5462: $? = 0
configure:5475: result: yes
configure:5427: checking for strings.h
configure:5443: gcc -c -g -O2  conftest.c >&5
configure:5449: $? = 0
configure:5453: test -z 
			 || test ! -s conftest.err
configure:5456: $? = 0
configure:5459: test -s conftest.o
configure:5462: $? = 0
configure:5475: result: yes
configure:5427: checking for inttypes.h
configure:5443: gcc -c -g -O2  conftest.c >&5
configure:5449: $? = 0
configure:5453: test -z 
			 || test ! -s conftest.err
configure:5456: $? = 0
configure:5459: test -s conftest.o
configure:5462: $? = 0
configure:5475: result: yes
configure:5427: checking for stdint.h
configure:5443: gcc -c -g -O2  conftest.c >&5
configure:5449: $? = 0
configure:5453: test -z 
			 || test ! -s conftest.err
configure:5456: $? = 0
configure:5459: test -s conftest.o
configure:5462: $? = 0
configure:5475: result: yes
configure:5427: checking for unistd.h
configure:5443: gcc -c -g -O2  conftest.c >&5
configure:5449: $? = 0
configure:5453: test -z 
			 || test ! -s conftest.err
configure:5456: $? = 0
configure:5459: test -s conftest.o
configure:5462: $? = 0
configure:5475: result: yes
configure:5502: checking dlfcn.h usability
configure:5514: gcc -c -g -O2  conftest.c >&5
configure:5520: $? = 0
configure:5524: test -z 
			 || test ! -s conftest.err
configure:5527: $? = 0
configure:5530: test -s conftest.o
configure:5533: $? = 0
configure:5544: result: yes
configure:5548: checking dlfcn.h presence
configure:5558: gcc -E  conftest.c
configure:5564: $? = 0
configure:5585: result: yes
configure:5620: checking for dlfcn.h
configure:5628: result: yes
configure:5698: checking for g++
configure:5714: found /usr/bin/g++
configure:5724: result: g++
configure:5753: checking for C++ compiler version
configure:5755: g++ --version >&5
g++ (GCC) 4.4.7 20120313 (Red Hat 4.4.7-11)
Copyright (C) 2010 Free Software Foundation, Inc.
This is free software; see the source for copying conditions.  There is NO
warranty; not even for MERCHANTABILITY or FITNESS FOR A PARTICULAR PURPOSE.

configure:5758: $? = 0
configure:5760: g++ -v >&5
Using built-in specs.
Target: i686-redhat-linux
Configured with: ../configure --prefix=/usr --mandir=/usr/share/man --infodir=/usr/share/info --with-bugurl=http://bugzilla.redhat.com/bugzilla --enable-bootstrap --enable-shared --enable-threads=posix --enable-checking=release --with-system-zlib --enable-__cxa_atexit --disable-libunwind-exceptions --enable-gnu-unique-object --enable-languages=c,c++,objc,obj-c++,java,fortran,ada --enable-java-awt=gtk --disable-dssi --with-java-home=/usr/lib/jvm/java-1.5.0-gcj-1.5.0.0/jre --enable-libgcj-multifile --enable-java-maintainer-mode --with-ecj-jar=/usr/share/java/eclipse-ecj.jar --disable-libjava-multilib --with-ppl --with-cloog --with-tune=generic --with-arch=i686 --build=i686-redhat-linux
Thread model: posix
gcc version 4.4.7 20120313 (Red Hat 4.4.7-11) (GCC) 
configure:5763: $? = 0
configure:5765: g++ -V >&5
g++: '-V' option must have argument
configure:5768: $? = 1
configure:5771: checking whether we are using the GNU C++ compiler
configure:5795: g++ -c   conftest.cpp >&5
configure:5801: $? = 0
configure:5805: test -z 
			 || test ! -s conftest.err
configure:5808: $? = 0
configure:5811: test -s conftest.o
configure:5814: $? = 0
configure:5828: result: yes
configure:5833: checking whether g++ accepts -g
configure:5858: g++ -c -g  conftest.cpp >&5
configure:5864: $? = 0
configure:5868: test -z yes
			 || test ! -s conftest.err
configure:5871: $? = 0
configure:5874: test -s conftest.o
configure:5877: $? = 0
configure:5983: result: yes
configure:6025: g++ -c -g -O2  conftest.cpp >&5
configure:6031: $? = 0
configure:6035: test -z 
			 || test ! -s conftest.err
configure:6038: $? = 0
configure:6041: test -s conftest.o
configure:6044: $? = 0
configure:6071: g++ -c -g -O2  conftest.cpp >&5
conftest.cpp: In function 'int main()':
conftest.cpp:23: error: 'exit' was not declared in this scope
configure:6077: $? = 1
configure: failed program was:
| /* confdefs.h.  */
| #define PACKAGE_NAME "libltdl"
| #define PACKAGE_TARNAME "libltdl"
| #define PACKAGE_VERSION "1.2"
| #define PACKAGE_STRING "libltdl 1.2"
| #define PACKAGE_BUGREPORT "bug-libtool@gnu.org"
| #define STDC_HEADERS 1
| #define HAVE_SYS_TYPES_H 1
| #define HAVE_SYS_STAT_H 1
| #define HAVE_STDLIB_H 1
| #define HAVE_STRING_H 1
| #define HAVE_MEMORY_H 1
| #define HAVE_STRINGS_H 1
| #define HAVE_INTTYPES_H 1
| #define HAVE_STDINT_H 1
| #define HAVE_UNISTD_H 1
| #define HAVE_DLFCN_H 1
| /* end confdefs.h.  */
| 
| int
| main ()
| {
| exit (42);
|   ;
|   return 0;
| }
configure:6025: g++ -c -g -O2  conftest.cpp >&5
conftest.cpp:19: error: 'void std::exit(int)' should have been declared inside 'std'
configure:6031: $? = 1
configure: failed program was:
| /* confdefs.h.  */
| #define PACKAGE_NAME "libltdl"
| #define PACKAGE_TARNAME "libltdl"
| #define PACKAGE_VERSION "1.2"
| #define PACKAGE_STRING "libltdl 1.2"
| #define PACKAGE_BUGREPORT "bug-libtool@gnu.org"
| #define STDC_HEADERS 1
| #define HAVE_SYS_TYPES_H 1
| #define HAVE_SYS_STAT_H 1
| #define HAVE_STDLIB_H 1
| #define HAVE_STRING_H 1
| #define HAVE_MEMORY_H 1
| #define HAVE_STRINGS_H 1
| #define HAVE_INTTYPES_H 1
| #define HAVE_STDINT_H 1
| #define HAVE_UNISTD_H 1
| #define HAVE_DLFCN_H 1
| /* end confdefs.h.  */
| extern "C" void std::exit (int) throw (); using std::exit;
| #include <stdlib.h>
| int
| main ()
| {
| exit (42);
|   ;
|   return 0;
| }
configure:6025: g++ -c -g -O2  conftest.cpp >&5
conftest.cpp:19: error: 'void std::exit(int)' should have been declared inside 'std'
In file included from conftest.cpp:20:
/usr/include/stdlib.h:544: error: declaration of 'void std::exit(int) throw ()' throws different exceptions
conftest.cpp:19: error: from previous declaration 'void std::exit(int)'
configure:6031: $? = 1
configure: failed program was:
| /* confdefs.h.  */
| #define PACKAGE_NAME "libltdl"
| #define PACKAGE_TARNAME "libltdl"
| #define PACKAGE_VERSION "1.2"
| #define PACKAGE_STRING "libltdl 1.2"
| #define PACKAGE_BUGREPORT "bug-libtool@gnu.org"
| #define STDC_HEADERS 1
| #define HAVE_SYS_TYPES_H 1
| #define HAVE_SYS_STAT_H 1
| #define HAVE_STDLIB_H 1
| #define HAVE_STRING_H 1
| #define HAVE_MEMORY_H 1
| #define HAVE_STRINGS_H 1
| #define HAVE_INTTYPES_H 1
| #define HAVE_STDINT_H 1
| #define HAVE_UNISTD_H 1
| #define HAVE_DLFCN_H 1
| /* end confdefs.h.  */
| extern "C" void std::exit (int); using std::exit;
| #include <stdlib.h>
| int
| main ()
| {
| exit (42);
|   ;
|   return 0;
| }
configure:6025: g++ -c -g -O2  conftest.cpp >&5
configure:6031: $? = 0
configure:6035: test -z 
			 || test ! -s conftest.err
configure:6038: $? = 0
configure:6041: test -s conftest.o
configure:6044: $? = 0
configure:6071: g++ -c -g -O2  conftest.cpp >&5
configure:6077: $? = 0
configure:6081: test -z 
			 || test ! -s conftest.err
configure:6084: $? = 0
configure:6087: test -s conftest.o
configure:6090: $? = 0
configure:6117: checking dependency style of g++
configure:6207: result: none
configure:6234: checking how to run the C++ preprocessor
configure:6265: g++ -E  conftest.cpp
configure:6271: $? = 0
configure:6304: g++ -E  conftest.cpp
conftest.cpp:22:28: error: ac_nonexistent.h: No such file or directory
configure:6310: $? = 1
configure: failed program was:
| /* confdefs.h.  */
| #define PACKAGE_NAME "libltdl"
| #define PACKAGE_TARNAME "libltdl"
| #define PACKAGE_VERSION "1.2"
| #define PACKAGE_STRING "libltdl 1.2"
| #define PACKAGE_BUGREPORT "bug-libtool@gnu.org"
| #define STDC_HEADERS 1
| #define HAVE_SYS_TYPES_H 1
| #define HAVE_SYS_STAT_H 1
| #define HAVE_STDLIB_H 1
| #define HAVE_STRING_H 1
| #define HAVE_MEMORY_H 1
| #define HAVE_STRINGS_H 1
| #define HAVE_INTTYPES_H 1
| #define HAVE_STDINT_H 1
| #define HAVE_UNISTD_H 1
| #define HAVE_DLFCN_H 1
| #ifdef __cplusplus
| extern "C" void exit (int) throw ();
| #endif
| /* end confdefs.h.  */
| #include <ac_nonexistent.h>
configure:6350: result: g++ -E
configure:6374: g++ -E  conftest.cpp
configure:6380: $? = 0
configure:6413: g++ -E  conftest.cpp
conftest.cpp:22:28: error: ac_nonexistent.h: No such file or directory
configure:6419: $? = 1
configure: failed program was:
| /* confdefs.h.  */
| #define PACKAGE_NAME "libltdl"
| #define PACKAGE_TARNAME "libltdl"
| #define PACKAGE_VERSION "1.2"
| #define PACKAGE_STRING "libltdl 1.2"
| #define PACKAGE_BUGREPORT "bug-libtool@gnu.org"
| #define STDC_HEADERS 1
| #define HAVE_SYS_TYPES_H 1
| #define HAVE_SYS_STAT_H 1
| #define HAVE_STDLIB_H 1
| #define HAVE_STRING_H 1
| #define HAVE_MEMORY_H 1
| #define HAVE_STRINGS_H 1
| #define HAVE_INTTYPES_H 1
| #define HAVE_STDINT_H 1
| #define HAVE_UNISTD_H 1
| #define HAVE_DLFCN_H 1
| #ifdef __cplusplus
| extern "C" void exit (int) throw ();
| #endif
| /* end confdefs.h.  */
| #include <ac_nonexistent.h>
configure:6518: checking for g77
configure:6547: result: no
configure:6518: checking for f77
configure:6547: result: no
configure:6518: checking for xlf
configure:6547: result: no
configure:6518: checking for frt
configure:6547: result: no
configure:6518: checking for pgf77
configure:6547: result: no
configure:6518: checking for cf77
configure:6547: result: no
configure:6518: checking for fort77
configure:6547: result: no
configure:6518: checking for fl32
configure:6547: result: no
configure:6518: checking for af77
configure:6547: result: no
configure:6518: checking for f90
configure:6547: result: no
configure:6518: checking for xlf90
configure:6547: result: no
configure:6518: checking for pgf90
configure:6547: result: no
configure:6518: checking for pghpf
configure:6547: result: no
configure:6518: checking for epcf90
configure:6547: result: no
configure:6518: checking for gfortran
configure:6547: result: no
configure:6518: checking for g95
configure:6547: result: no
configure:6518: checking for f95
configure:6547: result: no
configure:6518: checking for fort
configure:6547: result: no
configure:6518: checking for xlf95
configure:6547: result: no
configure:6518: checking for ifort
configure:6547: result: no
configure:6518: checking for ifc
configure:6547: result: no
configure:6518: checking for efc
configure:6547: result: no
configure:6518: checking for pgf95
configure:6547: result: no
configure:6518: checking for lf95
configure:6547: result: no
configure:6518: checking for ftn
configure:6547: result: no
configure:6572: checking for Fortran 77 compiler version
configure:6574:  --version >&5
./configure: line 6575: --version: command not found
configure:6577: $? = 127
configure:6579:  -v >&5
./configure: line 6580: -v: command not found
configure:6582: $? = 127
configure:6584:  -V >&5
./configure: line 6585: -V: command not found
configure:6587: $? = 127
configure:6595: checking whether we are using the GNU Fortran 77 compiler
configure:6609:  -c  conftest.F >&5
./configure: line 6610: -c: command not found
configure:6615: $? = 127
configure: failed program was:
|       program main
| #ifndef __GNUC__
|        choke me
| #endif
| 
|       end
configure:6642: result: no
configure:6648: checking whether  accepts -g
configure:6660:  -c -g conftest.f >&5
./configure: line 6661: -c: command not found
configure:6666: $? = 127
configure: failed program was:
|       program main
| 
|       end
configure:6692: result: no
configure:6722: checking the maximum length of command line arguments
configure:6831: result: 32768
configure:6842: checking command to parse /usr/bin/nm -B output from gcc object
configure:6947: gcc -c -g -O2  conftest.c >&5
configure:6950: $? = 0
configure:6954: /usr/bin/nm -B conftest.o \| sed -n -e 's/^.*[ 	]\([ABCDGIRSTW][ABCDGIRSTW]*\)[ 	][ 	]*\([_A-Za-z][_A-Za-z0-9]*\)$/\1 \2 \2/p' \> conftest.nm
configure:6957: $? = 0
configure:7009: gcc -o conftest -g -O2   conftest.c conftstm.o >&5
configure:7012: $? = 0
configure:7050: result: ok
configure:7054: checking for objdir
configure:7069: result: .libs
configure:7160: checking for ar
configure:7176: found /usr/bin/ar
configure:7186: result: ar
configure:7252: checking for ranlib
configure:7268: found /usr/bin/ranlib
configure:7278: result: ranlib
configure:7344: checking for strip
configure:7360: found /usr/bin/strip
configure:7370: result: strip
configure:7658: checking if gcc supports -fno-rtti -fno-exceptions
configure:7676: gcc -c -g -O2  -fno-rtti -fno-exceptions conftest.c >&5
cc1: warning: command line option "-fno-rtti" is valid for C++/ObjC++ but not for C
configure:7680: $? = 0
configure:7693: result: no
configure:7708: checking for gcc option to produce PIC
configure:7918: result: -fPIC
configure:7926: checking if gcc PIC flag -fPIC works
configure:7944: gcc -c -g -O2  -fPIC -DPIC conftest.c >&5
configure:7948: $? = 0
configure:7961: result: yes
configure:7989: checking if gcc static flag -static works
configure:8017: result: no
configure:8027: checking if gcc supports -c -o file.o
configure:8048: gcc -c -g -O2  -o out/conftest2.o conftest.c >&5
configure:8052: $? = 0
configure:8074: result: yes
configure:8100: checking whether the gcc linker (/usr/bin/ld) supports shared libraries
configure:9062: result: yes
configure:9083: checking whether -lc should be explicitly linked in
configure:9088: gcc -c -g -O2  conftest.c >&5
configure:9091: $? = 0
configure:9106: gcc -shared conftest.o  -v -Wl,-soname -Wl,conftest -o conftest 2\>\&1 \| grep  -lc  \>/dev/null 2\>\&1
configure:9109: $? = 0
configure:9121: result: no
configure:9129: checking dynamic linker characteristics
configure:9717: result: GNU/Linux ld.so
configure:9726: checking how to hardcode library paths into programs
configure:9751: result: immediate
configure:9765: checking whether stripping libraries is possible
configure:9770: result: yes
configure:10599: checking if libtool supports shared libraries
configure:10601: result: yes
configure:10604: checking whether to build shared libraries
configure:10625: result: yes
configure:10628: checking whether to build static libraries
configure:10632: result: yes
configure:10724: creating libtool
configure:11312: checking for ld used by g++
configure:11379: result: /usr/bin/ld
configure:11388: checking if the linker (/usr/bin/ld) is GNU ld
configure:11403: result: yes
configure:11454: checking whether the g++ linker (/usr/bin/ld) supports shared libraries
configure:12396: result: yes
configure:12418: g++ -c -g -O2  conftest.cpp >&5
configure:12421: $? = 0
configure:12540: checking for g++ option to produce PIC
configure:12814: result: -fPIC
configure:12822: checking if g++ PIC flag -fPIC works
configure:12840: g++ -c -g -O2  -fPIC -DPIC conftest.cpp >&5
configure:12844: $? = 0
configure:12857: result: yes
configure:12885: checking if g++ static flag -static works
configure:12913: result: no
configure:12923: checking if g++ supports -c -o file.o
configure:12944: g++ -c -g -O2  -o out/conftest2.o conftest.cpp >&5
configure:12948: $? = 0
configure:12970: result: yes
configure:12996: checking whether the g++ linker (/usr/bin/ld) supports shared libraries
configure:13021: result: yes
configure:13088: checking dynamic linker characteristics
configure:13676: result: GNU/Linux ld.so
configure:13685: checking how to hardcode library paths into programs
configure:13710: result: immediate
configure:19880: checking for dirent.h that defines DIR
configure:19904: gcc -c -g -O2  conftest.c >&5
configure:19910: $? = 0
configure:19914: test -z 
			 || test ! -s conftest.err
configure:19917: $? = 0
configure:19920: test -s conftest.o
configure:19923: $? = 0
configure:19936: result: yes
configure:19949: checking for library containing opendir
configure:19985: gcc -o conftest -g -O2   conftest.c  >&5
configure:19991: $? = 0
configure:19995: test -z 
			 || test ! -s conftest.err
configure:19998: $? = 0
configure:20001: test -s conftest
configure:20004: $? = 0
configure:20028: result: none required
configure:20154: checking which extension is used for loadable modules
configure:20164: result: .so
configure:20175: checking which variable specifies run-time library path
configure:20182: result: LD_LIBRARY_PATH
configure:20193: checking for the default library search path
configure:20200: result: /lib /usr/lib hwcap 1 nosegneg /usr/lib/mysql /usr/lib/qt-3.3/lib /usr/lib/xulrunner 
configure:20218: checking for objdir
configure:20239: result: .libs
configure:20248: checking whether libtool supports -dlopen/-dlpreopen
configure:20260: result: yes
configure:20279: checking for shl_load
configure:20330: gcc -o conftest -g -O2   conftest.c  >&5
/tmp/ccV3BUpr.o: In function `main':
/home/wu/workspace/drivers/11th_ts/8th/tslib/libtool-1.5.22/libltdl/conftest.c:62: undefined reference to `shl_load'
collect2: ld returned 1 exit status
configure:20336: $? = 1
configure: failed program was:
| /* confdefs.h.  */
| #define PACKAGE_NAME "libltdl"
| #define PACKAGE_TARNAME "libltdl"
| #define PACKAGE_VERSION "1.2"
| #define PACKAGE_STRING "libltdl 1.2"
| #define PACKAGE_BUGREPORT "bug-libtool@gnu.org"
| #define STDC_HEADERS 1
| #define HAVE_SYS_TYPES_H 1
| #define HAVE_SYS_STAT_H 1
| #define HAVE_STDLIB_H 1
| #define HAVE_STRING_H 1
| #define HAVE_MEMORY_H 1
| #define HAVE_STRINGS_H 1
| #define HAVE_INTTYPES_H 1
| #define HAVE_STDINT_H 1
| #define HAVE_UNISTD_H 1
| #define HAVE_DLFCN_H 1
| #ifdef __cplusplus
| extern "C" void exit (int) throw ();
| #endif
| #define HAVE_DIRENT_H 1
| #define LTDL_SHLIB_EXT ".so"
| #define LTDL_SHLIBPATH_VAR "LD_LIBRARY_PATH"
| #define LTDL_SYSSEARCHPATH "/lib:/usr/lib:hwcap:1:nosegneg:/usr/lib/mysql:/usr/lib/qt-3.3/lib:/usr/lib/xulrunner"
| #define LTDL_OBJDIR ".libs/"
| #define HAVE_PRELOADED_SYMBOLS 1
| /* end confdefs.h.  */
| /* Define shl_load to an innocuous variant, in case <limits.h> declares shl_load.
|    For example, HP-UX 11i <limits.h> declares gettimeofday.  */
| #define shl_load innocuous_shl_load
| 
| /* System header to define __stub macros and hopefully few prototypes,
|     which can conflict with char shl_load (); below.
|     Prefer <limits.h> to <assert.h> if __STDC__ is defined, since
|     <limits.h> exists even on freestanding compilers.  */
| 
| #ifdef __STDC__
| # include <limits.h>
| #else
| # include <assert.h>
| #endif
| 
| #undef shl_load
| 
| /* Override any GCC internal prototype to avoid an error.
|    Use char because int might match the return type of a GCC
|    builtin and then its argument prototype would still apply.  */
| #ifdef __cplusplus
| extern "C"
| #endif
| char shl_load ();
| /* The GNU C library defines this for functions which it implements
|     to always fail with ENOSYS.  Some functions are actually named
|     something starting with __ and the normal name is an alias.  */
| #if defined (__stub_shl_load) || defined (__stub___shl_load)
| choke me
| #endif
| 
| int
| main ()
| {
| return shl_load ();
|   ;
|   return 0;
| }
configure:20362: result: no
configure:20371: checking for shl_load in -ldld
configure:20401: gcc -o conftest -g -O2   conftest.c -ldld   >&5
/usr/bin/ld: cannot find -ldld
collect2: ld returned 1 exit status
configure:20407: $? = 1
configure: failed program was:
| /* confdefs.h.  */
| #define PACKAGE_NAME "libltdl"
| #define PACKAGE_TARNAME "libltdl"
| #define PACKAGE_VERSION "1.2"
| #define PACKAGE_STRING "libltdl 1.2"
| #define PACKAGE_BUGREPORT "bug-libtool@gnu.org"
| #define STDC_HEADERS 1
| #define HAVE_SYS_TYPES_H 1
| #define HAVE_SYS_STAT_H 1
| #define HAVE_STDLIB_H 1
| #define HAVE_STRING_H 1
| #define HAVE_MEMORY_H 1
| #define HAVE_STRINGS_H 1
| #define HAVE_INTTYPES_H 1
| #define HAVE_STDINT_H 1
| #define HAVE_UNISTD_H 1
| #define HAVE_DLFCN_H 1
| #ifdef __cplusplus
| extern "C" void exit (int) throw ();
| #endif
| #define HAVE_DIRENT_H 1
| #define LTDL_SHLIB_EXT ".so"
| #define LTDL_SHLIBPATH_VAR "LD_LIBRARY_PATH"
| #define LTDL_SYSSEARCHPATH "/lib:/usr/lib:hwcap:1:nosegneg:/usr/lib/mysql:/usr/lib/qt-3.3/lib:/usr/lib/xulrunner"
| #define LTDL_OBJDIR ".libs/"
| #define HAVE_PRELOADED_SYMBOLS 1
| /* end confdefs.h.  */
| 
| /* Override any GCC internal prototype to avoid an error.
|    Use char because int might match the return type of a GCC
|    builtin and then its argument prototype would still apply.  */
| #ifdef __cplusplus
| extern "C"
| #endif
| char shl_load ();
| int
| main ()
| {
| return shl_load ();
|   ;
|   return 0;
| }
configure:20434: result: no
configure:20444: checking for dlopen in -ldl
configure:20474: gcc -o conftest -g -O2   conftest.c -ldl   >&5
configure:20480: $? = 0
configure:20484: test -z 
			 || test ! -s conftest.err
configure:20487: $? = 0
configure:20490: test -s conftest
configure:20493: $? = 0
configure:20507: result: yes
configure:20834: checking for dlerror
configure:20885: gcc -o conftest -g -O2   conftest.c  -ldl >&5
configure:20891: $? = 0
configure:20895: test -z 
			 || test ! -s conftest.err
configure:20898: $? = 0
configure:20901: test -s conftest
configure:20904: $? = 0
configure:20918: result: yes
configure:20938: checking for _ prefix in compiled symbols
configure:20948: gcc -c -g -O2  conftest.c >&5
configure:20951: $? = 0
configure:20955: /usr/bin/nm -B conftest.o \| sed -n -e 's/^.*[ 	]\([ABCDGIRSTW][ABCDGIRSTW]*\)[ 	][ 	]*\([_A-Za-z][_A-Za-z0-9]*\)$/\1 \2 \2/p' \> conftest.nm
configure:20958: $? = 0
configure:20980: result: no
configure:21100: checking whether deplibs are loaded by dlopen
configure:21181: result: yes
configure:21206: checking argz.h usability
configure:21218: gcc -c -g -O2  conftest.c >&5
configure:21224: $? = 0
configure:21228: test -z 
			 || test ! -s conftest.err
configure:21231: $? = 0
configure:21234: test -s conftest.o
configure:21237: $? = 0
configure:21248: result: yes
configure:21252: checking argz.h presence
configure:21262: gcc -E  conftest.c
configure:21268: $? = 0
configure:21289: result: yes
configure:21324: checking for argz.h
configure:21332: result: yes
configure:21346: checking for error_t
configure:21373: gcc -c -g -O2  conftest.c >&5
configure:21379: $? = 0
configure:21383: test -z 
			 || test ! -s conftest.err
configure:21386: $? = 0
configure:21389: test -s conftest.o
configure:21392: $? = 0
configure:21404: result: yes
configure:21430: checking for argz_append
configure:21481: gcc -o conftest -g -O2   conftest.c  >&5
configure:21487: $? = 0
configure:21491: test -z 
			 || test ! -s conftest.err
configure:21494: $? = 0
configure:21497: test -s conftest
configure:21500: $? = 0
configure:21514: result: yes
configure:21430: checking for argz_create_sep
configure:21481: gcc -o conftest -g -O2   conftest.c  >&5
configure:21487: $? = 0
configure:21491: test -z 
			 || test ! -s conftest.err
configure:21494: $? = 0
configure:21497: test -s conftest
configure:21500: $? = 0
configure:21514: result: yes
configure:21430: checking for argz_insert
configure:21481: gcc -o conftest -g -O2   conftest.c  >&5
configure:21487: $? = 0
configure:21491: test -z 
			 || test ! -s conftest.err
configure:21494: $? = 0
configure:21497: test -s conftest
configure:21500: $? = 0
configure:21514: result: yes
configure:21430: checking for argz_next
configure:21481: gcc -o conftest -g -O2   conftest.c  >&5
configure:21487: $? = 0
configure:21491: test -z 
			 || test ! -s conftest.err
configure:21494: $? = 0
configure:21497: test -s conftest
configure:21500: $? = 0
configure:21514: result: yes
configure:21430: checking for argz_stringify
configure:21481: gcc -o conftest -g -O2   conftest.c  >&5
configure:21487: $? = 0
configure:21491: test -z 
			 || test ! -s conftest.err
configure:21494: $? = 0
configure:21497: test -s conftest
configure:21500: $? = 0
configure:21514: result: yes
configure:21566: checking assert.h usability
configure:21578: gcc -c -g -O2  conftest.c >&5
configure:21584: $? = 0
configure:21588: test -z 
			 || test ! -s conftest.err
configure:21591: $? = 0
configure:21594: test -s conftest.o
configure:21597: $? = 0
configure:21608: result: yes
configure:21612: checking assert.h presence
configure:21622: gcc -E  conftest.c
configure:21628: $? = 0
configure:21649: result: yes
configure:21684: checking for assert.h
configure:21692: result: yes
configure:21566: checking ctype.h usability
configure:21578: gcc -c -g -O2  conftest.c >&5
configure:21584: $? = 0
configure:21588: test -z 
			 || test ! -s conftest.err
configure:21591: $? = 0
configure:21594: test -s conftest.o
configure:21597: $? = 0
configure:21608: result: yes
configure:21612: checking ctype.h presence
configure:21622: gcc -E  conftest.c
configure:21628: $? = 0
configure:21649: result: yes
configure:21684: checking for ctype.h
configure:21692: result: yes
configure:21566: checking errno.h usability
configure:21578: gcc -c -g -O2  conftest.c >&5
configure:21584: $? = 0
configure:21588: test -z 
			 || test ! -s conftest.err
configure:21591: $? = 0
configure:21594: test -s conftest.o
configure:21597: $? = 0
configure:21608: result: yes
configure:21612: checking errno.h presence
configure:21622: gcc -E  conftest.c
configure:21628: $? = 0
configure:21649: result: yes
configure:21684: checking for errno.h
configure:21692: result: yes
configure:21566: checking malloc.h usability
configure:21578: gcc -c -g -O2  conftest.c >&5
configure:21584: $? = 0
configure:21588: test -z 
			 || test ! -s conftest.err
configure:21591: $? = 0
configure:21594: test -s conftest.o
configure:21597: $? = 0
configure:21608: result: yes
configure:21612: checking malloc.h presence
configure:21622: gcc -E  conftest.c
configure:21628: $? = 0
configure:21649: result: yes
configure:21684: checking for malloc.h
configure:21692: result: yes
configure:21556: checking for memory.h
configure:21562: result: yes
configure:21556: checking for stdlib.h
configure:21562: result: yes
configure:21566: checking stdio.h usability
configure:21578: gcc -c -g -O2  conftest.c >&5
configure:21584: $? = 0
configure:21588: test -z 
			 || test ! -s conftest.err
configure:21591: $? = 0
configure:21594: test -s conftest.o
configure:21597: $? = 0
configure:21608: result: yes
configure:21612: checking stdio.h presence
configure:21622: gcc -E  conftest.c
configure:21628: $? = 0
configure:21649: result: yes
configure:21684: checking for stdio.h
configure:21692: result: yes
configure:21556: checking for unistd.h
configure:21562: result: yes
configure:21723: checking dl.h usability
configure:21735: gcc -c -g -O2  conftest.c >&5
conftest.c:78:16: error: dl.h: No such file or directory
configure:21741: $? = 1
configure: failed program was:
| /* confdefs.h.  */
| #define PACKAGE_NAME "libltdl"
| #define PACKAGE_TARNAME "libltdl"
| #define PACKAGE_VERSION "1.2"
| #define PACKAGE_STRING "libltdl 1.2"
| #define PACKAGE_BUGREPORT "bug-libtool@gnu.org"
| #define STDC_HEADERS 1
| #define HAVE_SYS_TYPES_H 1
| #define HAVE_SYS_STAT_H 1
| #define HAVE_STDLIB_H 1
| #define HAVE_STRING_H 1
| #define HAVE_MEMORY_H 1
| #define HAVE_STRINGS_H 1
| #define HAVE_INTTYPES_H 1
| #define HAVE_STDINT_H 1
| #define HAVE_UNISTD_H 1
| #define HAVE_DLFCN_H 1
| #ifdef __cplusplus
| extern "C" void exit (int) throw ();
| #endif
| #define HAVE_DIRENT_H 1
| #define LTDL_SHLIB_EXT ".so"
| #define LTDL_SHLIBPATH_VAR "LD_LIBRARY_PATH"
| #define LTDL_SYSSEARCHPATH "/lib:/usr/lib:hwcap:1:nosegneg:/usr/lib/mysql:/usr/lib/qt-3.3/lib:/usr/lib/xulrunner"
| #define LTDL_OBJDIR ".libs/"
| #define HAVE_PRELOADED_SYMBOLS 1
| #define HAVE_LIBDL 1
| #define HAVE_DLERROR 1
| #define HAVE_ARGZ_H 1
| #define HAVE_ERROR_T 1
| #define HAVE_ARGZ_APPEND 1
| #define HAVE_ARGZ_CREATE_SEP 1
| #define HAVE_ARGZ_INSERT 1
| #define HAVE_ARGZ_NEXT 1
| #define HAVE_ARGZ_STRINGIFY 1
| #define HAVE_ASSERT_H 1
| #define HAVE_CTYPE_H 1
| #define HAVE_ERRNO_H 1
| #define HAVE_MALLOC_H 1
| #define HAVE_MEMORY_H 1
| #define HAVE_STDLIB_H 1
| #define HAVE_STDIO_H 1
| #define HAVE_UNISTD_H 1
| /* end confdefs.h.  */
| #include <stdio.h>
| #if HAVE_SYS_TYPES_H
| # include <sys/types.h>
| #endif
| #if HAVE_SYS_STAT_H
| # include <sys/stat.h>
| #endif
| #if STDC_HEADERS
| # include <stdlib.h>
| # include <stddef.h>
| #else
| # if HAVE_STDLIB_H
| #  include <stdlib.h>
| # endif
| #endif
| #if HAVE_STRING_H
| # if !STDC_HEADERS && HAVE_MEMORY_H
| #  include <memory.h>
| # endif
| # include <string.h>
| #endif
| #if HAVE_STRINGS_H
| # include <strings.h>
| #endif
| #if HAVE_INTTYPES_H
| # include <inttypes.h>
| #endif
| #if HAVE_STDINT_H
| # include <stdint.h>
| #endif
| #if HAVE_UNISTD_H
| # include <unistd.h>
| #endif
| #include <dl.h>
configure:21765: result: no
configure:21769: checking dl.h presence
configure:21779: gcc -E  conftest.c
conftest.c:45:16: error: dl.h: No such file or directory
configure:21785: $? = 1
configure: failed program was:
| /* confdefs.h.  */
| #define PACKAGE_NAME "libltdl"
| #define PACKAGE_TARNAME "libltdl"
| #define PACKAGE_VERSION "1.2"
| #define PACKAGE_STRING "libltdl 1.2"
| #define PACKAGE_BUGREPORT "bug-libtool@gnu.org"
| #define STDC_HEADERS 1
| #define HAVE_SYS_TYPES_H 1
| #define HAVE_SYS_STAT_H 1
| #define HAVE_STDLIB_H 1
| #define HAVE_STRING_H 1
| #define HAVE_MEMORY_H 1
| #define HAVE_STRINGS_H 1
| #define HAVE_INTTYPES_H 1
| #define HAVE_STDINT_H 1
| #define HAVE_UNISTD_H 1
| #define HAVE_DLFCN_H 1
| #ifdef __cplusplus
| extern "C" void exit (int) throw ();
| #endif
| #define HAVE_DIRENT_H 1
| #define LTDL_SHLIB_EXT ".so"
| #define LTDL_SHLIBPATH_VAR "LD_LIBRARY_PATH"
| #define LTDL_SYSSEARCHPATH "/lib:/usr/lib:hwcap:1:nosegneg:/usr/lib/mysql:/usr/lib/qt-3.3/lib:/usr/lib/xulrunner"
| #define LTDL_OBJDIR ".libs/"
| #define HAVE_PRELOADED_SYMBOLS 1
| #define HAVE_LIBDL 1
| #define HAVE_DLERROR 1
| #define HAVE_ARGZ_H 1
| #define HAVE_ERROR_T 1
| #define HAVE_ARGZ_APPEND 1
| #define HAVE_ARGZ_CREATE_SEP 1
| #define HAVE_ARGZ_INSERT 1
| #define HAVE_ARGZ_NEXT 1
| #define HAVE_ARGZ_STRINGIFY 1
| #define HAVE_ASSERT_H 1
| #define HAVE_CTYPE_H 1
| #define HAVE_ERRNO_H 1
| #define HAVE_MALLOC_H 1
| #define HAVE_MEMORY_H 1
| #define HAVE_STDLIB_H 1
| #define HAVE_STDIO_H 1
| #define HAVE_UNISTD_H 1
| /* end confdefs.h.  */
| #include <dl.h>
configure:21806: result: no
configure:21841: checking for dl.h
configure:21849: result: no
configure:21723: checking sys/dl.h usability
configure:21735: gcc -c -g -O2  conftest.c >&5
conftest.c:78:20: error: sys/dl.h: No such file or directory
configure:21741: $? = 1
configure: failed program was:
| /* confdefs.h.  */
| #define PACKAGE_NAME "libltdl"
| #define PACKAGE_TARNAME "libltdl"
| #define PACKAGE_VERSION "1.2"
| #define PACKAGE_STRING "libltdl 1.2"
| #define PACKAGE_BUGREPORT "bug-libtool@gnu.org"
| #define STDC_HEADERS 1
| #define HAVE_SYS_TYPES_H 1
| #define HAVE_SYS_STAT_H 1
| #define HAVE_STDLIB_H 1
| #define HAVE_STRING_H 1
| #define HAVE_MEMORY_H 1
| #define HAVE_STRINGS_H 1
| #define HAVE_INTTYPES_H 1
| #define HAVE_STDINT_H 1
| #define HAVE_UNISTD_H 1
| #define HAVE_DLFCN_H 1
| #ifdef __cplusplus
| extern "C" void exit (int) throw ();
| #endif
| #define HAVE_DIRENT_H 1
| #define LTDL_SHLIB_EXT ".so"
| #define LTDL_SHLIBPATH_VAR "LD_LIBRARY_PATH"
| #define LTDL_SYSSEARCHPATH "/lib:/usr/lib:hwcap:1:nosegneg:/usr/lib/mysql:/usr/lib/qt-3.3/lib:/usr/lib/xulrunner"
| #define LTDL_OBJDIR ".libs/"
| #define HAVE_PRELOADED_SYMBOLS 1
| #define HAVE_LIBDL 1
| #define HAVE_DLERROR 1
| #define HAVE_ARGZ_H 1
| #define HAVE_ERROR_T 1
| #define HAVE_ARGZ_APPEND 1
| #define HAVE_ARGZ_CREATE_SEP 1
| #define HAVE_ARGZ_INSERT 1
| #define HAVE_ARGZ_NEXT 1
| #define HAVE_ARGZ_STRINGIFY 1
| #define HAVE_ASSERT_H 1
| #define HAVE_CTYPE_H 1
| #define HAVE_ERRNO_H 1
| #define HAVE_MALLOC_H 1
| #define HAVE_MEMORY_H 1
| #define HAVE_STDLIB_H 1
| #define HAVE_STDIO_H 1
| #define HAVE_UNISTD_H 1
| /* end confdefs.h.  */
| #include <stdio.h>
| #if HAVE_SYS_TYPES_H
| # include <sys/types.h>
| #endif
| #if HAVE_SYS_STAT_H
| # include <sys/stat.h>
| #endif
| #if STDC_HEADERS
| # include <stdlib.h>
| # include <stddef.h>
| #else
| # if HAVE_STDLIB_H
| #  include <stdlib.h>
| # endif
| #endif
| #if HAVE_STRING_H
| # if !STDC_HEADERS && HAVE_MEMORY_H
| #  include <memory.h>
| # endif
| # include <string.h>
| #endif
| #if HAVE_STRINGS_H
| # include <strings.h>
| #endif
| #if HAVE_INTTYPES_H
| # include <inttypes.h>
| #endif
| #if HAVE_STDINT_H
| # include <stdint.h>
| #endif
| #if HAVE_UNISTD_H
| # include <unistd.h>
| #endif
| #include <sys/dl.h>
configure:21765: result: no
configure:21769: checking sys/dl.h presence
configure:21779: gcc -E  conftest.c
conftest.c:45:20: error: sys/dl.h: No such file or directory
configure:21785: $? = 1
configure: failed program was:
| /* confdefs.h.  */
| #define PACKAGE_NAME "libltdl"
| #define PACKAGE_TARNAME "libltdl"
| #define PACKAGE_VERSION "1.2"
| #define PACKAGE_STRING "libltdl 1.2"
| #define PACKAGE_BUGREPORT "bug-libtool@gnu.org"
| #define STDC_HEADERS 1
| #define HAVE_SYS_TYPES_H 1
| #define HAVE_SYS_STAT_H 1
| #define HAVE_STDLIB_H 1
| #define HAVE_STRING_H 1
| #define HAVE_MEMORY_H 1
| #define HAVE_STRINGS_H 1
| #define HAVE_INTTYPES_H 1
| #define HAVE_STDINT_H 1
| #define HAVE_UNISTD_H 1
| #define HAVE_DLFCN_H 1
| #ifdef __cplusplus
| extern "C" void exit (int) throw ();
| #endif
| #define HAVE_DIRENT_H 1
| #define LTDL_SHLIB_EXT ".so"
| #define LTDL_SHLIBPATH_VAR "LD_LIBRARY_PATH"
| #define LTDL_SYSSEARCHPATH "/lib:/usr/lib:hwcap:1:nosegneg:/usr/lib/mysql:/usr/lib/qt-3.3/lib:/usr/lib/xulrunner"
| #define LTDL_OBJDIR ".libs/"
| #define HAVE_PRELOADED_SYMBOLS 1
| #define HAVE_LIBDL 1
| #define HAVE_DLERROR 1
| #define HAVE_ARGZ_H 1
| #define HAVE_ERROR_T 1
| #define HAVE_ARGZ_APPEND 1
| #define HAVE_ARGZ_CREATE_SEP 1
| #define HAVE_ARGZ_INSERT 1
| #define HAVE_ARGZ_NEXT 1
| #define HAVE_ARGZ_STRINGIFY 1
| #define HAVE_ASSERT_H 1
| #define HAVE_CTYPE_H 1
| #define HAVE_ERRNO_H 1
| #define HAVE_MALLOC_H 1
| #define HAVE_MEMORY_H 1
| #define HAVE_STDLIB_H 1
| #define HAVE_STDIO_H 1
| #define HAVE_UNISTD_H 1
| /* end confdefs.h.  */
| #include <sys/dl.h>
configure:21806: result: no
configure:21841: checking for sys/dl.h
configure:21849: result: no
configure:21723: checking dld.h usability
configure:21735: gcc -c -g -O2  conftest.c >&5
conftest.c:78:17: error: dld.h: No such file or directory
configure:21741: $? = 1
configure: failed program was:
| /* confdefs.h.  */
| #define PACKAGE_NAME "libltdl"
| #define PACKAGE_TARNAME "libltdl"
| #define PACKAGE_VERSION "1.2"
| #define PACKAGE_STRING "libltdl 1.2"
| #define PACKAGE_BUGREPORT "bug-libtool@gnu.org"
| #define STDC_HEADERS 1
| #define HAVE_SYS_TYPES_H 1
| #define HAVE_SYS_STAT_H 1
| #define HAVE_STDLIB_H 1
| #define HAVE_STRING_H 1
| #define HAVE_MEMORY_H 1
| #define HAVE_STRINGS_H 1
| #define HAVE_INTTYPES_H 1
| #define HAVE_STDINT_H 1
| #define HAVE_UNISTD_H 1
| #define HAVE_DLFCN_H 1
| #ifdef __cplusplus
| extern "C" void exit (int) throw ();
| #endif
| #define HAVE_DIRENT_H 1
| #define LTDL_SHLIB_EXT ".so"
| #define LTDL_SHLIBPATH_VAR "LD_LIBRARY_PATH"
| #define LTDL_SYSSEARCHPATH "/lib:/usr/lib:hwcap:1:nosegneg:/usr/lib/mysql:/usr/lib/qt-3.3/lib:/usr/lib/xulrunner"
| #define LTDL_OBJDIR ".libs/"
| #define HAVE_PRELOADED_SYMBOLS 1
| #define HAVE_LIBDL 1
| #define HAVE_DLERROR 1
| #define HAVE_ARGZ_H 1
| #define HAVE_ERROR_T 1
| #define HAVE_ARGZ_APPEND 1
| #define HAVE_ARGZ_CREATE_SEP 1
| #define HAVE_ARGZ_INSERT 1
| #define HAVE_ARGZ_NEXT 1
| #define HAVE_ARGZ_STRINGIFY 1
| #define HAVE_ASSERT_H 1
| #define HAVE_CTYPE_H 1
| #define HAVE_ERRNO_H 1
| #define HAVE_MALLOC_H 1
| #define HAVE_MEMORY_H 1
| #define HAVE_STDLIB_H 1
| #define HAVE_STDIO_H 1
| #define HAVE_UNISTD_H 1
| /* end confdefs.h.  */
| #include <stdio.h>
| #if HAVE_SYS_TYPES_H
| # include <sys/types.h>
| #endif
| #if HAVE_SYS_STAT_H
| # include <sys/stat.h>
| #endif
| #if STDC_HEADERS
| # include <stdlib.h>
| # include <stddef.h>
| #else
| # if HAVE_STDLIB_H
| #  include <stdlib.h>
| # endif
| #endif
| #if HAVE_STRING_H
| # if !STDC_HEADERS && HAVE_MEMORY_H
| #  include <memory.h>
| # endif
| # include <string.h>
| #endif
| #if HAVE_STRINGS_H
| # include <strings.h>
| #endif
| #if HAVE_INTTYPES_H
| # include <inttypes.h>
| #endif
| #if HAVE_STDINT_H
| # include <stdint.h>
| #endif
| #if HAVE_UNISTD_H
| # include <unistd.h>
| #endif
| #include <dld.h>
configure:21765: result: no
configure:21769: checking dld.h presence
configure:21779: gcc -E  conftest.c
conftest.c:45:17: error: dld.h: No such file or directory
configure:21785: $? = 1
configure: failed program was:
| /* confdefs.h.  */
| #define PACKAGE_NAME "libltdl"
| #define PACKAGE_TARNAME "libltdl"
| #define PACKAGE_VERSION "1.2"
| #define PACKAGE_STRING "libltdl 1.2"
| #define PACKAGE_BUGREPORT "bug-libtool@gnu.org"
| #define STDC_HEADERS 1
| #define HAVE_SYS_TYPES_H 1
| #define HAVE_SYS_STAT_H 1
| #define HAVE_STDLIB_H 1
| #define HAVE_STRING_H 1
| #define HAVE_MEMORY_H 1
| #define HAVE_STRINGS_H 1
| #define HAVE_INTTYPES_H 1
| #define HAVE_STDINT_H 1
| #define HAVE_UNISTD_H 1
| #define HAVE_DLFCN_H 1
| #ifdef __cplusplus
| extern "C" void exit (int) throw ();
| #endif
| #define HAVE_DIRENT_H 1
| #define LTDL_SHLIB_EXT ".so"
| #define LTDL_SHLIBPATH_VAR "LD_LIBRARY_PATH"
| #define LTDL_SYSSEARCHPATH "/lib:/usr/lib:hwcap:1:nosegneg:/usr/lib/mysql:/usr/lib/qt-3.3/lib:/usr/lib/xulrunner"
| #define LTDL_OBJDIR ".libs/"
| #define HAVE_PRELOADED_SYMBOLS 1
| #define HAVE_LIBDL 1
| #define HAVE_DLERROR 1
| #define HAVE_ARGZ_H 1
| #define HAVE_ERROR_T 1
| #define HAVE_ARGZ_APPEND 1
| #define HAVE_ARGZ_CREATE_SEP 1
| #define HAVE_ARGZ_INSERT 1
| #define HAVE_ARGZ_NEXT 1
| #define HAVE_ARGZ_STRINGIFY 1
| #define HAVE_ASSERT_H 1
| #define HAVE_CTYPE_H 1
| #define HAVE_ERRNO_H 1
| #define HAVE_MALLOC_H 1
| #define HAVE_MEMORY_H 1
| #define HAVE_STDLIB_H 1
| #define HAVE_STDIO_H 1
| #define HAVE_UNISTD_H 1
| /* end confdefs.h.  */
| #include <dld.h>
configure:21806: result: no
configure:21841: checking for dld.h
configure:21849: result: no
configure:21723: checking mach-o/dyld.h usability
configure:21735: gcc -c -g -O2  conftest.c >&5
conftest.c:78:25: error: mach-o/dyld.h: No such file or directory
configure:21741: $? = 1
configure: failed program was:
| /* confdefs.h.  */
| #define PACKAGE_NAME "libltdl"
| #define PACKAGE_TARNAME "libltdl"
| #define PACKAGE_VERSION "1.2"
| #define PACKAGE_STRING "libltdl 1.2"
| #define PACKAGE_BUGREPORT "bug-libtool@gnu.org"
| #define STDC_HEADERS 1
| #define HAVE_SYS_TYPES_H 1
| #define HAVE_SYS_STAT_H 1
| #define HAVE_STDLIB_H 1
| #define HAVE_STRING_H 1
| #define HAVE_MEMORY_H 1
| #define HAVE_STRINGS_H 1
| #define HAVE_INTTYPES_H 1
| #define HAVE_STDINT_H 1
| #define HAVE_UNISTD_H 1
| #define HAVE_DLFCN_H 1
| #ifdef __cplusplus
| extern "C" void exit (int) throw ();
| #endif
| #define HAVE_DIRENT_H 1
| #define LTDL_SHLIB_EXT ".so"
| #define LTDL_SHLIBPATH_VAR "LD_LIBRARY_PATH"
| #define LTDL_SYSSEARCHPATH "/lib:/usr/lib:hwcap:1:nosegneg:/usr/lib/mysql:/usr/lib/qt-3.3/lib:/usr/lib/xulrunner"
| #define LTDL_OBJDIR ".libs/"
| #define HAVE_PRELOADED_SYMBOLS 1
| #define HAVE_LIBDL 1
| #define HAVE_DLERROR 1
| #define HAVE_ARGZ_H 1
| #define HAVE_ERROR_T 1
| #define HAVE_ARGZ_APPEND 1
| #define HAVE_ARGZ_CREATE_SEP 1
| #define HAVE_ARGZ_INSERT 1
| #define HAVE_ARGZ_NEXT 1
| #define HAVE_ARGZ_STRINGIFY 1
| #define HAVE_ASSERT_H 1
| #define HAVE_CTYPE_H 1
| #define HAVE_ERRNO_H 1
| #define HAVE_MALLOC_H 1
| #define HAVE_MEMORY_H 1
| #define HAVE_STDLIB_H 1
| #define HAVE_STDIO_H 1
| #define HAVE_UNISTD_H 1
| /* end confdefs.h.  */
| #include <stdio.h>
| #if HAVE_SYS_TYPES_H
| # include <sys/types.h>
| #endif
| #if HAVE_SYS_STAT_H
| # include <sys/stat.h>
| #endif
| #if STDC_HEADERS
| # include <stdlib.h>
| # include <stddef.h>
| #else
| # if HAVE_STDLIB_H
| #  include <stdlib.h>
| # endif
| #endif
| #if HAVE_STRING_H
| # if !STDC_HEADERS && HAVE_MEMORY_H
| #  include <memory.h>
| # endif
| # include <string.h>
| #endif
| #if HAVE_STRINGS_H
| # include <strings.h>
| #endif
| #if HAVE_INTTYPES_H
| # include <inttypes.h>
| #endif
| #if HAVE_STDINT_H
| # include <stdint.h>
| #endif
| #if HAVE_UNISTD_H
| # include <unistd.h>
| #endif
| #include <mach-o/dyld.h>
configure:21765: result: no
configure:21769: checking mach-o/dyld.h presence
configure:21779: gcc -E  conftest.c
conftest.c:45:25: error: mach-o/dyld.h: No such file or directory
configure:21785: $? = 1
configure: failed program was:
| /* confdefs.h.  */
| #define PACKAGE_NAME "libltdl"
| #define PACKAGE_TARNAME "libltdl"
| #define PACKAGE_VERSION "1.2"
| #define PACKAGE_STRING "libltdl 1.2"
| #define PACKAGE_BUGREPORT "bug-libtool@gnu.org"
| #define STDC_HEADERS 1
| #define HAVE_SYS_TYPES_H 1
| #define HAVE_SYS_STAT_H 1
| #define HAVE_STDLIB_H 1
| #define HAVE_STRING_H 1
| #define HAVE_MEMORY_H 1
| #define HAVE_STRINGS_H 1
| #define HAVE_INTTYPES_H 1
| #define HAVE_STDINT_H 1
| #define HAVE_UNISTD_H 1
| #define HAVE_DLFCN_H 1
| #ifdef __cplusplus
| extern "C" void exit (int) throw ();
| #endif
| #define HAVE_DIRENT_H 1
| #define LTDL_SHLIB_EXT ".so"
| #define LTDL_SHLIBPATH_VAR "LD_LIBRARY_PATH"
| #define LTDL_SYSSEARCHPATH "/lib:/usr/lib:hwcap:1:nosegneg:/usr/lib/mysql:/usr/lib/qt-3.3/lib:/usr/lib/xulrunner"
| #define LTDL_OBJDIR ".libs/"
| #define HAVE_PRELOADED_SYMBOLS 1
| #define HAVE_LIBDL 1
| #define HAVE_DLERROR 1
| #define HAVE_ARGZ_H 1
| #define HAVE_ERROR_T 1
| #define HAVE_ARGZ_APPEND 1
| #define HAVE_ARGZ_CREATE_SEP 1
| #define HAVE_ARGZ_INSERT 1
| #define HAVE_ARGZ_NEXT 1
| #define HAVE_ARGZ_STRINGIFY 1
| #define HAVE_ASSERT_H 1
| #define HAVE_CTYPE_H 1
| #define HAVE_ERRNO_H 1
| #define HAVE_MALLOC_H 1
| #define HAVE_MEMORY_H 1
| #define HAVE_STDLIB_H 1
| #define HAVE_STDIO_H 1
| #define HAVE_UNISTD_H 1
| /* end confdefs.h.  */
| #include <mach-o/dyld.h>
configure:21806: result: no
configure:21841: checking for mach-o/dyld.h
configure:21849: result: no
configure:21868: checking for string.h
configure:21874: result: yes
configure:22023: checking for strchr
configure:22074: gcc -o conftest -g -O2   conftest.c  >&5
conftest.c:69: warning: conflicting types for built-in function 'strchr'
configure:22080: $? = 0
configure:22084: test -z 
			 || test ! -s conftest.err
configure:22087: $? = 0
configure:22090: test -s conftest
configure:22093: $? = 0
configure:22107: result: yes
configure:22122: checking for strrchr
configure:22173: gcc -o conftest -g -O2   conftest.c  >&5
conftest.c:70: warning: conflicting types for built-in function 'strrchr'
configure:22179: $? = 0
configure:22183: test -z 
			 || test ! -s conftest.err
configure:22186: $? = 0
configure:22189: test -s conftest
configure:22192: $? = 0
configure:22206: result: yes
configure:22221: checking for memcpy
configure:22272: gcc -o conftest -g -O2   conftest.c  >&5
conftest.c:71: warning: conflicting types for built-in function 'memcpy'
configure:22278: $? = 0
configure:22282: test -z 
			 || test ! -s conftest.err
configure:22285: $? = 0
configure:22288: test -s conftest
configure:22291: $? = 0
configure:22305: result: yes
configure:22320: checking for memmove
configure:22371: gcc -o conftest -g -O2   conftest.c  >&5
conftest.c:72: warning: conflicting types for built-in function 'memmove'
configure:22377: $? = 0
configure:22381: test -z 
			 || test ! -s conftest.err
configure:22384: $? = 0
configure:22387: test -s conftest
configure:22390: $? = 0
configure:22404: result: yes
configure:22320: checking for strcmp
configure:22371: gcc -o conftest -g -O2   conftest.c  >&5
conftest.c:73: warning: conflicting types for built-in function 'strcmp'
configure:22377: $? = 0
configure:22381: test -z 
			 || test ! -s conftest.err
configure:22384: $? = 0
configure:22387: test -s conftest
configure:22390: $? = 0
configure:22404: result: yes
configure:22420: checking for closedir
configure:22471: gcc -o conftest -g -O2   conftest.c  >&5
configure:22477: $? = 0
configure:22481: test -z 
			 || test ! -s conftest.err
configure:22484: $? = 0
configure:22487: test -s conftest
configure:22490: $? = 0
configure:22504: result: yes
configure:22420: checking for opendir
configure:22471: gcc -o conftest -g -O2   conftest.c  >&5
configure:22477: $? = 0
configure:22481: test -z 
			 || test ! -s conftest.err
configure:22484: $? = 0
configure:22487: test -s conftest
configure:22490: $? = 0
configure:22504: result: yes
configure:22420: checking for readdir
configure:22471: gcc -o conftest -g -O2   conftest.c  >&5
configure:22477: $? = 0
configure:22481: test -z 
			 || test ! -s conftest.err
configure:22484: $? = 0
configure:22487: test -s conftest
configure:22490: $? = 0
configure:22504: result: yes
configure:22638: creating ./config.status

## ---------------------- ##
## Running config.status. ##
## ---------------------- ##

This file was extended by libltdl config.status 1.2, which was
generated by GNU Autoconf 2.59c.  Invocation command line was

  CONFIG_FILES    = 
  CONFIG_HEADERS  = 
  CONFIG_LINKS    = 
  CONFIG_COMMANDS = 
  $ ./config.status 

on localhost.localdomain

config.status:632: creating Makefile
config.status:632: creating config.h
config.status:833: config.h is unchanged
config.status:868: executing depfiles commands

## ---------------- ##
## Cache variables. ##
## ---------------- ##

ac_cv_build=i686-pc-linux-gnu
ac_cv_c_compiler_gnu=yes
ac_cv_c_const=yes
ac_cv_c_inline=inline
ac_cv_cxx_compiler_gnu=yes
ac_cv_env_CCC_set=
ac_cv_env_CCC_value=
ac_cv_env_CC_set=
ac_cv_env_CC_value=
ac_cv_env_CFLAGS_set=
ac_cv_env_CFLAGS_value=
ac_cv_env_CPPFLAGS_set=
ac_cv_env_CPPFLAGS_value=
ac_cv_env_CPP_set=
ac_cv_env_CPP_value=
ac_cv_env_CXXCPP_set=
ac_cv_env_CXXCPP_value=
ac_cv_env_CXXFLAGS_set=
ac_cv_env_CXXFLAGS_value=
ac_cv_env_CXX_set=
ac_cv_env_CXX_value=
ac_cv_env_F77_set=
ac_cv_env_F77_value=
ac_cv_env_FFLAGS_set=
ac_cv_env_FFLAGS_value=
ac_cv_env_LDFLAGS_set=
ac_cv_env_LDFLAGS_value=
ac_cv_env_build_alias_set=
ac_cv_env_build_alias_value=
ac_cv_env_host_alias_set=
ac_cv_env_host_alias_value=
ac_cv_env_target_alias_set=
ac_cv_env_target_alias_value=
ac_cv_exeext=
ac_cv_f77_compiler_gnu=no
ac_cv_func_argz_append=yes
ac_cv_func_argz_create_sep=yes
ac_cv_func_argz_insert=yes
ac_cv_func_argz_next=yes
ac_cv_func_argz_stringify=yes
ac_cv_func_closedir=yes
ac_cv_func_dlerror=yes
ac_cv_func_memcpy=yes
ac_cv_func_memmove=yes
ac_cv_func_opendir=yes
ac_cv_func_readdir=yes
ac_cv_func_shl_load=no
ac_cv_func_strchr=yes
ac_cv_func_strcmp=yes
ac_cv_func_strrchr=yes
ac_cv_header_argz_h=yes
ac_cv_header_assert_h=yes
ac_cv_header_ctype_h=yes
ac_cv_header_dirent_dirent_h=yes
ac_cv_header_dl_h=no
ac_cv_header_dld_h=no
ac_cv_header_dlfcn_h=yes
ac_cv_header_errno_h=yes
ac_cv_header_inttypes_h=yes
ac_cv_header_mach_o_dyld_h=no
ac_cv_header_malloc_h=yes
ac_cv_header_memory_h=yes
ac_cv_header_stdc=yes
ac_cv_header_stdint_h=yes
ac_cv_header_stdio_h=yes
ac_cv_header_stdlib_h=yes
ac_cv_header_string_h=yes
ac_cv_header_strings_h=yes
ac_cv_header_sys_dl_h=no
ac_cv_header_sys_stat_h=yes
ac_cv_header_sys_types_h=yes
ac_cv_header_unistd_h=yes
ac_cv_host=i686-pc-linux-gnu
ac_cv_lib_dl_dlopen=yes
ac_cv_lib_dld_shl_load=no
ac_cv_objext=o
ac_cv_path_EGREP='/bin/grep -E'
ac_cv_path_GREP=/bin/grep
ac_cv_path_install='/usr/bin/install -c'
ac_cv_prog_AWK=gawk
ac_cv_prog_CPP='gcc -E'
ac_cv_prog_CXXCPP='g++ -E'
ac_cv_prog_ac_ct_AR=ar
ac_cv_prog_ac_ct_CC=gcc
ac_cv_prog_ac_ct_CXX=g++
ac_cv_prog_ac_ct_RANLIB=ranlib
ac_cv_prog_ac_ct_STRIP=strip
ac_cv_prog_cc_c89=
ac_cv_prog_cc_g=yes
ac_cv_prog_cxx_g=yes
ac_cv_prog_f77_g=no
ac_cv_prog_make_make_set=yes
ac_cv_search_opendir='none required'
ac_cv_sys_symbol_underscore=no
ac_cv_type_error_t=yes
am_cv_CC_dependencies_compiler_type=none
am_cv_CXX_dependencies_compiler_type=none
libltdl_cv_lib_dl_dlopen=yes
libltdl_cv_objdir=.libs
libltdl_cv_preloaded_symbols=yes
libltdl_cv_shlibext=.so
libltdl_cv_shlibpath_var=LD_LIBRARY_PATH
libltdl_cv_sys_dlopen_deplibs=yes
libltdl_cv_sys_search_path='/lib /usr/lib hwcap 1 nosegneg /usr/lib/mysql /usr/lib/qt-3.3/lib /usr/lib/xulrunner '
lt_cv_deplibs_check_method=pass_all
lt_cv_file_magic_cmd='$MAGIC_CMD'
lt_cv_file_magic_test_file=
lt_cv_ld_reload_flag=-r
lt_cv_objdir=.libs
lt_cv_path_LD=/usr/bin/ld
lt_cv_path_LDCXX=/usr/bin/ld
lt_cv_path_NM='/usr/bin/nm -B'
lt_cv_path_SED=/bin/sed
lt_cv_prog_compiler_c_o=yes
lt_cv_prog_compiler_c_o_CXX=yes
lt_cv_prog_compiler_rtti_exceptions=no
lt_cv_prog_gnu_ld=yes
lt_cv_prog_gnu_ldcxx=yes
lt_cv_sys_global_symbol_pipe='sed -n -e '\''s/^.*[ 	]\([ABCDGIRSTW][ABCDGIRSTW]*\)[ 	][ 	]*\([_A-Za-z][_A-Za-z0-9]*\)$/\1 \2 \2/p'\'''
lt_cv_sys_global_symbol_to_c_name_address='sed -n -e '\''s/^: \([^ ]*\) $/  {\"\1\", (lt_ptr) 0},/p'\'' -e '\''s/^[BCDEGRST] \([^ ]*\) \([^ ]*\)$/  {"\2", (lt_ptr) \&\2},/p'\'''
lt_cv_sys_global_symbol_to_cdecl='sed -n -e '\''s/^. .* \(.*\)$/extern int \1;/p'\'''
lt_cv_sys_max_cmd_len=32768
lt_lt_cv_prog_compiler_c_o='"yes"'
lt_lt_cv_prog_compiler_c_o_CXX='"yes"'
lt_lt_cv_sys_global_symbol_pipe='"sed -n -e '\''s/^.*[ 	]\\([ABCDGIRSTW][ABCDGIRSTW]*\\)[ 	][ 	]*\\([_A-Za-z][_A-Za-z0-9]*\\)\$/\\1 \\2 \\2/p'\''"'
lt_lt_cv_sys_global_symbol_to_c_name_address='"sed -n -e '\''s/^: \\([^ ]*\\) \$/  {\\\"\\1\\\", (lt_ptr) 0},/p'\'' -e '\''s/^[BCDEGRST] \\([^ ]*\\) \\([^ ]*\\)\$/  {\"\\2\", (lt_ptr) \\&\\2},/p'\''"'
lt_lt_cv_sys_global_symbol_to_cdecl='"sed -n -e '\''s/^. .* \\(.*\\)\$/extern int \\1;/p'\''"'

## ----------------- ##
## Output variables. ##
## ----------------- ##

ACLOCAL='${SHELL} /home/wu/workspace/drivers/11th_ts/8th/tslib/libtool-1.5.22/libltdl/missing --run aclocal-1.9a'
AMDEPBACKSLASH='\'
AMDEP_FALSE='#'
AMDEP_TRUE=''
AMTAR='${SHELL} /home/wu/workspace/drivers/11th_ts/8th/tslib/libtool-1.5.22/libltdl/missing --run tar'
AR='ar'
AS='as'
AUTOCONF='${SHELL} /home/wu/workspace/drivers/11th_ts/8th/tslib/libtool-1.5.22/libltdl/missing --run autoconf'
AUTOHEADER='${SHELL} /home/wu/workspace/drivers/11th_ts/8th/tslib/libtool-1.5.22/libltdl/missing --run autoheader'
AUTOMAKE='${SHELL} /home/wu/workspace/drivers/11th_ts/8th/tslib/libtool-1.5.22/libltdl/missing --run automake-1.9a'
AWK='gawk'
CC='gcc'
CCDEPMODE='depmode=none'
CFLAGS='-g -O2'
CONVENIENCE_LTDL_FALSE=''
CONVENIENCE_LTDL_TRUE='#'
CPP='gcc -E'
CPPFLAGS=''
CXX='g++'
CXXCPP='g++ -E'
CXXDEPMODE='depmode=none'
CXXFLAGS='-g -O2'
CYGPATH_W='echo'
DEFS='-DHAVE_CONFIG_H'
DEPDIR='.deps'
DLLTOOL='dlltool'
ECHO='echo'
ECHO_C=''
ECHO_N='-n'
ECHO_T=''
EGREP='/bin/grep -E'
EXEEXT=''
F77=''
FFLAGS=''
GREP='/bin/grep'
INSTALL_DATA='${INSTALL} -m 644'
INSTALL_LTDL_FALSE='#'
INSTALL_LTDL_TRUE=''
INSTALL_PROGRAM='${INSTALL}'
INSTALL_SCRIPT='${INSTALL}'
INSTALL_STRIP_PROGRAM='$(install_sh) -c -s'
LDFLAGS=''
LIBADD_DL='-ldl'
LIBOBJS=''
LIBS=''
LIBTOOL='$(SHELL) $(top_builddir)/libtool'
LIBTOOL_DEPS='./ltmain.sh'
LN_S='ln -s'
LTLIBOBJS=''
MAKEINFO='${SHELL} /home/wu/workspace/drivers/11th_ts/8th/tslib/libtool-1.5.22/libltdl/missing --run makeinfo'
OBJDUMP='objdump'
OBJEXT='o'
PACKAGE='libltdl'
PACKAGE_BUGREPORT='bug-libtool@gnu.org'
PACKAGE_NAME='libltdl'
PACKAGE_STRING='libltdl 1.2'
PACKAGE_TARNAME='libltdl'
PACKAGE_VERSION='1.2'
PATH_SEPARATOR=':'
RANLIB='ranlib'
SET_MAKE=''
SHELL='/bin/sh'
STRIP='strip'
VERSION='1.2'
ac_ct_CC='gcc'
ac_ct_CXX='g++'
ac_ct_F77=''
am__fastdepCC_FALSE=''
am__fastdepCC_TRUE='#'
am__fastdepCXX_FALSE=''
am__fastdepCXX_TRUE='#'
am__include='include'
am__leading_dot='.'
am__quote=''
am__tar='${AMTAR} chof - "$$tardir"'
am__untar='${AMTAR} xf -'
bindir='${exec_prefix}/bin'
build='i686-pc-linux-gnu'
build_alias=''
build_cpu='i686'
build_os='linux-gnu'
build_vendor='pc'
datadir='${datarootdir}'
datarootdir='${prefix}/share'
docdir='${datarootdir}/doc/${PACKAGE_TARNAME}'
dvidir='${docdir}'
exec_prefix='${prefix}'
host='i686-pc-linux-gnu'
host_alias=''
host_cpu='i686'
host_os='linux-gnu'
host_vendor='pc'
htmldir='${docdir}'
includedir='${prefix}/include'
infodir='${datarootdir}/info'
install_sh='$(SHELL) /home/wu/workspace/drivers/11th_ts/8th/tslib/libtool-1.5.22/libltdl/install-sh'
libdir='${exec_prefix}/lib'
libexecdir='${exec_prefix}/libexec'
localedir='${datarootdir}/locale'
localstatedir='${prefix}/var'
mandir='${datarootdir}/man'
mkdir_p='mkdir -p --'
oldincludedir='/usr/include'
pdfdir='${docdir}'
prefix='/usr/local'
program_transform_name='s,x,x,'
psdir='${docdir}'
sbindir='${exec_prefix}/sbin'
sharedstatedir='${prefix}/com'
sysconfdir='${prefix}/etc'
target_alias=''

## ----------- ##
## confdefs.h. ##
## ----------- ##

#define HAVE_ARGZ_APPEND 1
#define HAVE_ARGZ_CREATE_SEP 1
#define HAVE_ARGZ_H 1
#define HAVE_ARGZ_INSERT 1
#define HAVE_ARGZ_NEXT 1
#define HAVE_ARGZ_STRINGIFY 1
#define HAVE_ASSERT_H 1
#define HAVE_CLOSEDIR 1
#define HAVE_CTYPE_H 1
#define HAVE_DIRENT_H 1
#define HAVE_DLERROR 1
#define HAVE_DLFCN_H 1
#define HAVE_ERRNO_H 1
#define HAVE_ERROR_T 1
#define HAVE_INTTYPES_H 1
#define HAVE_LIBDL 1
#define HAVE_MALLOC_H 1
#define HAVE_MEMCPY 1
#define HAVE_MEMMOVE 1
#define HAVE_MEMORY_H 1
#define HAVE_MEMORY_H 1
#define HAVE_OPENDIR 1
#define HAVE_PRELOADED_SYMBOLS 1
#define HAVE_READDIR 1
#define HAVE_STDINT_H 1
#define HAVE_STDIO_H 1
#define HAVE_STDLIB_H 1
#define HAVE_STDLIB_H 1
#define HAVE_STRCHR 1
#define HAVE_STRCMP 1
#define HAVE_STRINGS_H 1
#define HAVE_STRING_H 1
#define HAVE_STRING_H 1
#define HAVE_STRRCHR 1
#define HAVE_SYS_STAT_H 1
#define HAVE_SYS_TYPES_H 1
#define HAVE_UNISTD_H 1
#define HAVE_UNISTD_H 1
#define LTDL_OBJDIR ".libs/"
#define LTDL_SHLIBPATH_VAR "LD_LIBRARY_PATH"
#define LTDL_SHLIB_EXT ".so"
#define LTDL_SYSSEARCHPATH "/lib:/usr/lib:hwcap:1:nosegneg:/usr/lib/mysql:/usr/lib/qt-3.3/lib:/usr/lib/xulrunner"
#define PACKAGE_BUGREPORT "bug-libtool@gnu.org"
#define PACKAGE_NAME "libltdl"
#define PACKAGE_STRING "libltdl 1.2"
#define PACKAGE_TARNAME "libltdl"
#define PACKAGE_VERSION "1.2"
#define STDC_HEADERS 1
#endif
#ifdef __cplusplus
extern "C" void exit (int) throw ();

configure: exit 0
