This file contains any messages produced by compilers while
running configure, to aid debugging if configure makes a mistake.

It was created by tslib configure 0.0.2, which was
generated by GNU Autoconf 2.63.  Invocation command line was

  $ ./configure --host=arm-linux --cache-file=arm-linux.cache --prefix=/home/wu/workspace/drivers/11th_ts/8th/tslib/tslib/tmp

## --------- ##
## Platform. ##
## --------- ##

hostname = localhost.localdomain
uname -m = i686
uname -r = 2.6.32-431.el6.i686
uname -s = Linux
uname -v = #1 SMP Fri Nov 22 00:26:36 UTC 2013

/usr/bin/uname -p = unknown
/bin/uname -X     = unknown

/bin/arch              = i686
/usr/bin/arch -k       = unknown
/usr/convex/getsysinfo = unknown
/usr/bin/hostinfo      = unknown
/bin/machine           = unknown
/usr/bin/oslevel       = unknown
/bin/universe          = unknown

PATH: /usr/lib/qt-3.3/bin
PATH: /usr/local/bin
PATH: /bin
PATH: /usr/bin
PATH: /usr/local/sbin
PATH: /usr/sbin
PATH: /sbin
PATH: /home/wu/bin
PATH: /home/wu/workspace/arm-jyxtec-linux-gnueabi/bin


## ----------- ##
## Core tests. ##
## ----------- ##

configure:2005: loading cache arm-linux.cache
configure:2157: checking for a BSD-compatible install
configure:2225: result: /usr/bin/install -c
configure:2236: checking whether build environment is sane
configure:2296: result: yes
configure:2345: checking for arm-linux-strip
configure:2361: found /home/wu/workspace/arm-jyxtec-linux-gnueabi/bin/arm-linux-strip
configure:2372: result: arm-linux-strip
configure:2437: checking for a thread-safe mkdir -p
configure:2476: result: /bin/mkdir -p
configure:2489: checking for gawk
configure:2505: found /bin/gawk
configure:2516: result: gawk
configure:2527: checking whether make sets $(MAKE)
configure:2549: result: yes
configure:2660: checking for arm-linux-g++
configure:2676: found /home/wu/workspace/arm-jyxtec-linux-gnueabi/bin/arm-linux-g++
configure:2687: result: arm-linux-g++
configure:2758: checking for C++ compiler version
configure:2766: arm-linux-g++ --version >&5
arm-linux-g++ (crosstool-NG 1.13.3) 4.4.6
Copyright (C) 2010 Free Software Foundation, Inc.
This is free software; see the source for copying conditions.  There is NO
warranty; not even for MERCHANTABILITY or FITNESS FOR A PARTICULAR PURPOSE.

configure:2770: $? = 0
configure:2777: arm-linux-g++ -v >&5
Using built-in specs.
Target: arm-jyxtec-linux-gnueabi
Configured with: /home/d02cj/arm/crosstool_build/.build/src/gcc-4.4.6/configure --build=i686-build_pc-linux-gnu --host=i686-build_pc-linux-gnu --target=arm-jyxtec-linux-gnueabi --prefix=/home/d02cj/x-tools/arm-jyxtec-linux-gnueabi --with-sysroot=/home/d02cj/x-tools/arm-jyxtec-linux-gnueabi/arm-jyxtec-linux-gnueabi/sysroot --enable-languages=c,c++ --disable-multilib --with-arch=armv5te --with-cpu=arm926ej-s --with-tune=arm926ej-s --with-float=soft --with-pkgversion='crosstool-NG 1.13.3' --disable-sjlj-exceptions --enable-__cxa_atexit --disable-libmudflap --disable-libgomp --disable-libssp --with-gmp=/home/d02cj/arm/crosstool_build/.build/arm-jyxtec-linux-gnueabi/build/static --with-mpfr=/home/d02cj/arm/crosstool_build/.build/arm-jyxtec-linux-gnueabi/build/static --with-ppl=/home/d02cj/arm/crosstool_build/.build/arm-jyxtec-linux-gnueabi/build/static --with-cloog=/home/d02cj/arm/crosstool_build/.build/arm-jyxtec-linux-gnueabi/build/static --enable-threads=posix --enable-target-optspace --with-local-prefix=/home/d02cj/x-tools/arm-jyxtec-linux-gnueabi/arm-jyxtec-linux-gnueabi/sysroot --disable-nls --enable-c99 --enable-long-long
Thread model: posix
gcc version 4.4.6 (crosstool-NG 1.13.3) 
configure:2781: $? = 0
configure:2788: arm-linux-g++ -V >&5
arm-linux-g++: '-V' option must have argument
configure:2792: $? = 1
configure:2815: checking for C++ compiler default output file name
configure:2837: arm-linux-g++    conftest.cpp  >&5
configure:2841: $? = 0
configure:2879: result: a.out
configure:2898: checking whether the C++ compiler works
configure:2908: ./a.out
./configure: line 2910: ./a.out: cannot execute binary file
configure:2912: $? = 126
configure:2931: result: yes
configure:2938: checking whether we are cross compiling
configure:2940: result: yes
configure:2943: checking for suffix of executables
configure:2950: arm-linux-g++ -o conftest    conftest.cpp  >&5
configure:2954: $? = 0
configure:2980: result: 
configure:2986: checking for suffix of object files
configure:3012: arm-linux-g++ -c   conftest.cpp >&5
configure:3016: $? = 0
configure:3041: result: o
configure:3045: checking whether we are using the GNU C++ compiler
configure:3074: arm-linux-g++ -c   conftest.cpp >&5
configure:3081: $? = 0
configure:3098: result: yes
configure:3107: checking whether arm-linux-g++ accepts -g
configure:3137: arm-linux-g++ -c -g  conftest.cpp >&5
configure:3144: $? = 0
configure:3245: result: yes
configure:3279: checking for style of include used by make
configure:3307: result: GNU
configure:3332: checking dependency style of arm-linux-g++
configure:3442: result: gcc3
configure:3465: checking for arm-linux-gcc
configure:3481: found /home/wu/workspace/arm-jyxtec-linux-gnueabi/bin/arm-linux-gcc
configure:3492: result: arm-linux-gcc
configure:3764: checking for C compiler version
configure:3772: arm-linux-gcc --version >&5
arm-linux-gcc (crosstool-NG 1.13.3) 4.4.6
Copyright (C) 2010 Free Software Foundation, Inc.
This is free software; see the source for copying conditions.  There is NO
warranty; not even for MERCHANTABILITY or FITNESS FOR A PARTICULAR PURPOSE.

configure:3776: $? = 0
configure:3783: arm-linux-gcc -v >&5
Using built-in specs.
Target: arm-jyxtec-linux-gnueabi
Configured with: /home/d02cj/arm/crosstool_build/.build/src/gcc-4.4.6/configure --build=i686-build_pc-linux-gnu --host=i686-build_pc-linux-gnu --target=arm-jyxtec-linux-gnueabi --prefix=/home/d02cj/x-tools/arm-jyxtec-linux-gnueabi --with-sysroot=/home/d02cj/x-tools/arm-jyxtec-linux-gnueabi/arm-jyxtec-linux-gnueabi/sysroot --enable-languages=c,c++ --disable-multilib --with-arch=armv5te --with-cpu=arm926ej-s --with-tune=arm926ej-s --with-float=soft --with-pkgversion='crosstool-NG 1.13.3' --disable-sjlj-exceptions --enable-__cxa_atexit --disable-libmudflap --disable-libgomp --disable-libssp --with-gmp=/home/d02cj/arm/crosstool_build/.build/arm-jyxtec-linux-gnueabi/build/static --with-mpfr=/home/d02cj/arm/crosstool_build/.build/arm-jyxtec-linux-gnueabi/build/static --with-ppl=/home/d02cj/arm/crosstool_build/.build/arm-jyxtec-linux-gnueabi/build/static --with-cloog=/home/d02cj/arm/crosstool_build/.build/arm-jyxtec-linux-gnueabi/build/static --enable-threads=posix --enable-target-optspace --with-local-prefix=/home/d02cj/x-tools/arm-jyxtec-linux-gnueabi/arm-jyxtec-linux-gnueabi/sysroot --disable-nls --enable-c99 --enable-long-long
Thread model: posix
gcc version 4.4.6 (crosstool-NG 1.13.3) 
configure:3787: $? = 0
configure:3794: arm-linux-gcc -V >&5
arm-linux-gcc: '-V' option must have argument
configure:3798: $? = 1
configure:3801: checking whether we are using the GNU C compiler
configure:3830: arm-linux-gcc -c -O2 -Wall -W  conftest.c >&5
configure:3837: $? = 0
configure:3854: result: yes
configure:3863: checking whether arm-linux-gcc accepts -g
configure:3893: arm-linux-gcc -c -g  conftest.c >&5
configure:3900: $? = 0
configure:4001: result: yes
configure:4018: checking for arm-linux-gcc option to accept ISO C89
configure:4092: arm-linux-gcc  -c -O2 -Wall -W  conftest.c >&5
configure:4099: $? = 0
configure:4122: result: none needed
configure:4142: checking dependency style of arm-linux-gcc
configure:4252: result: gcc3
configure:4272: checking how to run the C preprocessor
configure:4312: arm-linux-gcc -E  conftest.c
configure:4319: $? = 0
configure:4350: arm-linux-gcc -E  conftest.c
conftest.c:10:28: error: ac_nonexistent.h: No such file or directory
configure:4357: $? = 1
configure: failed program was:
| /* confdefs.h.  */
| #define PACKAGE_NAME "tslib"
| #define PACKAGE_TARNAME "tslib"
| #define PACKAGE_VERSION "0.0.2"
| #define PACKAGE_STRING "tslib 0.0.2"
| #define PACKAGE_BUGREPORT "kergoth@handhelds.org"
| #define PACKAGE "tslib"
| #define VERSION "0.0.2"
| /* end confdefs.h.  */
| #include <ac_nonexistent.h>
configure:4390: result: arm-linux-gcc -E
configure:4419: arm-linux-gcc -E  conftest.c
configure:4426: $? = 0
configure:4457: arm-linux-gcc -E  conftest.c
conftest.c:10:28: error: ac_nonexistent.h: No such file or directory
configure:4464: $? = 1
configure: failed program was:
| /* confdefs.h.  */
| #define PACKAGE_NAME "tslib"
| #define PACKAGE_TARNAME "tslib"
| #define PACKAGE_VERSION "0.0.2"
| #define PACKAGE_STRING "tslib 0.0.2"
| #define PACKAGE_BUGREPORT "kergoth@handhelds.org"
| #define PACKAGE "tslib"
| #define VERSION "0.0.2"
| /* end confdefs.h.  */
| #include <ac_nonexistent.h>
configure:4507: checking whether the C compiler supports -fvisibility=hidden
configure:4534: arm-linux-gcc -c -fvisibility=hidden -O2 -Wall -W  conftest.c >&5
configure:4541: $? = 0
configure:4557: result: yes
configure:4565: checking whether to use -fvisibility=hidden
configure:4578: result: yes
configure:4601: checking for a BSD-compatible install
configure:4669: result: /usr/bin/install -c
configure:4680: checking whether ln -s works
configure:4684: result: yes
configure:4691: checking whether make sets $(MAKE)
configure:4713: result: yes
configure:4819: checking build system type
configure:4837: result: i686-pc-linux-gnu
configure:4859: checking host system type
configure:4874: result: arm-unknown-linux-gnu
configure:4896: checking for a sed that does not truncate output
configure:4962: result: /bin/sed
configure:4980: checking for grep that handles long lines and -e
configure:5040: result: /bin/grep
configure:5045: checking for egrep
configure:5109: result: /bin/grep -E
configure:5114: checking for fgrep
configure:5178: result: /bin/grep -F
configure:5213: checking for ld used by arm-linux-gcc
configure:5280: result: /home/wu/workspace/arm-jyxtec-linux-gnueabi/arm-jyxtec-linux-gnueabi/bin/ld
configure:5289: checking if the linker (/home/wu/workspace/arm-jyxtec-linux-gnueabi/arm-jyxtec-linux-gnueabi/bin/ld) is GNU ld
configure:5304: result: yes
configure:5316: checking for BSD- or MS-compatible name lister (nm)
configure:5365: result: /home/wu/workspace/arm-jyxtec-linux-gnueabi/bin/arm-linux-nm -B
configure:5483: checking the name lister (/home/wu/workspace/arm-jyxtec-linux-gnueabi/bin/arm-linux-nm -B) interface
configure:5490: arm-linux-gcc -c -DGCC_HASCLASSVISIBILITY -O2 -Wall -W  conftest.c >&5
configure:5493: /home/wu/workspace/arm-jyxtec-linux-gnueabi/bin/arm-linux-nm -B "conftest.o"
configure:5496: output
00000000 B some_variable
configure:5503: result: BSD nm
configure:5507: checking the maximum length of command line arguments
configure:5627: result: 1966080
configure:5644: checking whether the shell understands some XSI constructs
configure:5654: result: yes
configure:5658: checking whether the shell understands "+="
configure:5664: result: yes
configure:5699: checking for /home/wu/workspace/arm-jyxtec-linux-gnueabi/arm-jyxtec-linux-gnueabi/bin/ld option to reload object files
configure:5706: result: -r
configure:5735: checking for arm-linux-objdump
configure:5751: found /home/wu/workspace/arm-jyxtec-linux-gnueabi/bin/arm-linux-objdump
configure:5762: result: arm-linux-objdump
configure:5834: checking how to recognize dependent libraries
configure:6030: result: pass_all
configure:6050: checking for arm-linux-ar
configure:6066: found /home/wu/workspace/arm-jyxtec-linux-gnueabi/bin/arm-linux-ar
configure:6077: result: arm-linux-ar
configure:6155: checking for arm-linux-strip
configure:6182: result: arm-linux-strip
configure:6254: checking for arm-linux-ranlib
configure:6270: found /home/wu/workspace/arm-jyxtec-linux-gnueabi/bin/arm-linux-ranlib
configure:6281: result: arm-linux-ranlib
configure:6411: checking command to parse /home/wu/workspace/arm-jyxtec-linux-gnueabi/bin/arm-linux-nm -B output from arm-linux-gcc object
configure:6529: arm-linux-gcc -c -DGCC_HASCLASSVISIBILITY -O2 -Wall -W  conftest.c >&5
configure:6532: $? = 0
configure:6536: /home/wu/workspace/arm-jyxtec-linux-gnueabi/bin/arm-linux-nm -B conftest.o \| sed -n -e 's/^.*[	 ]\([ABCDGIRSTW][ABCDGIRSTW]*\)[	 ][	 ]*\([_A-Za-z][_A-Za-z0-9]*\)$/\1 \2 \2/p' \> conftest.nm
configure:6539: $? = 0
configure:6593: arm-linux-gcc -o conftest -DGCC_HASCLASSVISIBILITY -O2 -Wall -W   conftest.c conftstm.o >&5
configure:6596: $? = 0
configure:6634: result: ok
configure:7496: checking for ANSI C header files
configure:7526: arm-linux-gcc -c -DGCC_HASCLASSVISIBILITY -O2 -Wall -W  conftest.c >&5
configure:7533: $? = 0
configure:7664: result: yes
configure:7688: checking for sys/types.h
configure:7709: arm-linux-gcc -c -DGCC_HASCLASSVISIBILITY -O2 -Wall -W  conftest.c >&5
configure:7716: $? = 0
configure:7733: result: yes
configure:7688: checking for sys/stat.h
configure:7709: arm-linux-gcc -c -DGCC_HASCLASSVISIBILITY -O2 -Wall -W  conftest.c >&5
configure:7716: $? = 0
configure:7733: result: yes
configure:7688: checking for stdlib.h
configure:7709: arm-linux-gcc -c -DGCC_HASCLASSVISIBILITY -O2 -Wall -W  conftest.c >&5
configure:7716: $? = 0
configure:7733: result: yes
configure:7688: checking for string.h
configure:7709: arm-linux-gcc -c -DGCC_HASCLASSVISIBILITY -O2 -Wall -W  conftest.c >&5
configure:7716: $? = 0
configure:7733: result: yes
configure:7688: checking for memory.h
configure:7709: arm-linux-gcc -c -DGCC_HASCLASSVISIBILITY -O2 -Wall -W  conftest.c >&5
configure:7716: $? = 0
configure:7733: result: yes
configure:7688: checking for strings.h
configure:7709: arm-linux-gcc -c -DGCC_HASCLASSVISIBILITY -O2 -Wall -W  conftest.c >&5
configure:7716: $? = 0
configure:7733: result: yes
configure:7688: checking for inttypes.h
configure:7709: arm-linux-gcc -c -DGCC_HASCLASSVISIBILITY -O2 -Wall -W  conftest.c >&5
configure:7716: $? = 0
configure:7733: result: yes
configure:7688: checking for stdint.h
configure:7709: arm-linux-gcc -c -DGCC_HASCLASSVISIBILITY -O2 -Wall -W  conftest.c >&5
configure:7716: $? = 0
configure:7733: result: yes
configure:7688: checking for unistd.h
configure:7709: arm-linux-gcc -c -DGCC_HASCLASSVISIBILITY -O2 -Wall -W  conftest.c >&5
configure:7716: $? = 0
configure:7733: result: yes
configure:7751: checking for dlfcn.h
configure:7772: arm-linux-gcc -c -DGCC_HASCLASSVISIBILITY -O2 -Wall -W  conftest.c >&5
configure:7779: $? = 0
configure:7796: result: yes
configure:7923: checking for C++ compiler version
configure:7931: arm-linux-g++ --version >&5
arm-linux-g++ (crosstool-NG 1.13.3) 4.4.6
Copyright (C) 2010 Free Software Foundation, Inc.
This is free software; see the source for copying conditions.  There is NO
warranty; not even for MERCHANTABILITY or FITNESS FOR A PARTICULAR PURPOSE.

configure:7935: $? = 0
configure:7942: arm-linux-g++ -v >&5
Using built-in specs.
Target: arm-jyxtec-linux-gnueabi
Configured with: /home/d02cj/arm/crosstool_build/.build/src/gcc-4.4.6/configure --build=i686-build_pc-linux-gnu --host=i686-build_pc-linux-gnu --target=arm-jyxtec-linux-gnueabi --prefix=/home/d02cj/x-tools/arm-jyxtec-linux-gnueabi --with-sysroot=/home/d02cj/x-tools/arm-jyxtec-linux-gnueabi/arm-jyxtec-linux-gnueabi/sysroot --enable-languages=c,c++ --disable-multilib --with-arch=armv5te --with-cpu=arm926ej-s --with-tune=arm926ej-s --with-float=soft --with-pkgversion='crosstool-NG 1.13.3' --disable-sjlj-exceptions --enable-__cxa_atexit --disable-libmudflap --disable-libgomp --disable-libssp --with-gmp=/home/d02cj/arm/crosstool_build/.build/arm-jyxtec-linux-gnueabi/build/static --with-mpfr=/home/d02cj/arm/crosstool_build/.build/arm-jyxtec-linux-gnueabi/build/static --with-ppl=/home/d02cj/arm/crosstool_build/.build/arm-jyxtec-linux-gnueabi/build/static --with-cloog=/home/d02cj/arm/crosstool_build/.build/arm-jyxtec-linux-gnueabi/build/static --enable-threads=posix --enable-target-optspace --with-local-prefix=/home/d02cj/x-tools/arm-jyxtec-linux-gnueabi/arm-jyxtec-linux-gnueabi/sysroot --disable-nls --enable-c99 --enable-long-long
Thread model: posix
gcc version 4.4.6 (crosstool-NG 1.13.3) 
configure:7946: $? = 0
configure:7953: arm-linux-g++ -V >&5
arm-linux-g++: '-V' option must have argument
configure:7957: $? = 1
configure:7960: checking whether we are using the GNU C++ compiler
configure:8013: result: yes
configure:8022: checking whether arm-linux-g++ accepts -g
configure:8160: result: yes
configure:8185: checking dependency style of arm-linux-g++
configure:8295: result: gcc3
configure:8318: checking how to run the C++ preprocessor
configure:8354: arm-linux-g++ -E  conftest.cpp
configure:8361: $? = 0
configure:8392: arm-linux-g++ -E  conftest.cpp
conftest.cpp:21:28: error: ac_nonexistent.h: No such file or directory
configure:8399: $? = 1
configure: failed program was:
| /* confdefs.h.  */
| #define PACKAGE_NAME "tslib"
| #define PACKAGE_TARNAME "tslib"
| #define PACKAGE_VERSION "0.0.2"
| #define PACKAGE_STRING "tslib 0.0.2"
| #define PACKAGE_BUGREPORT "kergoth@handhelds.org"
| #define PACKAGE "tslib"
| #define VERSION "0.0.2"
| #define STDC_HEADERS 1
| #define HAVE_SYS_TYPES_H 1
| #define HAVE_SYS_STAT_H 1
| #define HAVE_STDLIB_H 1
| #define HAVE_STRING_H 1
| #define HAVE_MEMORY_H 1
| #define HAVE_STRINGS_H 1
| #define HAVE_INTTYPES_H 1
| #define HAVE_STDINT_H 1
| #define HAVE_UNISTD_H 1
| #define HAVE_DLFCN_H 1
| /* end confdefs.h.  */
| #include <ac_nonexistent.h>
configure:8432: result: arm-linux-g++ -E
configure:8461: arm-linux-g++ -E  conftest.cpp
configure:8468: $? = 0
configure:8499: arm-linux-g++ -E  conftest.cpp
conftest.cpp:21:28: error: ac_nonexistent.h: No such file or directory
configure:8506: $? = 1
configure: failed program was:
| /* confdefs.h.  */
| #define PACKAGE_NAME "tslib"
| #define PACKAGE_TARNAME "tslib"
| #define PACKAGE_VERSION "0.0.2"
| #define PACKAGE_STRING "tslib 0.0.2"
| #define PACKAGE_BUGREPORT "kergoth@handhelds.org"
| #define PACKAGE "tslib"
| #define VERSION "0.0.2"
| #define STDC_HEADERS 1
| #define HAVE_SYS_TYPES_H 1
| #define HAVE_SYS_STAT_H 1
| #define HAVE_STDLIB_H 1
| #define HAVE_STRING_H 1
| #define HAVE_MEMORY_H 1
| #define HAVE_STRINGS_H 1
| #define HAVE_INTTYPES_H 1
| #define HAVE_STDINT_H 1
| #define HAVE_UNISTD_H 1
| #define HAVE_DLFCN_H 1
| /* end confdefs.h.  */
| #include <ac_nonexistent.h>
configure:8658: checking for objdir
configure:8673: result: .libs
configure:8965: checking if arm-linux-gcc supports -fno-rtti -fno-exceptions
configure:8983: arm-linux-gcc -c -DGCC_HASCLASSVISIBILITY -O2 -Wall -W  -fno-rtti -fno-exceptions conftest.c >&5
cc1: warning: command line option "-fno-rtti" is valid for C++/ObjC++ but not for C
configure:8987: $? = 0
configure:9000: result: no
configure:9020: checking for arm-linux-gcc option to produce PIC
configure:9292: result: -fPIC -DPIC
configure:9304: checking if arm-linux-gcc PIC flag -fPIC -DPIC works
configure:9322: arm-linux-gcc -c -DGCC_HASCLASSVISIBILITY -O2 -Wall -W  -fPIC -DPIC -DPIC conftest.c >&5
configure:9326: $? = 0
configure:9339: result: yes
configure:9363: checking if arm-linux-gcc static flag -static works
configure:9391: result: yes
configure:9406: checking if arm-linux-gcc supports -c -o file.o
configure:9427: arm-linux-gcc -c -DGCC_HASCLASSVISIBILITY -O2 -Wall -W  -o out/conftest2.o conftest.c >&5
configure:9431: $? = 0
configure:9453: result: yes
configure:9461: checking if arm-linux-gcc supports -c -o file.o
configure:9508: result: yes
configure:9541: checking whether the arm-linux-gcc linker (/home/wu/workspace/arm-jyxtec-linux-gnueabi/arm-jyxtec-linux-gnueabi/bin/ld) supports shared libraries
configure:10615: result: yes
configure:10652: checking whether -lc should be explicitly linked in
configure:10657: arm-linux-gcc -c -DGCC_HASCLASSVISIBILITY -O2 -Wall -W  conftest.c >&5
configure:10660: $? = 0
configure:10675: arm-linux-gcc -shared conftest.o  -v -Wl,-soname -Wl,conftest -o conftest 2\>\&1 \| /bin/grep  -lc  \>/dev/null 2\>\&1
configure:10678: $? = 0
configure:10690: result: no
configure:10854: checking dynamic linker characteristics
configure:11297: arm-linux-gcc -o conftest -DGCC_HASCLASSVISIBILITY -O2 -Wall -W   -Wl,-rpath -Wl,/foo conftest.c  >&5
configure:11304: $? = 0
configure:11540: result: GNU/Linux ld.so
configure:11642: checking how to hardcode library paths into programs
configure:11667: result: immediate
configure:11790: checking for shl_load
configure:11846: arm-linux-gcc -o conftest -DGCC_HASCLASSVISIBILITY -O2 -Wall -W   conftest.c  >&5
/tmp/ccjN9oQL.o: In function `main':
conftest.c:(.text+0x4): undefined reference to `shl_load'
collect2: ld returned 1 exit status
configure:11853: $? = 1
configure: failed program was:
| /* confdefs.h.  */
| #define PACKAGE_NAME "tslib"
| #define PACKAGE_TARNAME "tslib"
| #define PACKAGE_VERSION "0.0.2"
| #define PACKAGE_STRING "tslib 0.0.2"
| #define PACKAGE_BUGREPORT "kergoth@handhelds.org"
| #define PACKAGE "tslib"
| #define VERSION "0.0.2"
| #define STDC_HEADERS 1
| #define HAVE_SYS_TYPES_H 1
| #define HAVE_SYS_STAT_H 1
| #define HAVE_STDLIB_H 1
| #define HAVE_STRING_H 1
| #define HAVE_MEMORY_H 1
| #define HAVE_STRINGS_H 1
| #define HAVE_INTTYPES_H 1
| #define HAVE_STDINT_H 1
| #define HAVE_UNISTD_H 1
| #define HAVE_DLFCN_H 1
| #define LT_OBJDIR ".libs/"
| /* end confdefs.h.  */
| /* Define shl_load to an innocuous variant, in case <limits.h> declares shl_load.
|    For example, HP-UX 11i <limits.h> declares gettimeofday.  */
| #define shl_load innocuous_shl_load
| 
| /* System header to define __stub macros and hopefully few prototypes,
|     which can conflict with char shl_load (); below.
|     Prefer <limits.h> to <assert.h> if __STDC__ is defined, since
|     <limits.h> exists even on freestanding compilers.  */
| 
| #ifdef __STDC__
| # include <limits.h>
| #else
| # include <assert.h>
| #endif
| 
| #undef shl_load
| 
| /* Override any GCC internal prototype to avoid an error.
|    Use char because int might match the return type of a GCC
|    builtin and then its argument prototype would still apply.  */
| #ifdef __cplusplus
| extern "C"
| #endif
| char shl_load ();
| /* The GNU C library defines this for functions which it implements
|     to always fail with ENOSYS.  Some functions are actually named
|     something starting with __ and the normal name is an alias.  */
| #if defined __stub_shl_load || defined __stub___shl_load
| choke me
| #endif
| 
| int
| main ()
| {
| return shl_load ();
|   ;
|   return 0;
| }
configure:11873: result: no
configure:11878: checking for shl_load in -ldld
configure:11913: arm-linux-gcc -o conftest -DGCC_HASCLASSVISIBILITY -O2 -Wall -W   conftest.c -ldld   >&5
/home/wu/workspace/arm-jyxtec-linux-gnueabi/bin/../lib/gcc/arm-jyxtec-linux-gnueabi/4.4.6/../../../../arm-jyxtec-linux-gnueabi/bin/ld: cannot find -ldld
collect2: ld returned 1 exit status
configure:11920: $? = 1
configure: failed program was:
| /* confdefs.h.  */
| #define PACKAGE_NAME "tslib"
| #define PACKAGE_TARNAME "tslib"
| #define PACKAGE_VERSION "0.0.2"
| #define PACKAGE_STRING "tslib 0.0.2"
| #define PACKAGE_BUGREPORT "kergoth@handhelds.org"
| #define PACKAGE "tslib"
| #define VERSION "0.0.2"
| #define STDC_HEADERS 1
| #define HAVE_SYS_TYPES_H 1
| #define HAVE_SYS_STAT_H 1
| #define HAVE_STDLIB_H 1
| #define HAVE_STRING_H 1
| #define HAVE_MEMORY_H 1
| #define HAVE_STRINGS_H 1
| #define HAVE_INTTYPES_H 1
| #define HAVE_STDINT_H 1
| #define HAVE_UNISTD_H 1
| #define HAVE_DLFCN_H 1
| #define LT_OBJDIR ".libs/"
| /* end confdefs.h.  */
| 
| /* Override any GCC internal prototype to avoid an error.
|    Use char because int might match the return type of a GCC
|    builtin and then its argument prototype would still apply.  */
| #ifdef __cplusplus
| extern "C"
| #endif
| char shl_load ();
| int
| main ()
| {
| return shl_load ();
|   ;
|   return 0;
| }
configure:11941: result: no
configure:11946: checking for dlopen
configure:12002: arm-linux-gcc -o conftest -DGCC_HASCLASSVISIBILITY -O2 -Wall -W   conftest.c  >&5
/tmp/ccNrC9M5.o: In function `main':
conftest.c:(.text+0x4): undefined reference to `dlopen'
collect2: ld returned 1 exit status
configure:12009: $? = 1
configure: failed program was:
| /* confdefs.h.  */
| #define PACKAGE_NAME "tslib"
| #define PACKAGE_TARNAME "tslib"
| #define PACKAGE_VERSION "0.0.2"
| #define PACKAGE_STRING "tslib 0.0.2"
| #define PACKAGE_BUGREPORT "kergoth@handhelds.org"
| #define PACKAGE "tslib"
| #define VERSION "0.0.2"
| #define STDC_HEADERS 1
| #define HAVE_SYS_TYPES_H 1
| #define HAVE_SYS_STAT_H 1
| #define HAVE_STDLIB_H 1
| #define HAVE_STRING_H 1
| #define HAVE_MEMORY_H 1
| #define HAVE_STRINGS_H 1
| #define HAVE_INTTYPES_H 1
| #define HAVE_STDINT_H 1
| #define HAVE_UNISTD_H 1
| #define HAVE_DLFCN_H 1
| #define LT_OBJDIR ".libs/"
| /* end confdefs.h.  */
| /* Define dlopen to an innocuous variant, in case <limits.h> declares dlopen.
|    For example, HP-UX 11i <limits.h> declares gettimeofday.  */
| #define dlopen innocuous_dlopen
| 
| /* System header to define __stub macros and hopefully few prototypes,
|     which can conflict with char dlopen (); below.
|     Prefer <limits.h> to <assert.h> if __STDC__ is defined, since
|     <limits.h> exists even on freestanding compilers.  */
| 
| #ifdef __STDC__
| # include <limits.h>
| #else
| # include <assert.h>
| #endif
| 
| #undef dlopen
| 
| /* Override any GCC internal prototype to avoid an error.
|    Use char because int might match the return type of a GCC
|    builtin and then its argument prototype would still apply.  */
| #ifdef __cplusplus
| extern "C"
| #endif
| char dlopen ();
| /* The GNU C library defines this for functions which it implements
|     to always fail with ENOSYS.  Some functions are actually named
|     something starting with __ and the normal name is an alias.  */
| #if defined __stub_dlopen || defined __stub___dlopen
| choke me
| #endif
| 
| int
| main ()
| {
| return dlopen ();
|   ;
|   return 0;
| }
configure:12029: result: no
configure:12034: checking for dlopen in -ldl
configure:12069: arm-linux-gcc -o conftest -DGCC_HASCLASSVISIBILITY -O2 -Wall -W   conftest.c -ldl   >&5
configure:12076: $? = 0
configure:12097: result: yes
configure:12274: checking whether a program can dlopen itself
configure:12365: result: cross
configure:12500: checking whether stripping libraries is possible
configure:12505: result: yes
configure:12540: checking if libtool supports shared libraries
configure:12542: result: yes
configure:12545: checking whether to build shared libraries
configure:12566: result: yes
configure:12569: checking whether to build static libraries
configure:12573: result: no
configure:12723: checking for ld used by arm-linux-g++
configure:12790: result: /home/wu/workspace/arm-jyxtec-linux-gnueabi/arm-jyxtec-linux-gnueabi/bin/ld
configure:12799: checking if the linker (/home/wu/workspace/arm-jyxtec-linux-gnueabi/arm-jyxtec-linux-gnueabi/bin/ld) is GNU ld
configure:12814: result: yes
configure:12869: checking whether the arm-linux-g++ linker (/home/wu/workspace/arm-jyxtec-linux-gnueabi/arm-jyxtec-linux-gnueabi/bin/ld) supports shared libraries
configure:13844: result: yes
configure:13872: arm-linux-g++ -c -g -O2  conftest.cpp >&5
configure:13875: $? = 0
configure:14057: checking for arm-linux-g++ option to produce PIC
configure:14374: result: -fPIC -DPIC
configure:14383: checking if arm-linux-g++ PIC flag -fPIC -DPIC works
configure:14401: arm-linux-g++ -c -g -O2  -fPIC -DPIC -DPIC conftest.cpp >&5
configure:14405: $? = 0
configure:14418: result: yes
configure:14439: checking if arm-linux-g++ static flag -static works
configure:14467: result: yes
configure:14479: checking if arm-linux-g++ supports -c -o file.o
configure:14500: arm-linux-g++ -c -g -O2  -o out/conftest2.o conftest.cpp >&5
configure:14504: $? = 0
configure:14526: result: yes
configure:14531: checking if arm-linux-g++ supports -c -o file.o
configure:14578: result: yes
configure:14608: checking whether the arm-linux-g++ linker (/home/wu/workspace/arm-jyxtec-linux-gnueabi/arm-jyxtec-linux-gnueabi/bin/ld) supports shared libraries
configure:14634: result: yes
configure:14771: checking dynamic linker characteristics
configure:15162: arm-linux-g++ -o conftest -g -O2   -Wl,-rpath -Wl,/foo conftest.cpp  >&5
configure:15169: $? = 0
configure:15405: result: GNU/Linux ld.so
configure:15456: checking how to hardcode library paths into programs
configure:15481: result: immediate
configure:15542: checking for dlopen in -ldl
configure:15605: result: yes
configure:15620: checking for working alloca.h
configure:15647: arm-linux-gcc -o conftest -DGCC_HASCLASSVISIBILITY -O2 -Wall -W   conftest.c -ldl  >&5
configure:15654: $? = 0
configure:15674: result: yes
configure:15684: checking for alloca
configure:15731: arm-linux-gcc -o conftest -DGCC_HASCLASSVISIBILITY -O2 -Wall -W   conftest.c -ldl  >&5
configure:15738: $? = 0
configure:15758: result: yes
configure:15995: checking for ANSI C header files
configure:16163: result: yes
configure:16195: checking fcntl.h usability
configure:16212: arm-linux-gcc -c -DGCC_HASCLASSVISIBILITY -O2 -Wall -W  conftest.c >&5
configure:16219: $? = 0
configure:16233: result: yes
configure:16237: checking fcntl.h presence
configure:16252: arm-linux-gcc -E  conftest.c
configure:16259: $? = 0
configure:16273: result: yes
configure:16306: checking for fcntl.h
configure:16315: result: yes
configure:16195: checking limits.h usability
configure:16212: arm-linux-gcc -c -DGCC_HASCLASSVISIBILITY -O2 -Wall -W  conftest.c >&5
configure:16219: $? = 0
configure:16233: result: yes
configure:16237: checking limits.h presence
configure:16252: arm-linux-gcc -E  conftest.c
configure:16259: $? = 0
configure:16273: result: yes
configure:16306: checking for limits.h
configure:16315: result: yes
configure:16184: checking for stdlib.h
configure:16191: result: yes
configure:16184: checking for string.h
configure:16191: result: yes
configure:16195: checking sys/ioctl.h usability
configure:16212: arm-linux-gcc -c -DGCC_HASCLASSVISIBILITY -O2 -Wall -W  conftest.c >&5
configure:16219: $? = 0
configure:16233: result: yes
configure:16237: checking sys/ioctl.h presence
configure:16252: arm-linux-gcc -E  conftest.c
configure:16259: $? = 0
configure:16273: result: yes
configure:16306: checking for sys/ioctl.h
configure:16315: result: yes
configure:16195: checking sys/time.h usability
configure:16212: arm-linux-gcc -c -DGCC_HASCLASSVISIBILITY -O2 -Wall -W  conftest.c >&5
configure:16219: $? = 0
configure:16233: result: yes
configure:16237: checking sys/time.h presence
configure:16252: arm-linux-gcc -E  conftest.c
configure:16259: $? = 0
configure:16273: result: yes
configure:16306: checking for sys/time.h
configure:16315: result: yes
configure:16184: checking for unistd.h
configure:16191: result: yes
configure:16332: checking for an ANSI C-conforming const
configure:16407: arm-linux-gcc -c -DGCC_HASCLASSVISIBILITY -O2 -Wall -W  conftest.c >&5
conftest.c: In function 'main':
conftest.c:62: warning: 't' is used uninitialized in this function
conftest.c:78: warning: 'b' is used uninitialized in this function
conftest.c:41: warning: 'cs[0]' is used uninitialized in this function
configure:16414: $? = 0
configure:16429: result: yes
configure:16439: checking for inline
configure:16465: arm-linux-gcc -c -DGCC_HASCLASSVISIBILITY -O2 -Wall -W  conftest.c >&5
configure:16472: $? = 0
configure:16490: result: inline
configure:16509: checking for size_t
configure:16537: arm-linux-gcc -c -DGCC_HASCLASSVISIBILITY -O2 -Wall -W  conftest.c >&5
configure:16544: $? = 0
configure:16571: arm-linux-gcc -c -DGCC_HASCLASSVISIBILITY -O2 -Wall -W  conftest.c >&5
conftest.c: In function 'main':
conftest.c:69: error: expected expression before ')' token
configure:16578: $? = 1
configure: failed program was:
| /* confdefs.h.  */
| #define PACKAGE_NAME "tslib"
| #define PACKAGE_TARNAME "tslib"
| #define PACKAGE_VERSION "0.0.2"
| #define PACKAGE_STRING "tslib 0.0.2"
| #define PACKAGE_BUGREPORT "kergoth@handhelds.org"
| #define PACKAGE "tslib"
| #define VERSION "0.0.2"
| #define STDC_HEADERS 1
| #define HAVE_SYS_TYPES_H 1
| #define HAVE_SYS_STAT_H 1
| #define HAVE_STDLIB_H 1
| #define HAVE_STRING_H 1
| #define HAVE_MEMORY_H 1
| #define HAVE_STRINGS_H 1
| #define HAVE_INTTYPES_H 1
| #define HAVE_STDINT_H 1
| #define HAVE_UNISTD_H 1
| #define HAVE_DLFCN_H 1
| #define LT_OBJDIR ".libs/"
| #define HAVE_LIBDL 1
| #define HAVE_ALLOCA_H 1
| #define HAVE_ALLOCA 1
| #define STDC_HEADERS 1
| #define HAVE_FCNTL_H 1
| #define HAVE_LIMITS_H 1
| #define HAVE_STDLIB_H 1
| #define HAVE_STRING_H 1
| #define HAVE_SYS_IOCTL_H 1
| #define HAVE_SYS_TIME_H 1
| #define HAVE_UNISTD_H 1
| /* end confdefs.h.  */
| #include <stdio.h>
| #ifdef HAVE_SYS_TYPES_H
| # include <sys/types.h>
| #endif
| #ifdef HAVE_SYS_STAT_H
| # include <sys/stat.h>
| #endif
| #ifdef STDC_HEADERS
| # include <stdlib.h>
| # include <stddef.h>
| #else
| # ifdef HAVE_STDLIB_H
| #  include <stdlib.h>
| # endif
| #endif
| #ifdef HAVE_STRING_H
| # if !defined STDC_HEADERS && defined HAVE_MEMORY_H
| #  include <memory.h>
| # endif
| # include <string.h>
| #endif
| #ifdef HAVE_STRINGS_H
| # include <strings.h>
| #endif
| #ifdef HAVE_INTTYPES_H
| # include <inttypes.h>
| #endif
| #ifdef HAVE_STDINT_H
| # include <stdint.h>
| #endif
| #ifdef HAVE_UNISTD_H
| # include <unistd.h>
| #endif
| int
| main ()
| {
| if (sizeof ((size_t)))
| 	  return 0;
|   ;
|   return 0;
| }
configure:16601: result: yes
configure:16613: checking whether time.h and sys/time.h may both be included
configure:16643: arm-linux-gcc -c -DGCC_HASCLASSVISIBILITY -O2 -Wall -W  conftest.c >&5
configure:16650: $? = 0
configure:16665: result: yes
configure:16678: checking whether arm-linux-gcc needs -traditional
configure:16720: result: no
configure:16732: checking for stdlib.h
configure:16739: result: yes
configure:16878: checking for GNU libc compatible malloc
configure:16943: result: yes
configure:16977: checking for stdlib.h
configure:16984: result: yes
configure:16977: checking for unistd.h
configure:16984: result: yes
configure:17127: checking for getpagesize
configure:17183: arm-linux-gcc -o conftest -DGCC_HASCLASSVISIBILITY -O2 -Wall -W   conftest.c -ldl  >&5
configure:17190: $? = 0
configure:17212: result: yes
configure:17224: checking for working mmap
configure:17402: result: no
configure:17430: checking sys/select.h usability
configure:17447: arm-linux-gcc -c -DGCC_HASCLASSVISIBILITY -O2 -Wall -W  conftest.c >&5
configure:17454: $? = 0
configure:17468: result: yes
configure:17472: checking sys/select.h presence
configure:17487: arm-linux-gcc -E  conftest.c
configure:17494: $? = 0
configure:17508: result: yes
configure:17541: checking for sys/select.h
configure:17550: result: yes
configure:17430: checking sys/socket.h usability
configure:17447: arm-linux-gcc -c -DGCC_HASCLASSVISIBILITY -O2 -Wall -W  conftest.c >&5
configure:17454: $? = 0
configure:17468: result: yes
configure:17472: checking sys/socket.h presence
configure:17487: arm-linux-gcc -E  conftest.c
configure:17494: $? = 0
configure:17508: result: yes
configure:17541: checking for sys/socket.h
configure:17550: result: yes
configure:17565: checking types of arguments for select
configure:17603: arm-linux-gcc -c -DGCC_HASCLASSVISIBILITY -O2 -Wall -W  conftest.c >&5
configure:17610: $? = 0
configure:17631: result: int,fd_set *,struct timeval *
configure:17654: checking return type of signal handlers
configure:17682: arm-linux-gcc -c -DGCC_HASCLASSVISIBILITY -O2 -Wall -W  conftest.c >&5
conftest.c: In function 'main':
conftest.c:50: error: void value not ignored as it ought to be
configure:17689: $? = 1
configure: failed program was:
| /* confdefs.h.  */
| #define PACKAGE_NAME "tslib"
| #define PACKAGE_TARNAME "tslib"
| #define PACKAGE_VERSION "0.0.2"
| #define PACKAGE_STRING "tslib 0.0.2"
| #define PACKAGE_BUGREPORT "kergoth@handhelds.org"
| #define PACKAGE "tslib"
| #define VERSION "0.0.2"
| #define STDC_HEADERS 1
| #define HAVE_SYS_TYPES_H 1
| #define HAVE_SYS_STAT_H 1
| #define HAVE_STDLIB_H 1
| #define HAVE_STRING_H 1
| #define HAVE_MEMORY_H 1
| #define HAVE_STRINGS_H 1
| #define HAVE_INTTYPES_H 1
| #define HAVE_STDINT_H 1
| #define HAVE_UNISTD_H 1
| #define HAVE_DLFCN_H 1
| #define LT_OBJDIR ".libs/"
| #define HAVE_LIBDL 1
| #define HAVE_ALLOCA_H 1
| #define HAVE_ALLOCA 1
| #define STDC_HEADERS 1
| #define HAVE_FCNTL_H 1
| #define HAVE_LIMITS_H 1
| #define HAVE_STDLIB_H 1
| #define HAVE_STRING_H 1
| #define HAVE_SYS_IOCTL_H 1
| #define HAVE_SYS_TIME_H 1
| #define HAVE_UNISTD_H 1
| #define TIME_WITH_SYS_TIME 1
| #define HAVE_STDLIB_H 1
| #define HAVE_MALLOC 1
| #define HAVE_STDLIB_H 1
| #define HAVE_UNISTD_H 1
| #define HAVE_GETPAGESIZE 1
| #define HAVE_SYS_SELECT_H 1
| #define HAVE_SYS_SOCKET_H 1
| #define SELECT_TYPE_ARG1 int
| #define SELECT_TYPE_ARG234 (fd_set *)
| #define SELECT_TYPE_ARG5 (struct timeval *)
| /* end confdefs.h.  */
| #include <sys/types.h>
| #include <signal.h>
| 
| int
| main ()
| {
| return *(signal (0, 0)) (0) == 1;
|   ;
|   return 0;
| }
configure:17704: result: void
configure:17712: checking whether lstat dereferences a symlink specified with a trailing slash
configure:17786: result: no
configure:17805: checking whether stat accepts an empty string
configure:17866: result: yes
configure:17886: checking for vprintf
configure:17942: arm-linux-gcc -o conftest -DGCC_HASCLASSVISIBILITY -O2 -Wall -W   conftest.c -ldl  >&5
conftest.c:69: warning: conflicting types for built-in function 'vprintf'
configure:17949: $? = 0
configure:17971: result: yes
configure:17980: checking for _doprnt
configure:18036: arm-linux-gcc -o conftest -DGCC_HASCLASSVISIBILITY -O2 -Wall -W   conftest.c -ldl  >&5
/tmp/ccp6iqHz.o: In function `main':
conftest.c:(.text+0x4): undefined reference to `_doprnt'
collect2: ld returned 1 exit status
configure:18043: $? = 1
configure: failed program was:
| /* confdefs.h.  */
| #define PACKAGE_NAME "tslib"
| #define PACKAGE_TARNAME "tslib"
| #define PACKAGE_VERSION "0.0.2"
| #define PACKAGE_STRING "tslib 0.0.2"
| #define PACKAGE_BUGREPORT "kergoth@handhelds.org"
| #define PACKAGE "tslib"
| #define VERSION "0.0.2"
| #define STDC_HEADERS 1
| #define HAVE_SYS_TYPES_H 1
| #define HAVE_SYS_STAT_H 1
| #define HAVE_STDLIB_H 1
| #define HAVE_STRING_H 1
| #define HAVE_MEMORY_H 1
| #define HAVE_STRINGS_H 1
| #define HAVE_INTTYPES_H 1
| #define HAVE_STDINT_H 1
| #define HAVE_UNISTD_H 1
| #define HAVE_DLFCN_H 1
| #define LT_OBJDIR ".libs/"
| #define HAVE_LIBDL 1
| #define HAVE_ALLOCA_H 1
| #define HAVE_ALLOCA 1
| #define STDC_HEADERS 1
| #define HAVE_FCNTL_H 1
| #define HAVE_LIMITS_H 1
| #define HAVE_STDLIB_H 1
| #define HAVE_STRING_H 1
| #define HAVE_SYS_IOCTL_H 1
| #define HAVE_SYS_TIME_H 1
| #define HAVE_UNISTD_H 1
| #define TIME_WITH_SYS_TIME 1
| #define HAVE_STDLIB_H 1
| #define HAVE_MALLOC 1
| #define HAVE_STDLIB_H 1
| #define HAVE_UNISTD_H 1
| #define HAVE_GETPAGESIZE 1
| #define HAVE_SYS_SELECT_H 1
| #define HAVE_SYS_SOCKET_H 1
| #define SELECT_TYPE_ARG1 int
| #define SELECT_TYPE_ARG234 (fd_set *)
| #define SELECT_TYPE_ARG5 (struct timeval *)
| #define RETSIGTYPE void
| #define HAVE_STAT_EMPTY_STRING_BUG 1
| #define HAVE_VPRINTF 1
| /* end confdefs.h.  */
| /* Define _doprnt to an innocuous variant, in case <limits.h> declares _doprnt.
|    For example, HP-UX 11i <limits.h> declares gettimeofday.  */
| #define _doprnt innocuous__doprnt
| 
| /* System header to define __stub macros and hopefully few prototypes,
|     which can conflict with char _doprnt (); below.
|     Prefer <limits.h> to <assert.h> if __STDC__ is defined, since
|     <limits.h> exists even on freestanding compilers.  */
| 
| #ifdef __STDC__
| # include <limits.h>
| #else
| # include <assert.h>
| #endif
| 
| #undef _doprnt
| 
| /* Override any GCC internal prototype to avoid an error.
|    Use char because int might match the return type of a GCC
|    builtin and then its argument prototype would still apply.  */
| #ifdef __cplusplus
| extern "C"
| #endif
| char _doprnt ();
| /* The GNU C library defines this for functions which it implements
|     to always fail with ENOSYS.  Some functions are actually named
|     something starting with __ and the normal name is an alias.  */
| #if defined __stub__doprnt || defined __stub____doprnt
| choke me
| #endif
| 
| int
| main ()
| {
| return _doprnt ();
|   ;
|   return 0;
| }
configure:18063: result: no
configure:18090: checking for bzero
configure:18146: arm-linux-gcc -o conftest -DGCC_HASCLASSVISIBILITY -O2 -Wall -W   conftest.c -ldl  >&5
conftest.c:70: warning: conflicting types for built-in function 'bzero'
configure:18153: $? = 0
configure:18175: result: yes
configure:18090: checking for gettimeofday
configure:18146: arm-linux-gcc -o conftest -DGCC_HASCLASSVISIBILITY -O2 -Wall -W   conftest.c -ldl  >&5
configure:18153: $? = 0
configure:18175: result: yes
configure:18090: checking for memmove
configure:18146: arm-linux-gcc -o conftest -DGCC_HASCLASSVISIBILITY -O2 -Wall -W   conftest.c -ldl  >&5
conftest.c:72: warning: conflicting types for built-in function 'memmove'
configure:18153: $? = 0
configure:18175: result: yes
configure:18090: checking for memset
configure:18146: arm-linux-gcc -o conftest -DGCC_HASCLASSVISIBILITY -O2 -Wall -W   conftest.c -ldl  >&5
conftest.c:73: warning: conflicting types for built-in function 'memset'
configure:18153: $? = 0
configure:18175: result: yes
configure:18090: checking for munmap
configure:18146: arm-linux-gcc -o conftest -DGCC_HASCLASSVISIBILITY -O2 -Wall -W   conftest.c -ldl  >&5
configure:18153: $? = 0
configure:18175: result: yes
configure:18090: checking for select
configure:18146: arm-linux-gcc -o conftest -DGCC_HASCLASSVISIBILITY -O2 -Wall -W   conftest.c -ldl  >&5
configure:18153: $? = 0
configure:18175: result: yes
configure:18090: checking for strcasecmp
configure:18146: arm-linux-gcc -o conftest -DGCC_HASCLASSVISIBILITY -O2 -Wall -W   conftest.c -ldl  >&5
conftest.c:76: warning: conflicting types for built-in function 'strcasecmp'
configure:18153: $? = 0
configure:18175: result: yes
configure:18090: checking for strchr
configure:18146: arm-linux-gcc -o conftest -DGCC_HASCLASSVISIBILITY -O2 -Wall -W   conftest.c -ldl  >&5
conftest.c:77: warning: conflicting types for built-in function 'strchr'
configure:18153: $? = 0
configure:18175: result: yes
configure:18090: checking for strdup
configure:18146: arm-linux-gcc -o conftest -DGCC_HASCLASSVISIBILITY -O2 -Wall -W   conftest.c -ldl  >&5
conftest.c:78: warning: conflicting types for built-in function 'strdup'
configure:18153: $? = 0
configure:18175: result: yes
configure:18090: checking for strtoul
configure:18146: arm-linux-gcc -o conftest -DGCC_HASCLASSVISIBILITY -O2 -Wall -W   conftest.c -ldl  >&5
configure:18153: $? = 0
configure:18175: result: yes
configure:18189: checking whether linear modules is requested
configure:18198: result: yes
configure:18209: checking whether dejitter module is requested
configure:18218: result: yes
configure:18229: checking whether linear-h2200 module is requested
configure:18238: result: yes
configure:18249: checking whether variance module is requested
configure:18258: result: yes
configure:18269: checking whether pthres module is requested
configure:18278: result: yes
configure:18291: checking whether ucb1x00 module is requested
configure:18300: result: yes
configure:18311: checking whether corgi module is requested
configure:18320: result: yes
configure:18331: checking whether collie module is requested
configure:18340: result: yes
configure:18352: checking whether h3600 module is requested
configure:18361: result: yes
configure:18372: checking whether mk712 module is requested
configure:18381: result: yes
configure:18392: checking whether arctic2 module is requested
configure:18401: result: yes
configure:18412: checking whether input module is requested
configure:18421: result: yes
configure:18432: checking where to place modules
configure:18442: result: ${libdir}/ts/
configure:18446: checking whether to enable debugging
configure:18455: result: no
configure:18547: updating cache arm-linux.cache
configure:18704: creating ./config.status

## ---------------------- ##
## Running config.status. ##
## ---------------------- ##

This file was extended by tslib config.status 0.0.2, which was
generated by GNU Autoconf 2.63.  Invocation command line was

  CONFIG_FILES    = 
  CONFIG_HEADERS  = 
  CONFIG_LINKS    = 
  CONFIG_COMMANDS = 
  $ ./config.status 

on localhost.localdomain

config.status:1117: creating Makefile
config.status:1117: creating etc/Makefile
config.status:1117: creating plugins/Makefile
config.status:1117: creating src/Makefile
config.status:1117: creating tests/Makefile
config.status:1117: creating tslib-0.0.pc
config.status:1117: creating config.h
config.status:1391: executing depfiles commands
config.status:1391: executing libtool commands

## ---------------- ##
## Cache variables. ##
## ---------------- ##

ac_cv_build=i686-pc-linux-gnu
ac_cv_c_compiler_gnu=yes
ac_cv_c_const=yes
ac_cv_c_inline=inline
ac_cv_cxx_compiler_gnu=yes
ac_cv_env_CCC_set=
ac_cv_env_CCC_value=
ac_cv_env_CC_set=
ac_cv_env_CC_value=
ac_cv_env_CFLAGS_set=
ac_cv_env_CFLAGS_value=
ac_cv_env_CPPFLAGS_set=
ac_cv_env_CPPFLAGS_value=
ac_cv_env_CPP_set=
ac_cv_env_CPP_value=
ac_cv_env_CXXCPP_set=
ac_cv_env_CXXCPP_value=
ac_cv_env_CXXFLAGS_set=
ac_cv_env_CXXFLAGS_value=
ac_cv_env_CXX_set=
ac_cv_env_CXX_value=
ac_cv_env_LDFLAGS_set=
ac_cv_env_LDFLAGS_value=
ac_cv_env_LIBS_set=
ac_cv_env_LIBS_value=
ac_cv_env_build_alias_set=
ac_cv_env_build_alias_value=
ac_cv_env_host_alias_set=set
ac_cv_env_host_alias_value=arm-linux
ac_cv_env_target_alias_set=
ac_cv_env_target_alias_value=
ac_cv_func__doprnt=no
ac_cv_func_alloca_works=yes
ac_cv_func_bzero=yes
ac_cv_func_dlopen=no
ac_cv_func_getpagesize=yes
ac_cv_func_gettimeofday=yes
ac_cv_func_lstat_dereferences_slashed_symlink=no
ac_cv_func_malloc_0_nonnull=yes
ac_cv_func_memmove=yes
ac_cv_func_memset=yes
ac_cv_func_mmap_fixed_mapped=no
ac_cv_func_munmap=yes
ac_cv_func_select=yes
ac_cv_func_select_args='int,fd_set *,struct timeval *'
ac_cv_func_shl_load=no
ac_cv_func_stat_empty_string_bug=yes
ac_cv_func_strcasecmp=yes
ac_cv_func_strchr=yes
ac_cv_func_strdup=yes
ac_cv_func_strtoul=yes
ac_cv_func_vprintf=yes
ac_cv_header_dlfcn_h=yes
ac_cv_header_fcntl_h=yes
ac_cv_header_inttypes_h=yes
ac_cv_header_limits_h=yes
ac_cv_header_memory_h=yes
ac_cv_header_stdc=yes
ac_cv_header_stdint_h=yes
ac_cv_header_stdlib_h=yes
ac_cv_header_string_h=yes
ac_cv_header_strings_h=yes
ac_cv_header_sys_ioctl_h=yes
ac_cv_header_sys_select_h=yes
ac_cv_header_sys_socket_h=yes
ac_cv_header_sys_stat_h=yes
ac_cv_header_sys_time_h=yes
ac_cv_header_sys_types_h=yes
ac_cv_header_time=yes
ac_cv_header_unistd_h=yes
ac_cv_host=arm-unknown-linux-gnu
ac_cv_lib_dl_dlopen=yes
ac_cv_lib_dld_shl_load=no
ac_cv_objext=o
ac_cv_path_EGREP='/bin/grep -E'
ac_cv_path_FGREP='/bin/grep -F'
ac_cv_path_GREP=/bin/grep
ac_cv_path_SED=/bin/sed
ac_cv_path_install='/usr/bin/install -c'
ac_cv_path_mkdir=/bin/mkdir
ac_cv_prog_AR=arm-linux-ar
ac_cv_prog_AWK=gawk
ac_cv_prog_CC=arm-linux-gcc
ac_cv_prog_CPP='arm-linux-gcc -E'
ac_cv_prog_CXX=arm-linux-g++
ac_cv_prog_CXXCPP='arm-linux-g++ -E'
ac_cv_prog_OBJDUMP=arm-linux-objdump
ac_cv_prog_RANLIB=arm-linux-ranlib
ac_cv_prog_STRIP=arm-linux-strip
ac_cv_prog_cc_c89=
ac_cv_prog_cc_g=yes
ac_cv_prog_cxx_g=yes
ac_cv_prog_gcc_traditional=no
ac_cv_prog_make_make_set=yes
ac_cv_type_signal=void
ac_cv_type_size_t=yes
ac_cv_working_alloca_h=yes
am_cv_CC_dependencies_compiler_type=gcc3
am_cv_CXX_dependencies_compiler_type=gcc3
bb_cv_cc_supports_hidden_visibility=yes
lt_cv_deplibs_check_method=pass_all
lt_cv_dlopen=dlopen
lt_cv_dlopen_libs=-ldl
lt_cv_dlopen_self=cross
lt_cv_file_magic_cmd='$MAGIC_CMD'
lt_cv_file_magic_test_file=
lt_cv_ld_reload_flag=-r
lt_cv_nm_interface='BSD nm'
lt_cv_objdir=.libs
lt_cv_path_LD=/home/wu/workspace/arm-jyxtec-linux-gnueabi/arm-jyxtec-linux-gnueabi/bin/ld
lt_cv_path_LDCXX=/home/wu/workspace/arm-jyxtec-linux-gnueabi/arm-jyxtec-linux-gnueabi/bin/ld
lt_cv_path_NM='/home/wu/workspace/arm-jyxtec-linux-gnueabi/bin/arm-linux-nm -B'
lt_cv_prog_compiler_c_o=yes
lt_cv_prog_compiler_c_o_CXX=yes
lt_cv_prog_compiler_pic_works=yes
lt_cv_prog_compiler_pic_works_CXX=yes
lt_cv_prog_compiler_rtti_exceptions=no
lt_cv_prog_compiler_static_works=yes
lt_cv_prog_compiler_static_works_CXX=yes
lt_cv_prog_gnu_ld=yes
lt_cv_prog_gnu_ldcxx=yes
lt_cv_sys_global_symbol_pipe='sed -n -e '\''s/^.*[	 ]\([ABCDGIRSTW][ABCDGIRSTW]*\)[	 ][	 ]*\([_A-Za-z][_A-Za-z0-9]*\)$/\1 \2 \2/p'\'''
lt_cv_sys_global_symbol_to_c_name_address='sed -n -e '\''s/^: \([^ ]*\) $/  {\"\1\", (void *) 0},/p'\'' -e '\''s/^[ABCDGIRSTW]* \([^ ]*\) \([^ ]*\)$/  {"\2", (void *) \&\2},/p'\'''
lt_cv_sys_global_symbol_to_c_name_address_lib_prefix='sed -n -e '\''s/^: \([^ ]*\) $/  {\"\1\", (void *) 0},/p'\'' -e '\''s/^[ABCDGIRSTW]* \([^ ]*\) \(lib[^ ]*\)$/  {"\2", (void *) \&\2},/p'\'' -e '\''s/^[ABCDGIRSTW]* \([^ ]*\) \([^ ]*\)$/  {"lib\2", (void *) \&\2},/p'\'''
lt_cv_sys_global_symbol_to_cdecl='sed -n -e '\''s/^T .* \(.*\)$/extern int \1();/p'\'' -e '\''s/^[ABCDGIRSTW]* .* \(.*\)$/extern char \1;/p'\'''
lt_cv_sys_max_cmd_len=1966080

## ----------------- ##
## Output variables. ##
## ----------------- ##

ACLOCAL='${SHELL} /home/wu/workspace/drivers/11th_ts/8th/tslib/tslib/missing --run aclocal-1.11'
ALLOCA=''
AMDEPBACKSLASH='\'
AMDEP_FALSE='#'
AMDEP_TRUE=''
AMTAR='${SHELL} /home/wu/workspace/drivers/11th_ts/8th/tslib/tslib/missing --run tar'
AR='arm-linux-ar'
AUTOCONF='${SHELL} /home/wu/workspace/drivers/11th_ts/8th/tslib/tslib/missing --run autoconf'
AUTOHEADER='${SHELL} /home/wu/workspace/drivers/11th_ts/8th/tslib/tslib/missing --run autoheader'
AUTOMAKE='${SHELL} /home/wu/workspace/drivers/11th_ts/8th/tslib/tslib/missing --run automake-1.11'
AWK='gawk'
CC='arm-linux-gcc'
CCDEPMODE='depmode=gcc3'
CFLAGS='-DGCC_HASCLASSVISIBILITY -O2 -Wall -W'
CPP='arm-linux-gcc -E'
CPPFLAGS=''
CXX='arm-linux-g++'
CXXCPP='arm-linux-g++ -E'
CXXDEPMODE='depmode=gcc3'
CXXFLAGS='-g -O2'
CYGPATH_W='echo'
DEBUGFLAGS=''
DEFS='-DHAVE_CONFIG_H'
DEPDIR='.deps'
DSYMUTIL=''
DUMPBIN=''
ECHO_C=''
ECHO_N='-n'
ECHO_T=''
EGREP='/bin/grep -E'
ENABLE_ARCTIC2_MODULE_FALSE='#'
ENABLE_ARCTIC2_MODULE_TRUE=''
ENABLE_COLLIE_MODULE_FALSE='#'
ENABLE_COLLIE_MODULE_TRUE=''
ENABLE_CORGI_MODULE_FALSE='#'
ENABLE_CORGI_MODULE_TRUE=''
ENABLE_DEJITTER_MODULE_FALSE='#'
ENABLE_DEJITTER_MODULE_TRUE=''
ENABLE_H2200_LINEAR_MODULE_FALSE='#'
ENABLE_H2200_LINEAR_MODULE_TRUE=''
ENABLE_H3600_MODULE_FALSE='#'
ENABLE_H3600_MODULE_TRUE=''
ENABLE_INPUT_MODULE_FALSE='#'
ENABLE_INPUT_MODULE_TRUE=''
ENABLE_LINEAR_MODULE_FALSE='#'
ENABLE_LINEAR_MODULE_TRUE=''
ENABLE_MK712_MODULE_FALSE='#'
ENABLE_MK712_MODULE_TRUE=''
ENABLE_PTHRES_MODULE_FALSE='#'
ENABLE_PTHRES_MODULE_TRUE=''
ENABLE_UCB1X00_MODULE_FALSE='#'
ENABLE_UCB1X00_MODULE_TRUE=''
ENABLE_VARIANCE_MODULE_FALSE='#'
ENABLE_VARIANCE_MODULE_TRUE=''
EXEEXT=''
FGREP='/bin/grep -F'
GREP='/bin/grep'
INSTALL_DATA='${INSTALL} -m 644'
INSTALL_PROGRAM='${INSTALL}'
INSTALL_SCRIPT='${INSTALL}'
INSTALL_STRIP_PROGRAM='$(install_sh) -c -s'
LD='/home/wu/workspace/arm-jyxtec-linux-gnueabi/arm-jyxtec-linux-gnueabi/bin/ld'
LDFLAGS=''
LIBFLAGS='-DTSLIB_INTERNAL'
LIBOBJS=' ${LIBOBJDIR}lstat$U.o ${LIBOBJDIR}stat$U.o'
LIBS='-ldl '
LIBTOOL='$(SHELL) $(top_builddir)/libtool'
LIPO=''
LN_S='ln -s'
LTLIBOBJS=' ${LIBOBJDIR}lstat$U.lo ${LIBOBJDIR}stat$U.lo'
LT_AGE='1'
LT_CURRENT='1'
LT_RELEASE='0.0'
LT_REVISION='1'
MAKEINFO='${SHELL} /home/wu/workspace/drivers/11th_ts/8th/tslib/tslib/missing --run makeinfo'
MKDIR_P='/bin/mkdir -p'
NM='/home/wu/workspace/arm-jyxtec-linux-gnueabi/bin/arm-linux-nm -B'
NMEDIT=''
OBJDUMP='arm-linux-objdump'
OBJEXT='o'
OTOOL64=''
OTOOL=''
PACKAGE='tslib'
PACKAGE_BUGREPORT='kergoth@handhelds.org'
PACKAGE_DESCRIPTION='Touchscreen Access Library'
PACKAGE_NAME='tslib'
PACKAGE_STRING='tslib 0.0.2'
PACKAGE_TARNAME='tslib'
PACKAGE_VERSION='0.0.2'
PATH_SEPARATOR=':'
PLUGIN_DIR='${libdir}/ts/'
RANLIB='arm-linux-ranlib'
SED='/bin/sed'
SET_MAKE=''
SHELL='/bin/sh'
STRIP='arm-linux-strip'
TS_CONF='${sysconfdir}/ts.conf'
VERSION='0.0.2'
VIS_CFLAGS='-fvisibility=hidden'
ac_ct_CC=''
ac_ct_CXX=''
ac_ct_DUMPBIN=''
am__EXEEXT_FALSE=''
am__EXEEXT_TRUE='#'
am__fastdepCC_FALSE='#'
am__fastdepCC_TRUE=''
am__fastdepCXX_FALSE='#'
am__fastdepCXX_TRUE=''
am__include='include'
am__isrc=''
am__leading_dot='.'
am__quote=''
am__tar='${AMTAR} chof - "$$tardir"'
am__untar='${AMTAR} xf -'
bindir='${exec_prefix}/bin'
build='i686-pc-linux-gnu'
build_alias=''
build_cpu='i686'
build_os='linux-gnu'
build_vendor='pc'
datadir='${datarootdir}'
datarootdir='${prefix}/share'
docdir='${datarootdir}/doc/${PACKAGE_TARNAME}'
dvidir='${docdir}'
exec_prefix='${prefix}'
host='arm-unknown-linux-gnu'
host_alias='arm-linux'
host_cpu='arm'
host_os='linux-gnu'
host_vendor='unknown'
htmldir='${docdir}'
includedir='${prefix}/include'
infodir='${datarootdir}/info'
install_sh='${SHELL} /home/wu/workspace/drivers/11th_ts/8th/tslib/tslib/install-sh'
libdir='${exec_prefix}/lib'
libexecdir='${exec_prefix}/libexec'
localedir='${datarootdir}/locale'
localstatedir='${prefix}/var'
lt_ECHO='echo'
mandir='${datarootdir}/man'
mkdir_p='/bin/mkdir -p'
oldincludedir='/usr/include'
pdfdir='${docdir}'
prefix='/home/wu/workspace/drivers/11th_ts/8th/tslib/tslib/tmp'
program_transform_name='s,x,x,'
psdir='${docdir}'
sbindir='${exec_prefix}/sbin'
sharedstatedir='${prefix}/com'
sysconfdir='${prefix}/etc'
target_alias=''

## ----------- ##
## confdefs.h. ##
## ----------- ##

#define PACKAGE_NAME "tslib"
#define PACKAGE_TARNAME "tslib"
#define PACKAGE_VERSION "0.0.2"
#define PACKAGE_STRING "tslib 0.0.2"
#define PACKAGE_BUGREPORT "kergoth@handhelds.org"
#define PACKAGE "tslib"
#define VERSION "0.0.2"
#define STDC_HEADERS 1
#define HAVE_SYS_TYPES_H 1
#define HAVE_SYS_STAT_H 1
#define HAVE_STDLIB_H 1
#define HAVE_STRING_H 1
#define HAVE_MEMORY_H 1
#define HAVE_STRINGS_H 1
#define HAVE_INTTYPES_H 1
#define HAVE_STDINT_H 1
#define HAVE_UNISTD_H 1
#define HAVE_DLFCN_H 1
#define LT_OBJDIR ".libs/"
#define HAVE_LIBDL 1
#define HAVE_ALLOCA_H 1
#define HAVE_ALLOCA 1
#define STDC_HEADERS 1
#define HAVE_FCNTL_H 1
#define HAVE_LIMITS_H 1
#define HAVE_STDLIB_H 1
#define HAVE_STRING_H 1
#define HAVE_SYS_IOCTL_H 1
#define HAVE_SYS_TIME_H 1
#define HAVE_UNISTD_H 1
#define TIME_WITH_SYS_TIME 1
#define HAVE_STDLIB_H 1
#define HAVE_MALLOC 1
#define HAVE_STDLIB_H 1
#define HAVE_UNISTD_H 1
#define HAVE_GETPAGESIZE 1
#define HAVE_SYS_SELECT_H 1
#define HAVE_SYS_SOCKET_H 1
#define SELECT_TYPE_ARG1 int
#define SELECT_TYPE_ARG234 (fd_set *)
#define SELECT_TYPE_ARG5 (struct timeval *)
#define RETSIGTYPE void
#define HAVE_STAT_EMPTY_STRING_BUG 1
#define HAVE_VPRINTF 1
#define HAVE_BZERO 1
#define HAVE_GETTIMEOFDAY 1
#define HAVE_MEMMOVE 1
#define HAVE_MEMSET 1
#define HAVE_MUNMAP 1
#define HAVE_SELECT 1
#define HAVE_STRCASECMP 1
#define HAVE_STRCHR 1
#define HAVE_STRDUP 1
#define HAVE_STRTOUL 1

configure: exit 0
