This file contains any messages produced by compilers while
running configure, to aid debugging if configure makes a mistake.

It was created by libtool configure 1.5.22, which was
generated by GNU Autoconf 2.59c.  Invocation command line was

  $ ./configure 

## --------- ##
## Platform. ##
## --------- ##

hostname = localhost.localdomain
uname -m = i686
uname -r = 2.6.32-431.el6.i686
uname -s = Linux
uname -v = #1 SMP Fri Nov 22 00:26:36 UTC 2013

/usr/bin/uname -p = unknown
/bin/uname -X     = unknown

/bin/arch              = i686
/usr/bin/arch -k       = unknown
/usr/convex/getsysinfo = unknown
/usr/bin/hostinfo      = unknown
/bin/machine           = unknown
/usr/bin/oslevel       = unknown
/bin/universe          = unknown

PATH: /sbin
PATH: /bin
PATH: /usr/sbin
PATH: /usr/bin


## ----------- ##
## Core tests. ##
## ----------- ##

configure:1961: checking for a BSD-compatible install
configure:2016: result: /usr/bin/install -c
configure:2027: checking whether build environment is sane
configure:2070: result: yes
configure:2139: checking for gawk
configure:2155: found /bin/gawk
configure:2165: result: gawk
configure:2176: checking whether make sets $(MAKE)
configure:2197: result: yes
configure:2468: checking for gcc
configure:2484: found /usr/bin/gcc
configure:2494: result: gcc
configure:2724: checking for C compiler version
configure:2726: gcc --version >&5
gcc (GCC) 4.4.7 20120313 (Red Hat 4.4.7-11)
Copyright (C) 2010 Free Software Foundation, Inc.
This is free software; see the source for copying conditions.  There is NO
warranty; not even for MERCHANTABILITY or FITNESS FOR A PARTICULAR PURPOSE.

configure:2729: $? = 0
configure:2731: gcc -v >&5
Using built-in specs.
Target: i686-redhat-linux
Configured with: ../configure --prefix=/usr --mandir=/usr/share/man --infodir=/usr/share/info --with-bugurl=http://bugzilla.redhat.com/bugzilla --enable-bootstrap --enable-shared --enable-threads=posix --enable-checking=release --with-system-zlib --enable-__cxa_atexit --disable-libunwind-exceptions --enable-gnu-unique-object --enable-languages=c,c++,objc,obj-c++,java,fortran,ada --enable-java-awt=gtk --disable-dssi --with-java-home=/usr/lib/jvm/java-1.5.0-gcj-1.5.0.0/jre --enable-libgcj-multifile --enable-java-maintainer-mode --with-ecj-jar=/usr/share/java/eclipse-ecj.jar --disable-libjava-multilib --with-ppl --with-cloog --with-tune=generic --with-arch=i686 --build=i686-redhat-linux
Thread model: posix
gcc version 4.4.7 20120313 (Red Hat 4.4.7-11) (GCC) 
configure:2734: $? = 0
configure:2736: gcc -V >&5
gcc: '-V' option must have argument
configure:2739: $? = 1
configure:2762: checking for C compiler default output file name
configure:2784: gcc    conftest.c  >&5
configure:2787: $? = 0
configure:2825: result: a.out
configure:2830: checking whether the C compiler works
configure:2836: ./a.out
configure:2839: $? = 0
configure:2856: result: yes
configure:2863: checking whether we are cross compiling
configure:2865: result: no
configure:2868: checking for suffix of executables
configure:2870: gcc -o conftest    conftest.c  >&5
configure:2873: $? = 0
configure:2898: result: 
configure:2904: checking for suffix of object files
configure:2925: gcc -c   conftest.c >&5
configure:2928: $? = 0
configure:2951: result: o
configure:2955: checking whether we are using the GNU C compiler
configure:2979: gcc -c   conftest.c >&5
configure:2985: $? = 0
configure:2989: test -z 
			 || test ! -s conftest.err
configure:2992: $? = 0
configure:2995: test -s conftest.o
configure:2998: $? = 0
configure:3012: result: yes
configure:3017: checking whether gcc accepts -g
configure:3042: gcc -c -g  conftest.c >&5
configure:3048: $? = 0
configure:3052: test -z yes
			 || test ! -s conftest.err
configure:3055: $? = 0
configure:3058: test -s conftest.o
configure:3061: $? = 0
configure:3167: result: yes
configure:3184: checking for gcc option to accept ISO C89
configure:3248: gcc  -c -g -O2  conftest.c >&5
configure:3254: $? = 0
configure:3258: test -z 
			 || test ! -s conftest.err
configure:3261: $? = 0
configure:3264: test -s conftest.o
configure:3267: $? = 0
configure:3287: result: none needed
configure:3309: gcc -c -g -O2  conftest.c >&5
conftest.c:2: error: expected '=', ',', ';', 'asm' or '__attribute__' before 'me'
configure:3315: $? = 1
configure: failed program was:
| #ifndef __cplusplus
|   choke me
| #endif
configure:3464: checking for style of include used by make
configure:3492: result: GNU
configure:3520: checking dependency style of gcc
configure:3610: result: none
configure:3628: checking for a sed that does not truncate output
configure:3682: result: /bin/sed
configure:3691: checking build system type
configure:3709: result: i686-pc-linux-gnu
configure:3728: checking host system type
configure:3743: result: i686-pc-linux-gnu
configure:3762: checking for grep that handles long lines and -e
configure:3836: result: /bin/grep
configure:3841: checking for egrep
configure:3919: result: /bin/grep -E
configure:3935: checking for ld used by gcc
configure:4002: result: /usr/bin/ld
configure:4011: checking if the linker (/usr/bin/ld) is GNU ld
configure:4026: result: yes
configure:4032: checking for BSD-compatible nm
configure:4081: result: /usr/bin/nm -B
configure:4086: checking whether ln -s works
configure:4090: result: yes
configure:4156: checking for g++
configure:4172: found /usr/bin/g++
configure:4182: result: g++
configure:4211: checking for C++ compiler version
configure:4213: g++ --version >&5
g++ (GCC) 4.4.7 20120313 (Red Hat 4.4.7-11)
Copyright (C) 2010 Free Software Foundation, Inc.
This is free software; see the source for copying conditions.  There is NO
warranty; not even for MERCHANTABILITY or FITNESS FOR A PARTICULAR PURPOSE.

configure:4216: $? = 0
configure:4218: g++ -v >&5
Using built-in specs.
Target: i686-redhat-linux
Configured with: ../configure --prefix=/usr --mandir=/usr/share/man --infodir=/usr/share/info --with-bugurl=http://bugzilla.redhat.com/bugzilla --enable-bootstrap --enable-shared --enable-threads=posix --enable-checking=release --with-system-zlib --enable-__cxa_atexit --disable-libunwind-exceptions --enable-gnu-unique-object --enable-languages=c,c++,objc,obj-c++,java,fortran,ada --enable-java-awt=gtk --disable-dssi --with-java-home=/usr/lib/jvm/java-1.5.0-gcj-1.5.0.0/jre --enable-libgcj-multifile --enable-java-maintainer-mode --with-ecj-jar=/usr/share/java/eclipse-ecj.jar --disable-libjava-multilib --with-ppl --with-cloog --with-tune=generic --with-arch=i686 --build=i686-redhat-linux
Thread model: posix
gcc version 4.4.7 20120313 (Red Hat 4.4.7-11) (GCC) 
configure:4221: $? = 0
configure:4223: g++ -V >&5
g++: '-V' option must have argument
configure:4226: $? = 1
configure:4229: checking whether we are using the GNU C++ compiler
configure:4253: g++ -c   conftest.cpp >&5
configure:4259: $? = 0
configure:4263: test -z 
			 || test ! -s conftest.err
configure:4266: $? = 0
configure:4269: test -s conftest.o
configure:4272: $? = 0
configure:4286: result: yes
configure:4291: checking whether g++ accepts -g
configure:4316: g++ -c -g  conftest.cpp >&5
configure:4322: $? = 0
configure:4326: test -z yes
			 || test ! -s conftest.err
configure:4329: $? = 0
configure:4332: test -s conftest.o
configure:4335: $? = 0
configure:4441: result: yes
configure:4483: g++ -c -g -O2  conftest.cpp >&5
configure:4489: $? = 0
configure:4493: test -z 
			 || test ! -s conftest.err
configure:4496: $? = 0
configure:4499: test -s conftest.o
configure:4502: $? = 0
configure:4529: g++ -c -g -O2  conftest.cpp >&5
conftest.cpp: In function 'int main()':
conftest.cpp:14: error: 'exit' was not declared in this scope
configure:4535: $? = 1
configure: failed program was:
| /* confdefs.h.  */
| #define PACKAGE_NAME "libtool"
| #define PACKAGE_TARNAME "libtool"
| #define PACKAGE_VERSION "1.5.22"
| #define PACKAGE_STRING "libtool 1.5.22"
| #define PACKAGE_BUGREPORT "bug-libtool@gnu.org"
| #define PACKAGE "libtool"
| #define VERSION "1.5.22"
| /* end confdefs.h.  */
| 
| int
| main ()
| {
| exit (42);
|   ;
|   return 0;
| }
configure:4483: g++ -c -g -O2  conftest.cpp >&5
conftest.cpp:10: error: 'void std::exit(int)' should have been declared inside 'std'
configure:4489: $? = 1
configure: failed program was:
| /* confdefs.h.  */
| #define PACKAGE_NAME "libtool"
| #define PACKAGE_TARNAME "libtool"
| #define PACKAGE_VERSION "1.5.22"
| #define PACKAGE_STRING "libtool 1.5.22"
| #define PACKAGE_BUGREPORT "bug-libtool@gnu.org"
| #define PACKAGE "libtool"
| #define VERSION "1.5.22"
| /* end confdefs.h.  */
| extern "C" void std::exit (int) throw (); using std::exit;
| #include <stdlib.h>
| int
| main ()
| {
| exit (42);
|   ;
|   return 0;
| }
configure:4483: g++ -c -g -O2  conftest.cpp >&5
conftest.cpp:10: error: 'void std::exit(int)' should have been declared inside 'std'
In file included from conftest.cpp:11:
/usr/include/stdlib.h:544: error: declaration of 'void std::exit(int) throw ()' throws different exceptions
conftest.cpp:10: error: from previous declaration 'void std::exit(int)'
configure:4489: $? = 1
configure: failed program was:
| /* confdefs.h.  */
| #define PACKAGE_NAME "libtool"
| #define PACKAGE_TARNAME "libtool"
| #define PACKAGE_VERSION "1.5.22"
| #define PACKAGE_STRING "libtool 1.5.22"
| #define PACKAGE_BUGREPORT "bug-libtool@gnu.org"
| #define PACKAGE "libtool"
| #define VERSION "1.5.22"
| /* end confdefs.h.  */
| extern "C" void std::exit (int); using std::exit;
| #include <stdlib.h>
| int
| main ()
| {
| exit (42);
|   ;
|   return 0;
| }
configure:4483: g++ -c -g -O2  conftest.cpp >&5
configure:4489: $? = 0
configure:4493: test -z 
			 || test ! -s conftest.err
configure:4496: $? = 0
configure:4499: test -s conftest.o
configure:4502: $? = 0
configure:4529: g++ -c -g -O2  conftest.cpp >&5
configure:4535: $? = 0
configure:4539: test -z 
			 || test ! -s conftest.err
configure:4542: $? = 0
configure:4545: test -s conftest.o
configure:4548: $? = 0
configure:4575: checking dependency style of g++
configure:4665: result: none
configure:4749: checking for g77
configure:4778: result: no
configure:4749: checking for f77
configure:4778: result: no
configure:4749: checking for xlf
configure:4778: result: no
configure:4749: checking for frt
configure:4778: result: no
configure:4749: checking for pgf77
configure:4778: result: no
configure:4749: checking for cf77
configure:4778: result: no
configure:4749: checking for fort77
configure:4778: result: no
configure:4749: checking for fl32
configure:4778: result: no
configure:4749: checking for af77
configure:4778: result: no
configure:4749: checking for f90
configure:4778: result: no
configure:4749: checking for xlf90
configure:4778: result: no
configure:4749: checking for pgf90
configure:4778: result: no
configure:4749: checking for pghpf
configure:4778: result: no
configure:4749: checking for epcf90
configure:4778: result: no
configure:4749: checking for gfortran
configure:4778: result: no
configure:4749: checking for g95
configure:4778: result: no
configure:4749: checking for f95
configure:4778: result: no
configure:4749: checking for fort
configure:4778: result: no
configure:4749: checking for xlf95
configure:4778: result: no
configure:4749: checking for ifort
configure:4778: result: no
configure:4749: checking for ifc
configure:4778: result: no
configure:4749: checking for efc
configure:4778: result: no
configure:4749: checking for pgf95
configure:4778: result: no
configure:4749: checking for lf95
configure:4778: result: no
configure:4749: checking for ftn
configure:4778: result: no
configure:4803: checking for Fortran 77 compiler version
configure:4805:  --version >&5
./configure: line 4806: --version: command not found
configure:4808: $? = 127
configure:4810:  -v >&5
./configure: line 4811: -v: command not found
configure:4813: $? = 127
configure:4815:  -V >&5
./configure: line 4816: -V: command not found
configure:4818: $? = 127
configure:4826: checking whether we are using the GNU Fortran 77 compiler
configure:4840:  -c  conftest.F >&5
./configure: line 4841: -c: command not found
configure:4846: $? = 127
configure: failed program was:
|       program main
| #ifndef __GNUC__
|        choke me
| #endif
| 
|       end
configure:4873: result: no
configure:4879: checking whether  accepts -g
configure:4891:  -c -g conftest.f >&5
./configure: line 4892: -c: command not found
configure:4897: $? = 127
configure: failed program was:
|       program main
| 
|       end
configure:4923: result: no
configure:5005: checking for gcj
configure:5034: result: no
configure:5111: checking for windres
configure:5140: result: no
configure:5254: checking for /usr/bin/ld option to reload object files
configure:5261: result: -r
configure:5279: checking how to recognise dependent libraries
configure:5455: result: pass_all
configure:5970: checking how to run the C preprocessor
configure:6005: gcc -E  conftest.c
configure:6011: $? = 0
configure:6044: gcc -E  conftest.c
conftest.c:13:28: error: ac_nonexistent.h: No such file or directory
configure:6050: $? = 1
configure: failed program was:
| /* confdefs.h.  */
| #define PACKAGE_NAME "libtool"
| #define PACKAGE_TARNAME "libtool"
| #define PACKAGE_VERSION "1.5.22"
| #define PACKAGE_STRING "libtool 1.5.22"
| #define PACKAGE_BUGREPORT "bug-libtool@gnu.org"
| #define PACKAGE "libtool"
| #define VERSION "1.5.22"
| #ifdef __cplusplus
| extern "C" void exit (int) throw ();
| #endif
| /* end confdefs.h.  */
| #include <ac_nonexistent.h>
configure:6090: result: gcc -E
configure:6114: gcc -E  conftest.c
configure:6120: $? = 0
configure:6153: gcc -E  conftest.c
conftest.c:13:28: error: ac_nonexistent.h: No such file or directory
configure:6159: $? = 1
configure: failed program was:
| /* confdefs.h.  */
| #define PACKAGE_NAME "libtool"
| #define PACKAGE_TARNAME "libtool"
| #define PACKAGE_VERSION "1.5.22"
| #define PACKAGE_STRING "libtool 1.5.22"
| #define PACKAGE_BUGREPORT "bug-libtool@gnu.org"
| #define PACKAGE "libtool"
| #define VERSION "1.5.22"
| #ifdef __cplusplus
| extern "C" void exit (int) throw ();
| #endif
| /* end confdefs.h.  */
| #include <ac_nonexistent.h>
configure:6204: checking for ANSI C header files
configure:6229: gcc -c -g -O2  conftest.c >&5
configure:6235: $? = 0
configure:6239: test -z 
			 || test ! -s conftest.err
configure:6242: $? = 0
configure:6245: test -s conftest.o
configure:6248: $? = 0
configure:6339: gcc -o conftest -g -O2   conftest.c  >&5
configure:6342: $? = 0
configure:6344: ./conftest
configure:6347: $? = 0
configure:6364: result: yes
configure:6388: checking for sys/types.h
configure:6404: gcc -c -g -O2  conftest.c >&5
configure:6410: $? = 0
configure:6414: test -z 
			 || test ! -s conftest.err
configure:6417: $? = 0
configure:6420: test -s conftest.o
configure:6423: $? = 0
configure:6436: result: yes
configure:6388: checking for sys/stat.h
configure:6404: gcc -c -g -O2  conftest.c >&5
configure:6410: $? = 0
configure:6414: test -z 
			 || test ! -s conftest.err
configure:6417: $? = 0
configure:6420: test -s conftest.o
configure:6423: $? = 0
configure:6436: result: yes
configure:6388: checking for stdlib.h
configure:6404: gcc -c -g -O2  conftest.c >&5
configure:6410: $? = 0
configure:6414: test -z 
			 || test ! -s conftest.err
configure:6417: $? = 0
configure:6420: test -s conftest.o
configure:6423: $? = 0
configure:6436: result: yes
configure:6388: checking for string.h
configure:6404: gcc -c -g -O2  conftest.c >&5
configure:6410: $? = 0
configure:6414: test -z 
			 || test ! -s conftest.err
configure:6417: $? = 0
configure:6420: test -s conftest.o
configure:6423: $? = 0
configure:6436: result: yes
configure:6388: checking for memory.h
configure:6404: gcc -c -g -O2  conftest.c >&5
configure:6410: $? = 0
configure:6414: test -z 
			 || test ! -s conftest.err
configure:6417: $? = 0
configure:6420: test -s conftest.o
configure:6423: $? = 0
configure:6436: result: yes
configure:6388: checking for strings.h
configure:6404: gcc -c -g -O2  conftest.c >&5
configure:6410: $? = 0
configure:6414: test -z 
			 || test ! -s conftest.err
configure:6417: $? = 0
configure:6420: test -s conftest.o
configure:6423: $? = 0
configure:6436: result: yes
configure:6388: checking for inttypes.h
configure:6404: gcc -c -g -O2  conftest.c >&5
configure:6410: $? = 0
configure:6414: test -z 
			 || test ! -s conftest.err
configure:6417: $? = 0
configure:6420: test -s conftest.o
configure:6423: $? = 0
configure:6436: result: yes
configure:6388: checking for stdint.h
configure:6404: gcc -c -g -O2  conftest.c >&5
configure:6410: $? = 0
configure:6414: test -z 
			 || test ! -s conftest.err
configure:6417: $? = 0
configure:6420: test -s conftest.o
configure:6423: $? = 0
configure:6436: result: yes
configure:6388: checking for unistd.h
configure:6404: gcc -c -g -O2  conftest.c >&5
configure:6410: $? = 0
configure:6414: test -z 
			 || test ! -s conftest.err
configure:6417: $? = 0
configure:6420: test -s conftest.o
configure:6423: $? = 0
configure:6436: result: yes
configure:6463: checking dlfcn.h usability
configure:6475: gcc -c -g -O2  conftest.c >&5
configure:6481: $? = 0
configure:6485: test -z 
			 || test ! -s conftest.err
configure:6488: $? = 0
configure:6491: test -s conftest.o
configure:6494: $? = 0
configure:6505: result: yes
configure:6509: checking dlfcn.h presence
configure:6519: gcc -E  conftest.c
configure:6525: $? = 0
configure:6546: result: yes
configure:6581: checking for dlfcn.h
configure:6589: result: yes
configure:6612: checking how to run the C++ preprocessor
configure:6643: g++ -E  conftest.cpp
configure:6649: $? = 0
configure:6682: g++ -E  conftest.cpp
conftest.cpp:24:28: error: ac_nonexistent.h: No such file or directory
configure:6688: $? = 1
configure: failed program was:
| /* confdefs.h.  */
| #define PACKAGE_NAME "libtool"
| #define PACKAGE_TARNAME "libtool"
| #define PACKAGE_VERSION "1.5.22"
| #define PACKAGE_STRING "libtool 1.5.22"
| #define PACKAGE_BUGREPORT "bug-libtool@gnu.org"
| #define PACKAGE "libtool"
| #define VERSION "1.5.22"
| #ifdef __cplusplus
| extern "C" void exit (int) throw ();
| #endif
| #define STDC_HEADERS 1
| #define HAVE_SYS_TYPES_H 1
| #define HAVE_SYS_STAT_H 1
| #define HAVE_STDLIB_H 1
| #define HAVE_STRING_H 1
| #define HAVE_MEMORY_H 1
| #define HAVE_STRINGS_H 1
| #define HAVE_INTTYPES_H 1
| #define HAVE_STDINT_H 1
| #define HAVE_UNISTD_H 1
| #define HAVE_DLFCN_H 1
| /* end confdefs.h.  */
| #include <ac_nonexistent.h>
configure:6728: result: g++ -E
configure:6752: g++ -E  conftest.cpp
configure:6758: $? = 0
configure:6791: g++ -E  conftest.cpp
conftest.cpp:24:28: error: ac_nonexistent.h: No such file or directory
configure:6797: $? = 1
configure: failed program was:
| /* confdefs.h.  */
| #define PACKAGE_NAME "libtool"
| #define PACKAGE_TARNAME "libtool"
| #define PACKAGE_VERSION "1.5.22"
| #define PACKAGE_STRING "libtool 1.5.22"
| #define PACKAGE_BUGREPORT "bug-libtool@gnu.org"
| #define PACKAGE "libtool"
| #define VERSION "1.5.22"
| #ifdef __cplusplus
| extern "C" void exit (int) throw ();
| #endif
| #define STDC_HEADERS 1
| #define HAVE_SYS_TYPES_H 1
| #define HAVE_SYS_STAT_H 1
| #define HAVE_STDLIB_H 1
| #define HAVE_STRING_H 1
| #define HAVE_MEMORY_H 1
| #define HAVE_STRINGS_H 1
| #define HAVE_INTTYPES_H 1
| #define HAVE_STDINT_H 1
| #define HAVE_UNISTD_H 1
| #define HAVE_DLFCN_H 1
| /* end confdefs.h.  */
| #include <ac_nonexistent.h>
configure:6849: checking the maximum length of command line arguments
configure:6958: result: 32768
configure:6969: checking command to parse /usr/bin/nm -B output from gcc object
configure:7074: g++ -c -g -O2  conftest.cpp >&5
configure:7077: $? = 0
configure:7081: /usr/bin/nm -B conftest.o \| sed -n -e 's/^.*[ 	]\([ABCDGIRSTW][ABCDGIRSTW]*\)[ 	][ 	]*\([_A-Za-z][_A-Za-z0-9]*\)$/\1 \2 \2/p' \> conftest.nm
configure:7084: $? = 0
configure:7136: g++ -o conftest -g -O2   conftest.cpp conftstm.o >&5
configure:7139: $? = 0
configure:7177: result: ok
configure:7181: checking for objdir
configure:7196: result: .libs
configure:7287: checking for ar
configure:7303: found /usr/bin/ar
configure:7313: result: ar
configure:7379: checking for ranlib
configure:7395: found /usr/bin/ranlib
configure:7405: result: ranlib
configure:7471: checking for strip
configure:7487: found /usr/bin/strip
configure:7497: result: strip
configure:7785: checking if gcc supports -fno-rtti -fno-exceptions
configure:7803: gcc -c -g -O2  -fno-rtti -fno-exceptions conftest.c >&5
cc1: warning: command line option "-fno-rtti" is valid for C++/ObjC++ but not for C
configure:7807: $? = 0
configure:7820: result: no
configure:7835: checking for gcc option to produce PIC
configure:8045: result: -fPIC
configure:8053: checking if gcc PIC flag -fPIC works
configure:8071: gcc -c -g -O2  -fPIC -DPIC conftest.c >&5
configure:8075: $? = 0
configure:8088: result: yes
configure:8116: checking if gcc static flag -static works
configure:8144: result: no
configure:8154: checking if gcc supports -c -o file.o
configure:8175: gcc -c -g -O2  -o out/conftest2.o conftest.c >&5
configure:8179: $? = 0
configure:8201: result: yes
configure:8227: checking whether the gcc linker (/usr/bin/ld) supports shared libraries
configure:9189: result: yes
configure:9210: checking whether -lc should be explicitly linked in
configure:9215: gcc -c -g -O2  conftest.c >&5
configure:9218: $? = 0
configure:9233: gcc -shared conftest.o  -v -Wl,-soname -Wl,conftest -o conftest 2\>\&1 \| grep  -lc  \>/dev/null 2\>\&1
configure:9236: $? = 0
configure:9248: result: no
configure:9256: checking dynamic linker characteristics
configure:9844: result: GNU/Linux ld.so
configure:9853: checking how to hardcode library paths into programs
configure:9878: result: immediate
configure:9892: checking whether stripping libraries is possible
configure:9897: result: yes
configure:10024: checking for shl_load
configure:10075: gcc -o conftest -g -O2   conftest.c  >&5
/tmp/cccXBehu.o: In function `main':
/home/wu/workspace/drivers/11th_ts/8th/tslib/libtool-1.5.22/conftest.c:58: undefined reference to `shl_load'
collect2: ld returned 1 exit status
configure:10081: $? = 1
configure: failed program was:
| /* confdefs.h.  */
| #define PACKAGE_NAME "libtool"
| #define PACKAGE_TARNAME "libtool"
| #define PACKAGE_VERSION "1.5.22"
| #define PACKAGE_STRING "libtool 1.5.22"
| #define PACKAGE_BUGREPORT "bug-libtool@gnu.org"
| #define PACKAGE "libtool"
| #define VERSION "1.5.22"
| #ifdef __cplusplus
| extern "C" void exit (int) throw ();
| #endif
| #define STDC_HEADERS 1
| #define HAVE_SYS_TYPES_H 1
| #define HAVE_SYS_STAT_H 1
| #define HAVE_STDLIB_H 1
| #define HAVE_STRING_H 1
| #define HAVE_MEMORY_H 1
| #define HAVE_STRINGS_H 1
| #define HAVE_INTTYPES_H 1
| #define HAVE_STDINT_H 1
| #define HAVE_UNISTD_H 1
| #define HAVE_DLFCN_H 1
| /* end confdefs.h.  */
| /* Define shl_load to an innocuous variant, in case <limits.h> declares shl_load.
|    For example, HP-UX 11i <limits.h> declares gettimeofday.  */
| #define shl_load innocuous_shl_load
| 
| /* System header to define __stub macros and hopefully few prototypes,
|     which can conflict with char shl_load (); below.
|     Prefer <limits.h> to <assert.h> if __STDC__ is defined, since
|     <limits.h> exists even on freestanding compilers.  */
| 
| #ifdef __STDC__
| # include <limits.h>
| #else
| # include <assert.h>
| #endif
| 
| #undef shl_load
| 
| /* Override any GCC internal prototype to avoid an error.
|    Use char because int might match the return type of a GCC
|    builtin and then its argument prototype would still apply.  */
| #ifdef __cplusplus
| extern "C"
| #endif
| char shl_load ();
| /* The GNU C library defines this for functions which it implements
|     to always fail with ENOSYS.  Some functions are actually named
|     something starting with __ and the normal name is an alias.  */
| #if defined (__stub_shl_load) || defined (__stub___shl_load)
| choke me
| #endif
| 
| int
| main ()
| {
| return shl_load ();
|   ;
|   return 0;
| }
configure:10107: result: no
configure:10112: checking for shl_load in -ldld
configure:10142: gcc -o conftest -g -O2   conftest.c -ldld   >&5
/usr/bin/ld: cannot find -ldld
collect2: ld returned 1 exit status
configure:10148: $? = 1
configure: failed program was:
| /* confdefs.h.  */
| #define PACKAGE_NAME "libtool"
| #define PACKAGE_TARNAME "libtool"
| #define PACKAGE_VERSION "1.5.22"
| #define PACKAGE_STRING "libtool 1.5.22"
| #define PACKAGE_BUGREPORT "bug-libtool@gnu.org"
| #define PACKAGE "libtool"
| #define VERSION "1.5.22"
| #ifdef __cplusplus
| extern "C" void exit (int) throw ();
| #endif
| #define STDC_HEADERS 1
| #define HAVE_SYS_TYPES_H 1
| #define HAVE_SYS_STAT_H 1
| #define HAVE_STDLIB_H 1
| #define HAVE_STRING_H 1
| #define HAVE_MEMORY_H 1
| #define HAVE_STRINGS_H 1
| #define HAVE_INTTYPES_H 1
| #define HAVE_STDINT_H 1
| #define HAVE_UNISTD_H 1
| #define HAVE_DLFCN_H 1
| /* end confdefs.h.  */
| 
| /* Override any GCC internal prototype to avoid an error.
|    Use char because int might match the return type of a GCC
|    builtin and then its argument prototype would still apply.  */
| #ifdef __cplusplus
| extern "C"
| #endif
| char shl_load ();
| int
| main ()
| {
| return shl_load ();
|   ;
|   return 0;
| }
configure:10175: result: no
configure:10180: checking for dlopen
configure:10231: gcc -o conftest -g -O2   conftest.c  >&5
/tmp/ccmxPVdI.o: In function `main':
/home/wu/workspace/drivers/11th_ts/8th/tslib/libtool-1.5.22/conftest.c:58: undefined reference to `dlopen'
collect2: ld returned 1 exit status
configure:10237: $? = 1
configure: failed program was:
| /* confdefs.h.  */
| #define PACKAGE_NAME "libtool"
| #define PACKAGE_TARNAME "libtool"
| #define PACKAGE_VERSION "1.5.22"
| #define PACKAGE_STRING "libtool 1.5.22"
| #define PACKAGE_BUGREPORT "bug-libtool@gnu.org"
| #define PACKAGE "libtool"
| #define VERSION "1.5.22"
| #ifdef __cplusplus
| extern "C" void exit (int) throw ();
| #endif
| #define STDC_HEADERS 1
| #define HAVE_SYS_TYPES_H 1
| #define HAVE_SYS_STAT_H 1
| #define HAVE_STDLIB_H 1
| #define HAVE_STRING_H 1
| #define HAVE_MEMORY_H 1
| #define HAVE_STRINGS_H 1
| #define HAVE_INTTYPES_H 1
| #define HAVE_STDINT_H 1
| #define HAVE_UNISTD_H 1
| #define HAVE_DLFCN_H 1
| /* end confdefs.h.  */
| /* Define dlopen to an innocuous variant, in case <limits.h> declares dlopen.
|    For example, HP-UX 11i <limits.h> declares gettimeofday.  */
| #define dlopen innocuous_dlopen
| 
| /* System header to define __stub macros and hopefully few prototypes,
|     which can conflict with char dlopen (); below.
|     Prefer <limits.h> to <assert.h> if __STDC__ is defined, since
|     <limits.h> exists even on freestanding compilers.  */
| 
| #ifdef __STDC__
| # include <limits.h>
| #else
| # include <assert.h>
| #endif
| 
| #undef dlopen
| 
| /* Override any GCC internal prototype to avoid an error.
|    Use char because int might match the return type of a GCC
|    builtin and then its argument prototype would still apply.  */
| #ifdef __cplusplus
| extern "C"
| #endif
| char dlopen ();
| /* The GNU C library defines this for functions which it implements
|     to always fail with ENOSYS.  Some functions are actually named
|     something starting with __ and the normal name is an alias.  */
| #if defined (__stub_dlopen) || defined (__stub___dlopen)
| choke me
| #endif
| 
| int
| main ()
| {
| return dlopen ();
|   ;
|   return 0;
| }
configure:10263: result: no
configure:10268: checking for dlopen in -ldl
configure:10298: gcc -o conftest -g -O2   conftest.c -ldl   >&5
configure:10304: $? = 0
configure:10308: test -z 
			 || test ! -s conftest.err
configure:10311: $? = 0
configure:10314: test -s conftest
configure:10317: $? = 0
configure:10331: result: yes
configure:10508: checking whether a program can dlopen itself
configure:10582: gcc -o conftest -g -O2  -DHAVE_DLFCN_H  -Wl,--export-dynamic conftest.c -ldl  >&5
configure: In function 'main':
configure:10578: warning: incompatible implicit declaration of built-in function 'exit'
configure:10585: $? = 0
configure:10603: result: yes
configure:10608: checking whether a statically linked program can dlopen itself
configure:10682: gcc -o conftest -g -O2  -DHAVE_DLFCN_H  -Wl,--export-dynamic  conftest.c -ldl  >&5
configure: In function 'main':
configure:10678: warning: incompatible implicit declaration of built-in function 'exit'
configure:10685: $? = 0
configure:10703: result: yes
configure:10726: checking if libtool supports shared libraries
configure:10728: result: yes
configure:10731: checking whether to build shared libraries
configure:10752: result: yes
configure:10755: checking whether to build static libraries
configure:10759: result: yes
configure:10851: creating libtool
configure:11439: checking for ld used by g++
configure:11506: result: /usr/bin/ld
configure:11515: checking if the linker (/usr/bin/ld) is GNU ld
configure:11530: result: yes
configure:11581: checking whether the g++ linker (/usr/bin/ld) supports shared libraries
configure:12523: result: yes
configure:12545: g++ -c -g -O2  conftest.cpp >&5
configure:12548: $? = 0
configure:12667: checking for g++ option to produce PIC
configure:12941: result: -fPIC
configure:12949: checking if g++ PIC flag -fPIC works
configure:12967: g++ -c -g -O2  -fPIC -DPIC conftest.cpp >&5
configure:12971: $? = 0
configure:12984: result: yes
configure:13012: checking if g++ static flag -static works
configure:13040: result: no
configure:13050: checking if g++ supports -c -o file.o
configure:13071: g++ -c -g -O2  -o out/conftest2.o conftest.cpp >&5
configure:13075: $? = 0
configure:13097: result: yes
configure:13123: checking whether the g++ linker (/usr/bin/ld) supports shared libraries
configure:13148: result: yes
configure:13215: checking dynamic linker characteristics
configure:13803: result: GNU/Linux ld.so
configure:13812: checking how to hardcode library paths into programs
configure:13837: result: immediate
configure:20169: creating ./config.status

## ---------------------- ##
## Running config.status. ##
## ---------------------- ##

This file was extended by libtool config.status 1.5.22, which was
generated by GNU Autoconf 2.59c.  Invocation command line was

  CONFIG_FILES    = 
  CONFIG_HEADERS  = 
  CONFIG_LINKS    = 
  CONFIG_COMMANDS = 
  $ ./config.status 

on localhost.localdomain

config.status:631: creating Makefile
config.status:631: creating doc/Makefile
config.status:631: creating tests/Makefile
config.status:755: executing depfiles commands
configure:21213: === configuring in libltdl (/home/wu/workspace/drivers/11th_ts/8th/tslib/libtool-1.5.22/libltdl)
configure:21300: running /bin/sh './configure' --prefix=/usr/local  --enable-ltdl-install --cache-file=/dev/null --srcdir=.

## ---------------- ##
## Cache variables. ##
## ---------------- ##

ac_cv_build=i686-pc-linux-gnu
ac_cv_c_compiler_gnu=yes
ac_cv_cxx_compiler_gnu=yes
ac_cv_env_CCC_set=
ac_cv_env_CCC_value=
ac_cv_env_CC_set=
ac_cv_env_CC_value=
ac_cv_env_CFLAGS_set=
ac_cv_env_CFLAGS_value=
ac_cv_env_CPPFLAGS_set=
ac_cv_env_CPPFLAGS_value=
ac_cv_env_CPP_set=
ac_cv_env_CPP_value=
ac_cv_env_CXXCPP_set=
ac_cv_env_CXXCPP_value=
ac_cv_env_CXXFLAGS_set=
ac_cv_env_CXXFLAGS_value=
ac_cv_env_CXX_set=
ac_cv_env_CXX_value=
ac_cv_env_F77_set=
ac_cv_env_F77_value=
ac_cv_env_FFLAGS_set=
ac_cv_env_FFLAGS_value=
ac_cv_env_LDFLAGS_set=
ac_cv_env_LDFLAGS_value=
ac_cv_env_build_alias_set=
ac_cv_env_build_alias_value=
ac_cv_env_host_alias_set=
ac_cv_env_host_alias_value=
ac_cv_env_target_alias_set=
ac_cv_env_target_alias_value=
ac_cv_exeext=
ac_cv_f77_compiler_gnu=no
ac_cv_func_dlopen=no
ac_cv_func_shl_load=no
ac_cv_header_dlfcn_h=yes
ac_cv_header_inttypes_h=yes
ac_cv_header_memory_h=yes
ac_cv_header_stdc=yes
ac_cv_header_stdint_h=yes
ac_cv_header_stdlib_h=yes
ac_cv_header_string_h=yes
ac_cv_header_strings_h=yes
ac_cv_header_sys_stat_h=yes
ac_cv_header_sys_types_h=yes
ac_cv_header_unistd_h=yes
ac_cv_host=i686-pc-linux-gnu
ac_cv_lib_dl_dlopen=yes
ac_cv_lib_dld_shl_load=no
ac_cv_objext=o
ac_cv_path_EGREP='/bin/grep -E'
ac_cv_path_GREP=/bin/grep
ac_cv_path_install='/usr/bin/install -c'
ac_cv_prog_AWK=gawk
ac_cv_prog_CPP='gcc -E'
ac_cv_prog_CXXCPP='g++ -E'
ac_cv_prog_ac_ct_AR=ar
ac_cv_prog_ac_ct_CC=gcc
ac_cv_prog_ac_ct_CXX=g++
ac_cv_prog_ac_ct_RANLIB=ranlib
ac_cv_prog_ac_ct_STRIP=strip
ac_cv_prog_cc_c89=
ac_cv_prog_cc_g=yes
ac_cv_prog_cxx_g=yes
ac_cv_prog_f77_g=no
ac_cv_prog_make_make_set=yes
am_cv_CC_dependencies_compiler_type=none
am_cv_CXX_dependencies_compiler_type=none
lt_cv_deplibs_check_method=pass_all
lt_cv_dlopen=dlopen
lt_cv_dlopen_libs=-ldl
lt_cv_dlopen_self=yes
lt_cv_dlopen_self_static=yes
lt_cv_file_magic_cmd='$MAGIC_CMD'
lt_cv_file_magic_test_file=
lt_cv_ld_reload_flag=-r
lt_cv_objdir=.libs
lt_cv_path_LD=/usr/bin/ld
lt_cv_path_LDCXX=/usr/bin/ld
lt_cv_path_NM='/usr/bin/nm -B'
lt_cv_path_SED=/bin/sed
lt_cv_prog_compiler_c_o=yes
lt_cv_prog_compiler_c_o_CXX=yes
lt_cv_prog_compiler_rtti_exceptions=no
lt_cv_prog_gnu_ld=yes
lt_cv_prog_gnu_ldcxx=yes
lt_cv_sys_global_symbol_pipe='sed -n -e '\''s/^.*[ 	]\([ABCDGIRSTW][ABCDGIRSTW]*\)[ 	][ 	]*\([_A-Za-z][_A-Za-z0-9]*\)$/\1 \2 \2/p'\'''
lt_cv_sys_global_symbol_to_c_name_address='sed -n -e '\''s/^: \([^ ]*\) $/  {\"\1\", (lt_ptr) 0},/p'\'' -e '\''s/^[BCDEGRST] \([^ ]*\) \([^ ]*\)$/  {"\2", (lt_ptr) \&\2},/p'\'''
lt_cv_sys_global_symbol_to_cdecl='sed -n -e '\''s/^. .* \(.*\)$/extern int \1;/p'\'''
lt_cv_sys_max_cmd_len=32768
lt_lt_cv_prog_compiler_c_o='"yes"'
lt_lt_cv_prog_compiler_c_o_CXX='"yes"'
lt_lt_cv_sys_global_symbol_pipe='"sed -n -e '\''s/^.*[ 	]\\([ABCDGIRSTW][ABCDGIRSTW]*\\)[ 	][ 	]*\\([_A-Za-z][_A-Za-z0-9]*\\)\$/\\1 \\2 \\2/p'\''"'
lt_lt_cv_sys_global_symbol_to_c_name_address='"sed -n -e '\''s/^: \\([^ ]*\\) \$/  {\\\"\\1\\\", (lt_ptr) 0},/p'\'' -e '\''s/^[BCDEGRST] \\([^ ]*\\) \\([^ ]*\\)\$/  {\"\\2\", (lt_ptr) \\&\\2},/p'\''"'
lt_lt_cv_sys_global_symbol_to_cdecl='"sed -n -e '\''s/^. .* \\(.*\\)\$/extern int \\1;/p'\''"'

## ----------------- ##
## Output variables. ##
## ----------------- ##

ACINCLUDE_M4_LIST='./acinclude.m4 ./cdemo/acinclude.m4 ./pdemo/acinclude.m4 ./demo/acinclude.m4 ./depdemo/acinclude.m4 ./mdemo/acinclude.m4 ./mdemo2/acinclude.m4 ./tagdemo/acinclude.m4 ./f77demo/acinclude.m4'
ACLOCAL='${SHELL} /home/wu/workspace/drivers/11th_ts/8th/tslib/libtool-1.5.22/missing --run aclocal-1.9a'
AMDEPBACKSLASH='\'
AMDEP_FALSE='#'
AMDEP_TRUE=''
AMTAR='${SHELL} /home/wu/workspace/drivers/11th_ts/8th/tslib/libtool-1.5.22/missing --run tar'
AR='ar'
AS='as'
AUTOCONF='${SHELL} /home/wu/workspace/drivers/11th_ts/8th/tslib/libtool-1.5.22/missing --run autoconf'
AUTOHEADER='${SHELL} /home/wu/workspace/drivers/11th_ts/8th/tslib/libtool-1.5.22/missing --run autoheader'
AUTOMAKE='${SHELL} /home/wu/workspace/drivers/11th_ts/8th/tslib/libtool-1.5.22/missing --run automake-1.9a'
AWK='gawk'
CC='gcc'
CCDEPMODE='depmode=none'
CFLAGS='-g -O2'
CONF_SUBDIRS='cdemo pdemo demo depdemo mdemo mdemo2 tagdemo f77demo'
CPP='gcc -E'
CPPFLAGS=''
CXX='g++'
CXXCPP='g++ -E'
CXXDEPMODE='depmode=none'
CXXFLAGS='-g -O2'
CYGPATH_W='echo'
DEFS='-DPACKAGE_NAME=\"libtool\" -DPACKAGE_TARNAME=\"libtool\" -DPACKAGE_VERSION=\"1.5.22\" -DPACKAGE_STRING=\"libtool\ 1.5.22\" -DPACKAGE_BUGREPORT=\"bug-libtool@gnu.org\" -DPACKAGE=\"libtool\" -DVERSION=\"1.5.22\" -DSTDC_HEADERS=1 -DHAVE_SYS_TYPES_H=1 -DHAVE_SYS_STAT_H=1 -DHAVE_STDLIB_H=1 -DHAVE_STRING_H=1 -DHAVE_MEMORY_H=1 -DHAVE_STRINGS_H=1 -DHAVE_INTTYPES_H=1 -DHAVE_STDINT_H=1 -DHAVE_UNISTD_H=1 -DHAVE_DLFCN_H=1 '
DEPDIR='.deps'
DIST_MAKEFILE_LIST='cdemo/Makefile pdemo/Makefile demo/Makefile depdemo/Makefile mdemo/Makefile mdemo2/Makefile tagdemo/Makefile f77demo/Makefile '
DLLTOOL='dlltool'
ECHO='echo'
ECHO_C=''
ECHO_N='-n'
ECHO_T=''
EGREP='/bin/grep -E'
EXEEXT=''
F77='no'
FFLAGS=''
GCJ='no'
GCJFLAGS='-g -O2'
GREP='/bin/grep'
HAVE_CXX_FALSE='#'
HAVE_CXX_TRUE=''
HAVE_F77_FALSE=''
HAVE_F77_TRUE='#'
HAVE_GCJ_FALSE=''
HAVE_GCJ_TRUE='#'
HAVE_RC_FALSE=''
HAVE_RC_TRUE='#'
INSTALL_DATA='${INSTALL} -m 644'
INSTALL_PROGRAM='${INSTALL}'
INSTALL_SCRIPT='${INSTALL}'
INSTALL_STRIP_PROGRAM='$(install_sh) -c -s'
LD='/usr/bin/ld'
LDFLAGS=''
LIBOBJS=''
LIBS=''
LIBTOOL='$(SHELL) $(top_builddir)/libtool'
LN_S='ln -s'
LTLIBOBJS=''
MAKEINFO='${SHELL} /home/wu/workspace/drivers/11th_ts/8th/tslib/libtool-1.5.22/missing --run makeinfo'
NM='/usr/bin/nm -B'
OBJDUMP='objdump'
OBJEXT='o'
PACKAGE='libtool'
PACKAGE_BUGREPORT='bug-libtool@gnu.org'
PACKAGE_NAME='libtool'
PACKAGE_STRING='libtool 1.5.22'
PACKAGE_TARNAME='libtool'
PACKAGE_VERSION='1.5.22'
PATH_SEPARATOR=':'
RANLIB='ranlib'
RC='no'
SET_MAKE=''
SHELL='/bin/sh'
STRIP='strip'
TIMESTAMP=''
VERSION='1.5.22'
ac_ct_CC='gcc'
ac_ct_CXX='g++'
ac_ct_F77=''
aclocaldir='${datadir}/aclocal'
am__fastdepCC_FALSE=''
am__fastdepCC_TRUE='#'
am__fastdepCXX_FALSE=''
am__fastdepCXX_TRUE='#'
am__include='include'
am__leading_dot='.'
am__quote=''
am__tar='${AMTAR} chof - "$$tardir"'
am__untar='${AMTAR} xf -'
bindir='${exec_prefix}/bin'
build='i686-pc-linux-gnu'
build_alias=''
build_cpu='i686'
build_os='linux-gnu'
build_vendor='pc'
datadir='${datarootdir}'
datarootdir='${prefix}/share'
docdir='${datarootdir}/doc/${PACKAGE_TARNAME}'
dvidir='${docdir}'
exec_prefix='${prefix}'
host='i686-pc-linux-gnu'
host_alias=''
host_cpu='i686'
host_os='linux-gnu'
host_vendor='pc'
htmldir='${docdir}'
includedir='${prefix}/include'
infodir='${datarootdir}/info'
install_sh='$(SHELL) /home/wu/workspace/drivers/11th_ts/8th/tslib/libtool-1.5.22/install-sh'
libdir='${exec_prefix}/lib'
libexecdir='${exec_prefix}/libexec'
localedir='${datarootdir}/locale'
localstatedir='${prefix}/var'
mandir='${datarootdir}/man'
mkdir_p='mkdir -p --'
oldincludedir='/usr/include'
pdfdir='${docdir}'
pkgdatadir='${datadir}/libtool'
prefix='/usr/local'
program_transform_name='s,x,x,'
psdir='${docdir}'
sbindir='${exec_prefix}/sbin'
sharedstatedir='${prefix}/com'
subdirs=' libltdl'
sysconfdir='${prefix}/etc'
target_alias=''

## ----------- ##
## confdefs.h. ##
## ----------- ##

#define HAVE_DLFCN_H 1
#define HAVE_INTTYPES_H 1
#define HAVE_MEMORY_H 1
#define HAVE_STDINT_H 1
#define HAVE_STDLIB_H 1
#define HAVE_STRINGS_H 1
#define HAVE_STRING_H 1
#define HAVE_SYS_STAT_H 1
#define HAVE_SYS_TYPES_H 1
#define HAVE_UNISTD_H 1
#define PACKAGE "libtool"
#define PACKAGE_BUGREPORT "bug-libtool@gnu.org"
#define PACKAGE_NAME "libtool"
#define PACKAGE_STRING "libtool 1.5.22"
#define PACKAGE_TARNAME "libtool"
#define PACKAGE_VERSION "1.5.22"
#define STDC_HEADERS 1
#define VERSION "1.5.22"
#endif
#ifdef __cplusplus
extern "C" void exit (int) throw ();

configure: exit 0

## ---------------------- ##
## Running config.status. ##
## ---------------------- ##

This file was extended by libtool config.status 1.5.22, which was
generated by GNU Autoconf 2.59c.  Invocation command line was

  CONFIG_FILES    = libtoolize
  CONFIG_HEADERS  = 
  CONFIG_LINKS    = 
  CONFIG_COMMANDS = 
  $ ./config.status 

on localhost.localdomain

config.status:631: creating libtoolize
config.status:755: executing depfiles commands
