This file contains any messages produced by compilers while
running configure, to aid debugging if configure makes a mistake.

It was created by configure, which was
generated by GNU Autoconf 2.60.  Invocation command line was

  $ ./configure --host=arm-linux --prefix=/usr/share/arm-alsa

## --------- ##
## Platform. ##
## --------- ##

hostname = sony
uname -m = i686
uname -r = 2.6.32-431.el6.i686
uname -s = Linux
uname -v = #1 SMP Fri Nov 22 00:26:36 UTC 2013

/usr/bin/uname -p = unknown
/bin/uname -X     = unknown

/bin/arch              = i686
/usr/bin/arch -k       = unknown
/usr/convex/getsysinfo = unknown
/usr/bin/hostinfo      = unknown
/bin/machine           = unknown
/usr/bin/oslevel       = unknown
/bin/universe          = unknown

PATH: /sbin
PATH: /bin
PATH: /usr/sbin
PATH: /usr/bin


## ----------- ##
## Core tests. ##
## ----------- ##

configure:2080: checking build system type
configure:2098: result: i686-pc-linux-gnu
configure:2120: checking host system type
configure:2135: result: arm-unknown-linux-gnu
configure:2157: checking target system type
configure:2172: result: arm-unknown-linux-gnu
configure:2214: checking for a BSD-compatible install
configure:2270: result: /usr/bin/install -c
configure:2281: checking whether build environment is sane
configure:2324: result: yes
configure:2389: checking for gawk
configure:2405: found /bin/gawk
configure:2416: result: gawk
configure:2427: checking whether make sets $(MAKE)
configure:2448: result: yes
configure:2524: checking for arm-linux-strip
configure:2554: result: no
configure:2564: checking for strip
configure:2580: found /usr/bin/strip
configure:2591: result: strip
configure:2671: checking for arm-linux-gcc
configure:2701: result: no
configure:2711: checking for gcc
configure:2727: found /usr/bin/gcc
configure:2738: result: gcc
configure:2976: checking for C compiler version
configure:2983: gcc --version >&5
gcc (GCC) 4.4.7 20120313 (Red Hat 4.4.7-11)
Copyright (C) 2010 Free Software Foundation, Inc.
This is free software; see the source for copying conditions.  There is NO
warranty; not even for MERCHANTABILITY or FITNESS FOR A PARTICULAR PURPOSE.

configure:2986: $? = 0
configure:2993: gcc -v >&5
Using built-in specs.
Target: i686-redhat-linux
Configured with: ../configure --prefix=/usr --mandir=/usr/share/man --infodir=/usr/share/info --with-bugurl=http://bugzilla.redhat.com/bugzilla --enable-bootstrap --enable-shared --enable-threads=posix --enable-checking=release --with-system-zlib --enable-__cxa_atexit --disable-libunwind-exceptions --enable-gnu-unique-object --enable-languages=c,c++,objc,obj-c++,java,fortran,ada --enable-java-awt=gtk --disable-dssi --with-java-home=/usr/lib/jvm/java-1.5.0-gcj-1.5.0.0/jre --enable-libgcj-multifile --enable-java-maintainer-mode --with-ecj-jar=/usr/share/java/eclipse-ecj.jar --disable-libjava-multilib --with-ppl --with-cloog --with-tune=generic --with-arch=i686 --build=i686-redhat-linux
Thread model: posix
gcc version 4.4.7 20120313 (Red Hat 4.4.7-11) (GCC) 
configure:2996: $? = 0
configure:3003: gcc -V >&5
gcc: '-V' option must have argument
configure:3006: $? = 1
configure:3029: checking for C compiler default output file name
configure:3056: gcc    conftest.c  >&5
configure:3059: $? = 0
configure:3105: result: a.out
configure:3110: checking whether the C compiler works
configure:3120: ./a.out
configure:3123: $? = 0
configure:3140: result: yes
configure:3147: checking whether we are cross compiling
configure:3149: result: no
configure:3152: checking for suffix of executables
configure:3159: gcc -o conftest    conftest.c  >&5
configure:3162: $? = 0
configure:3186: result: 
configure:3192: checking for suffix of object files
configure:3218: gcc -c   conftest.c >&5
configure:3221: $? = 0
configure:3244: result: o
configure:3248: checking whether we are using the GNU C compiler
configure:3277: gcc -c   conftest.c >&5
configure:3283: $? = 0
configure:3290: test -z "$ac_c_werror_flag" || test ! -s conftest.err
configure:3293: $? = 0
configure:3300: test -s conftest.o
configure:3303: $? = 0
configure:3317: result: yes
configure:3322: checking whether gcc accepts -g
configure:3352: gcc -c -g  conftest.c >&5
configure:3358: $? = 0
configure:3365: test -z "$ac_c_werror_flag" || test ! -s conftest.err
configure:3368: $? = 0
configure:3375: test -s conftest.o
configure:3378: $? = 0
configure:3508: result: yes
configure:3525: checking for gcc option to accept ISO C89
configure:3599: gcc  -c -g -O2  conftest.c >&5
configure:3605: $? = 0
configure:3612: test -z "$ac_c_werror_flag" || test ! -s conftest.err
configure:3615: $? = 0
configure:3622: test -s conftest.o
configure:3625: $? = 0
configure:3645: result: none needed
configure:3674: checking for style of include used by make
configure:3702: result: GNU
configure:3730: checking dependency style of gcc
configure:3820: result: gcc3
configure:3842: checking how to run the C preprocessor
configure:3882: gcc -E  conftest.c
configure:3888: $? = 0
configure:3926: gcc -E  conftest.c
conftest.c:10:28: error: ac_nonexistent.h: No such file or directory
configure:3932: $? = 1
configure: failed program was:
| /* confdefs.h.  */
| #define PACKAGE_NAME ""
| #define PACKAGE_TARNAME ""
| #define PACKAGE_VERSION ""
| #define PACKAGE_STRING ""
| #define PACKAGE_BUGREPORT ""
| #define PACKAGE "alsa-lib"
| #define VERSION "1.0.15"
| /* end confdefs.h.  */
| #include <ac_nonexistent.h>
configure:3972: result: gcc -E
configure:4001: gcc -E  conftest.c
configure:4007: $? = 0
configure:4045: gcc -E  conftest.c
conftest.c:10:28: error: ac_nonexistent.h: No such file or directory
configure:4051: $? = 1
configure: failed program was:
| /* confdefs.h.  */
| #define PACKAGE_NAME ""
| #define PACKAGE_TARNAME ""
| #define PACKAGE_VERSION ""
| #define PACKAGE_STRING ""
| #define PACKAGE_BUGREPORT ""
| #define PACKAGE "alsa-lib"
| #define VERSION "1.0.15"
| /* end confdefs.h.  */
| #include <ac_nonexistent.h>
configure:4108: checking for a BSD-compatible install
configure:4164: result: /usr/bin/install -c
configure:4175: checking whether ln -s works
configure:4179: result: yes
configure:4261: checking for a sed that does not truncate output
configure:4315: result: /bin/sed
configure:4318: checking for grep that handles long lines and -e
configure:4392: result: /bin/grep
configure:4397: checking for egrep
configure:4475: result: /bin/grep -E
configure:4491: checking for ld used by gcc
configure:4558: result: /usr/bin/ld
configure:4567: checking if the linker (/usr/bin/ld) is GNU ld
configure:4582: result: yes
configure:4587: checking for /usr/bin/ld option to reload object files
configure:4594: result: -r
configure:4612: checking for BSD-compatible nm
configure:4661: result: nm
configure:4665: checking how to recognise dependent libraries
configure:4841: result: pass_all
configure:5087: checking for ANSI C header files
configure:5117: gcc -c -g -O2  conftest.c >&5
configure:5123: $? = 0
configure:5130: test -z "$ac_c_werror_flag" || test ! -s conftest.err
configure:5133: $? = 0
configure:5140: test -s conftest.o
configure:5143: $? = 0
configure:5239: gcc -o conftest -g -O2   conftest.c  >&5
configure:5242: $? = 0
configure:5248: ./conftest
configure:5251: $? = 0
configure:5268: result: yes
configure:5292: checking for sys/types.h
configure:5313: gcc -c -g -O2  conftest.c >&5
configure:5319: $? = 0
configure:5326: test -z "$ac_c_werror_flag" || test ! -s conftest.err
configure:5329: $? = 0
configure:5336: test -s conftest.o
configure:5339: $? = 0
configure:5352: result: yes
configure:5292: checking for sys/stat.h
configure:5313: gcc -c -g -O2  conftest.c >&5
configure:5319: $? = 0
configure:5326: test -z "$ac_c_werror_flag" || test ! -s conftest.err
configure:5329: $? = 0
configure:5336: test -s conftest.o
configure:5339: $? = 0
configure:5352: result: yes
configure:5292: checking for stdlib.h
configure:5313: gcc -c -g -O2  conftest.c >&5
configure:5319: $? = 0
configure:5326: test -z "$ac_c_werror_flag" || test ! -s conftest.err
configure:5329: $? = 0
configure:5336: test -s conftest.o
configure:5339: $? = 0
configure:5352: result: yes
configure:5292: checking for string.h
configure:5313: gcc -c -g -O2  conftest.c >&5
configure:5319: $? = 0
configure:5326: test -z "$ac_c_werror_flag" || test ! -s conftest.err
configure:5329: $? = 0
configure:5336: test -s conftest.o
configure:5339: $? = 0
configure:5352: result: yes
configure:5292: checking for memory.h
configure:5313: gcc -c -g -O2  conftest.c >&5
configure:5319: $? = 0
configure:5326: test -z "$ac_c_werror_flag" || test ! -s conftest.err
configure:5329: $? = 0
configure:5336: test -s conftest.o
configure:5339: $? = 0
configure:5352: result: yes
configure:5292: checking for strings.h
configure:5313: gcc -c -g -O2  conftest.c >&5
configure:5319: $? = 0
configure:5326: test -z "$ac_c_werror_flag" || test ! -s conftest.err
configure:5329: $? = 0
configure:5336: test -s conftest.o
configure:5339: $? = 0
configure:5352: result: yes
configure:5292: checking for inttypes.h
configure:5313: gcc -c -g -O2  conftest.c >&5
configure:5319: $? = 0
configure:5326: test -z "$ac_c_werror_flag" || test ! -s conftest.err
configure:5329: $? = 0
configure:5336: test -s conftest.o
configure:5339: $? = 0
configure:5352: result: yes
configure:5292: checking for stdint.h
configure:5313: gcc -c -g -O2  conftest.c >&5
configure:5319: $? = 0
configure:5326: test -z "$ac_c_werror_flag" || test ! -s conftest.err
configure:5329: $? = 0
configure:5336: test -s conftest.o
configure:5339: $? = 0
configure:5352: result: yes
configure:5292: checking for unistd.h
configure:5313: gcc -c -g -O2  conftest.c >&5
configure:5319: $? = 0
configure:5326: test -z "$ac_c_werror_flag" || test ! -s conftest.err
configure:5329: $? = 0
configure:5336: test -s conftest.o
configure:5339: $? = 0
configure:5352: result: yes
configure:5379: checking dlfcn.h usability
configure:5396: gcc -c -g -O2  conftest.c >&5
configure:5402: $? = 0
configure:5409: test -z "$ac_c_werror_flag" || test ! -s conftest.err
configure:5412: $? = 0
configure:5419: test -s conftest.o
configure:5422: $? = 0
configure:5433: result: yes
configure:5437: checking dlfcn.h presence
configure:5452: gcc -E  conftest.c
configure:5458: $? = 0
configure:5479: result: yes
configure:5507: checking for dlfcn.h
configure:5515: result: yes
configure:5542: checking for arm-linux-g++
configure:5572: result: no
configure:5542: checking for arm-linux-c++
configure:5572: result: no
configure:5542: checking for arm-linux-gpp
configure:5572: result: no
configure:5542: checking for arm-linux-aCC
configure:5572: result: no
configure:5542: checking for arm-linux-CC
configure:5572: result: no
configure:5542: checking for arm-linux-cxx
configure:5572: result: no
configure:5542: checking for arm-linux-cc++
configure:5572: result: no
configure:5542: checking for arm-linux-cl.exe
configure:5572: result: no
configure:5542: checking for arm-linux-FCC
configure:5572: result: no
configure:5542: checking for arm-linux-KCC
configure:5572: result: no
configure:5542: checking for arm-linux-RCC
configure:5572: result: no
configure:5542: checking for arm-linux-xlC_r
configure:5572: result: no
configure:5542: checking for arm-linux-xlC
configure:5572: result: no
configure:5586: checking for g++
configure:5602: found /usr/bin/g++
configure:5613: result: g++
configure:5644: checking for C++ compiler version
configure:5651: g++ --version >&5
g++ (GCC) 4.4.7 20120313 (Red Hat 4.4.7-11)
Copyright (C) 2010 Free Software Foundation, Inc.
This is free software; see the source for copying conditions.  There is NO
warranty; not even for MERCHANTABILITY or FITNESS FOR A PARTICULAR PURPOSE.

configure:5654: $? = 0
configure:5661: g++ -v >&5
Using built-in specs.
Target: i686-redhat-linux
Configured with: ../configure --prefix=/usr --mandir=/usr/share/man --infodir=/usr/share/info --with-bugurl=http://bugzilla.redhat.com/bugzilla --enable-bootstrap --enable-shared --enable-threads=posix --enable-checking=release --with-system-zlib --enable-__cxa_atexit --disable-libunwind-exceptions --enable-gnu-unique-object --enable-languages=c,c++,objc,obj-c++,java,fortran,ada --enable-java-awt=gtk --disable-dssi --with-java-home=/usr/lib/jvm/java-1.5.0-gcj-1.5.0.0/jre --enable-libgcj-multifile --enable-java-maintainer-mode --with-ecj-jar=/usr/share/java/eclipse-ecj.jar --disable-libjava-multilib --with-ppl --with-cloog --with-tune=generic --with-arch=i686 --build=i686-redhat-linux
Thread model: posix
gcc version 4.4.7 20120313 (Red Hat 4.4.7-11) (GCC) 
configure:5664: $? = 0
configure:5671: g++ -V >&5
g++: '-V' option must have argument
configure:5674: $? = 1
configure:5677: checking whether we are using the GNU C++ compiler
configure:5706: g++ -c   conftest.cpp >&5
configure:5712: $? = 0
configure:5719: test -z "$ac_cxx_werror_flag" || test ! -s conftest.err
configure:5722: $? = 0
configure:5729: test -s conftest.o
configure:5732: $? = 0
configure:5746: result: yes
configure:5751: checking whether g++ accepts -g
configure:5781: g++ -c -g  conftest.cpp >&5
configure:5787: $? = 0
configure:5794: test -z "$ac_cxx_werror_flag" || test ! -s conftest.err
configure:5797: $? = 0
configure:5804: test -s conftest.o
configure:5807: $? = 0
configure:5937: result: yes
configure:5962: checking dependency style of g++
configure:6052: result: gcc3
configure:6079: checking how to run the C++ preprocessor
configure:6115: g++ -E  conftest.cpp
configure:6121: $? = 0
configure:6159: g++ -E  conftest.cpp
conftest.cpp:21:28: error: ac_nonexistent.h: No such file or directory
configure:6165: $? = 1
configure: failed program was:
| /* confdefs.h.  */
| #define PACKAGE_NAME ""
| #define PACKAGE_TARNAME ""
| #define PACKAGE_VERSION ""
| #define PACKAGE_STRING ""
| #define PACKAGE_BUGREPORT ""
| #define PACKAGE "alsa-lib"
| #define VERSION "1.0.15"
| #define STDC_HEADERS 1
| #define HAVE_SYS_TYPES_H 1
| #define HAVE_SYS_STAT_H 1
| #define HAVE_STDLIB_H 1
| #define HAVE_STRING_H 1
| #define HAVE_MEMORY_H 1
| #define HAVE_STRINGS_H 1
| #define HAVE_INTTYPES_H 1
| #define HAVE_STDINT_H 1
| #define HAVE_UNISTD_H 1
| #define HAVE_DLFCN_H 1
| /* end confdefs.h.  */
| #include <ac_nonexistent.h>
configure:6205: result: g++ -E
configure:6234: g++ -E  conftest.cpp
configure:6240: $? = 0
configure:6278: g++ -E  conftest.cpp
conftest.cpp:21:28: error: ac_nonexistent.h: No such file or directory
configure:6284: $? = 1
configure: failed program was:
| /* confdefs.h.  */
| #define PACKAGE_NAME ""
| #define PACKAGE_TARNAME ""
| #define PACKAGE_VERSION ""
| #define PACKAGE_STRING ""
| #define PACKAGE_BUGREPORT ""
| #define PACKAGE "alsa-lib"
| #define VERSION "1.0.15"
| #define STDC_HEADERS 1
| #define HAVE_SYS_TYPES_H 1
| #define HAVE_SYS_STAT_H 1
| #define HAVE_STDLIB_H 1
| #define HAVE_STRING_H 1
| #define HAVE_MEMORY_H 1
| #define HAVE_STRINGS_H 1
| #define HAVE_INTTYPES_H 1
| #define HAVE_STDINT_H 1
| #define HAVE_UNISTD_H 1
| #define HAVE_DLFCN_H 1
| /* end confdefs.h.  */
| #include <ac_nonexistent.h>
configure:6340: checking for arm-linux-g77
configure:6370: result: no
configure:6340: checking for arm-linux-f77
configure:6370: result: no
configure:6340: checking for arm-linux-xlf
configure:6370: result: no
configure:6340: checking for arm-linux-frt
configure:6370: result: no
configure:6340: checking for arm-linux-pgf77
configure:6370: result: no
configure:6340: checking for arm-linux-cf77
configure:6370: result: no
configure:6340: checking for arm-linux-fort77
configure:6370: result: no
configure:6340: checking for arm-linux-fl32
configure:6370: result: no
configure:6340: checking for arm-linux-af77
configure:6370: result: no
configure:6340: checking for arm-linux-f90
configure:6370: result: no
configure:6340: checking for arm-linux-xlf90
configure:6370: result: no
configure:6340: checking for arm-linux-pgf90
configure:6370: result: no
configure:6340: checking for arm-linux-pghpf
configure:6370: result: no
configure:6340: checking for arm-linux-epcf90
configure:6370: result: no
configure:6340: checking for arm-linux-gfortran
configure:6370: result: no
configure:6340: checking for arm-linux-g95
configure:6370: result: no
configure:6340: checking for arm-linux-f95
configure:6370: result: no
configure:6340: checking for arm-linux-fort
configure:6370: result: no
configure:6340: checking for arm-linux-xlf95
configure:6370: result: no
configure:6340: checking for arm-linux-ifort
configure:6370: result: no
configure:6340: checking for arm-linux-ifc
configure:6370: result: no
configure:6340: checking for arm-linux-efc
configure:6370: result: no
configure:6340: checking for arm-linux-pgf95
configure:6370: result: no
configure:6340: checking for arm-linux-lf95
configure:6370: result: no
configure:6340: checking for arm-linux-ftn
configure:6370: result: no
configure:6384: checking for g77
configure:6414: result: no
configure:6384: checking for f77
configure:6414: result: no
configure:6384: checking for xlf
configure:6414: result: no
configure:6384: checking for frt
configure:6414: result: no
configure:6384: checking for pgf77
configure:6414: result: no
configure:6384: checking for cf77
configure:6414: result: no
configure:6384: checking for fort77
configure:6414: result: no
configure:6384: checking for fl32
configure:6414: result: no
configure:6384: checking for af77
configure:6414: result: no
configure:6384: checking for f90
configure:6414: result: no
configure:6384: checking for xlf90
configure:6414: result: no
configure:6384: checking for pgf90
configure:6414: result: no
configure:6384: checking for pghpf
configure:6414: result: no
configure:6384: checking for epcf90
configure:6414: result: no
configure:6384: checking for gfortran
configure:6414: result: no
configure:6384: checking for g95
configure:6414: result: no
configure:6384: checking for f95
configure:6414: result: no
configure:6384: checking for fort
configure:6414: result: no
configure:6384: checking for xlf95
configure:6414: result: no
configure:6384: checking for ifort
configure:6414: result: no
configure:6384: checking for ifc
configure:6414: result: no
configure:6384: checking for efc
configure:6414: result: no
configure:6384: checking for pgf95
configure:6414: result: no
configure:6384: checking for lf95
configure:6414: result: no
configure:6384: checking for ftn
configure:6414: result: no
configure:6441: checking for Fortran 77 compiler version
configure:6448:  --version >&5
./configure: line 6449: --version: command not found
configure:6451: $? = 127
configure:6458:  -v >&5
./configure: line 6459: -v: command not found
configure:6461: $? = 127
configure:6468:  -V >&5
./configure: line 6469: -V: command not found
configure:6471: $? = 127
configure:6479: checking whether we are using the GNU Fortran 77 compiler
configure:6498:  -c  conftest.F >&5
./configure: line 6499: -c: command not found
configure:6504: $? = 127
configure: failed program was:
|       program main
| #ifndef __GNUC__
|        choke me
| #endif
| 
|       end
configure:6538: result: no
configure:6544: checking whether  accepts -g
configure:6561:  -c -g conftest.f >&5
./configure: line 6562: -c: command not found
configure:6567: $? = 127
configure: failed program was:
|       program main
| 
|       end
configure:6600: result: no
configure:6630: checking the maximum length of command line arguments
configure:6739: result: 32768
configure:6750: checking command to parse nm output from gcc object
configure:6855: gcc -c -g -O2  conftest.c >&5
configure:6858: $? = 0
configure:6862: nm conftest.o \| sed -n -e 's/^.*[ 	]\([ABCDGIRSTW][ABCDGIRSTW]*\)[ 	][ 	]*\([_A-Za-z][_A-Za-z0-9]*\)$/\1 \2 \2/p' \> conftest.nm
configure:6865: $? = 0
configure:6917: gcc -o conftest -g -O2   conftest.c conftstm.o >&5
configure:6920: $? = 0
configure:6958: result: ok
configure:6962: checking for objdir
configure:6977: result: .libs
configure:7029: checking for arm-linux-ar
configure:7059: result: no
configure:7069: checking for ar
configure:7085: found /usr/bin/ar
configure:7096: result: ar
configure:7125: checking for arm-linux-ranlib
configure:7155: result: no
configure:7165: checking for ranlib
configure:7181: found /usr/bin/ranlib
configure:7192: result: ranlib
configure:7221: checking for arm-linux-strip
configure:7248: result: strip
configure:7574: checking if gcc supports -fno-rtti -fno-exceptions
configure:7592: gcc -c -g -O2  -fno-rtti -fno-exceptions conftest.c >&5
cc1: warning: command line option "-fno-rtti" is valid for C++/ObjC++ but not for C
configure:7596: $? = 0
configure:7609: result: no
configure:7624: checking for gcc option to produce PIC
configure:7834: result: -fPIC
configure:7842: checking if gcc PIC flag -fPIC works
configure:7860: gcc -c -g -O2  -fPIC -DPIC conftest.c >&5
configure:7864: $? = 0
configure:7877: result: yes
configure:7905: checking if gcc static flag -static works
configure:7933: result: no
configure:7943: checking if gcc supports -c -o file.o
configure:7964: gcc -c -g -O2  -o out/conftest2.o conftest.c >&5
configure:7968: $? = 0
configure:7990: result: yes
configure:8016: checking whether the gcc linker (/usr/bin/ld) supports shared libraries
configure:9002: result: yes
configure:9023: checking whether -lc should be explicitly linked in
configure:9028: gcc -c -g -O2  conftest.c >&5
configure:9031: $? = 0
configure:9046: gcc -shared conftest.o  -v -Wl,-soname -Wl,conftest -o conftest 2\>\&1 \| grep  -lc  \>/dev/null 2\>\&1
configure:9049: $? = 0
configure:9061: result: no
configure:9069: checking dynamic linker characteristics
configure:9657: result: GNU/Linux ld.so
configure:9666: checking how to hardcode library paths into programs
configure:9691: result: immediate
configure:9705: checking whether stripping libraries is possible
configure:9710: result: yes
configure:9849: checking for shl_load
configure:9905: gcc -o conftest -g -O2   conftest.c  >&5
/tmp/cc4sGL8X.o: In function `main':
/home/wu/workspace/drivers/xiang_jie/17/alsa-lib-1.0.15/conftest.c:55: undefined reference to `shl_load'
collect2: ld returned 1 exit status
configure:9911: $? = 1
configure: failed program was:
| /* confdefs.h.  */
| #define PACKAGE_NAME ""
| #define PACKAGE_TARNAME ""
| #define PACKAGE_VERSION ""
| #define PACKAGE_STRING ""
| #define PACKAGE_BUGREPORT ""
| #define PACKAGE "alsa-lib"
| #define VERSION "1.0.15"
| #define STDC_HEADERS 1
| #define HAVE_SYS_TYPES_H 1
| #define HAVE_SYS_STAT_H 1
| #define HAVE_STDLIB_H 1
| #define HAVE_STRING_H 1
| #define HAVE_MEMORY_H 1
| #define HAVE_STRINGS_H 1
| #define HAVE_INTTYPES_H 1
| #define HAVE_STDINT_H 1
| #define HAVE_UNISTD_H 1
| #define HAVE_DLFCN_H 1
| /* end confdefs.h.  */
| /* Define shl_load to an innocuous variant, in case <limits.h> declares shl_load.
|    For example, HP-UX 11i <limits.h> declares gettimeofday.  */
| #define shl_load innocuous_shl_load
| 
| /* System header to define __stub macros and hopefully few prototypes,
|     which can conflict with char shl_load (); below.
|     Prefer <limits.h> to <assert.h> if __STDC__ is defined, since
|     <limits.h> exists even on freestanding compilers.  */
| 
| #ifdef __STDC__
| # include <limits.h>
| #else
| # include <assert.h>
| #endif
| 
| #undef shl_load
| 
| /* Override any GCC internal prototype to avoid an error.
|    Use char because int might match the return type of a GCC
|    builtin and then its argument prototype would still apply.  */
| #ifdef __cplusplus
| extern "C"
| #endif
| char shl_load ();
| /* The GNU C library defines this for functions which it implements
|     to always fail with ENOSYS.  Some functions are actually named
|     something starting with __ and the normal name is an alias.  */
| #if defined __stub_shl_load || defined __stub___shl_load
| choke me
| #endif
| 
| int
| main ()
| {
| return shl_load ();
|   ;
|   return 0;
| }
configure:9944: result: no
configure:9949: checking for shl_load in -ldld
configure:9984: gcc -o conftest -g -O2   conftest.c -ldld   >&5
/usr/bin/ld: cannot find -ldld
collect2: ld returned 1 exit status
configure:9990: $? = 1
configure: failed program was:
| /* confdefs.h.  */
| #define PACKAGE_NAME ""
| #define PACKAGE_TARNAME ""
| #define PACKAGE_VERSION ""
| #define PACKAGE_STRING ""
| #define PACKAGE_BUGREPORT ""
| #define PACKAGE "alsa-lib"
| #define VERSION "1.0.15"
| #define STDC_HEADERS 1
| #define HAVE_SYS_TYPES_H 1
| #define HAVE_SYS_STAT_H 1
| #define HAVE_STDLIB_H 1
| #define HAVE_STRING_H 1
| #define HAVE_MEMORY_H 1
| #define HAVE_STRINGS_H 1
| #define HAVE_INTTYPES_H 1
| #define HAVE_STDINT_H 1
| #define HAVE_UNISTD_H 1
| #define HAVE_DLFCN_H 1
| /* end confdefs.h.  */
| 
| /* Override any GCC internal prototype to avoid an error.
|    Use char because int might match the return type of a GCC
|    builtin and then its argument prototype would still apply.  */
| #ifdef __cplusplus
| extern "C"
| #endif
| char shl_load ();
| int
| main ()
| {
| return shl_load ();
|   ;
|   return 0;
| }
configure:10024: result: no
configure:10029: checking for dlopen
configure:10085: gcc -o conftest -g -O2   conftest.c  >&5
/tmp/ccCdHQbf.o: In function `main':
/home/wu/workspace/drivers/xiang_jie/17/alsa-lib-1.0.15/conftest.c:55: undefined reference to `dlopen'
collect2: ld returned 1 exit status
configure:10091: $? = 1
configure: failed program was:
| /* confdefs.h.  */
| #define PACKAGE_NAME ""
| #define PACKAGE_TARNAME ""
| #define PACKAGE_VERSION ""
| #define PACKAGE_STRING ""
| #define PACKAGE_BUGREPORT ""
| #define PACKAGE "alsa-lib"
| #define VERSION "1.0.15"
| #define STDC_HEADERS 1
| #define HAVE_SYS_TYPES_H 1
| #define HAVE_SYS_STAT_H 1
| #define HAVE_STDLIB_H 1
| #define HAVE_STRING_H 1
| #define HAVE_MEMORY_H 1
| #define HAVE_STRINGS_H 1
| #define HAVE_INTTYPES_H 1
| #define HAVE_STDINT_H 1
| #define HAVE_UNISTD_H 1
| #define HAVE_DLFCN_H 1
| /* end confdefs.h.  */
| /* Define dlopen to an innocuous variant, in case <limits.h> declares dlopen.
|    For example, HP-UX 11i <limits.h> declares gettimeofday.  */
| #define dlopen innocuous_dlopen
| 
| /* System header to define __stub macros and hopefully few prototypes,
|     which can conflict with char dlopen (); below.
|     Prefer <limits.h> to <assert.h> if __STDC__ is defined, since
|     <limits.h> exists even on freestanding compilers.  */
| 
| #ifdef __STDC__
| # include <limits.h>
| #else
| # include <assert.h>
| #endif
| 
| #undef dlopen
| 
| /* Override any GCC internal prototype to avoid an error.
|    Use char because int might match the return type of a GCC
|    builtin and then its argument prototype would still apply.  */
| #ifdef __cplusplus
| extern "C"
| #endif
| char dlopen ();
| /* The GNU C library defines this for functions which it implements
|     to always fail with ENOSYS.  Some functions are actually named
|     something starting with __ and the normal name is an alias.  */
| #if defined __stub_dlopen || defined __stub___dlopen
| choke me
| #endif
| 
| int
| main ()
| {
| return dlopen ();
|   ;
|   return 0;
| }
configure:10124: result: no
configure:10129: checking for dlopen in -ldl
configure:10164: gcc -o conftest -g -O2   conftest.c -ldl   >&5
configure:10170: $? = 0
configure:10177: test -z "$ac_c_werror_flag" || test ! -s conftest.err
configure:10180: $? = 0
configure:10187: test -s conftest
configure:10190: $? = 0
configure:10204: result: yes
configure:10405: checking whether a program can dlopen itself
configure:10479: gcc -o conftest -g -O2  -DHAVE_DLFCN_H  -Wl,--export-dynamic conftest.c -ldl  >&5
configure: In function 'main':
configure:10475: warning: incompatible implicit declaration of built-in function 'exit'
configure:10482: $? = 0
configure:10500: result: yes
configure:10505: checking whether a statically linked program can dlopen itself
configure:10579: gcc -o conftest -g -O2  -DHAVE_DLFCN_H  -Wl,--export-dynamic  conftest.c -ldl  >&5
configure: In function 'main':
configure:10575: warning: incompatible implicit declaration of built-in function 'exit'
configure:10582: $? = 0
configure:10600: result: yes
configure:10623: checking if libtool supports shared libraries
configure:10625: result: yes
configure:10628: checking whether to build shared libraries
configure:10649: result: yes
configure:10652: checking whether to build static libraries
configure:10656: result: no
configure:10748: creating libtool
configure:11336: checking for ld used by g++
configure:11403: result: /usr/bin/ld
configure:11412: checking if the linker (/usr/bin/ld) is GNU ld
configure:11427: result: yes
configure:11478: checking whether the g++ linker (/usr/bin/ld) supports shared libraries
configure:12444: result: yes
configure:12462: g++ -c -g -O2  conftest.cpp >&5
configure:12465: $? = 0
configure:12584: checking for g++ option to produce PIC
configure:12858: result: -fPIC
configure:12866: checking if g++ PIC flag -fPIC works
configure:12884: g++ -c -g -O2  -fPIC -DPIC conftest.cpp >&5
configure:12888: $? = 0
configure:12901: result: yes
configure:12929: checking if g++ static flag -static works
configure:12957: result: no
configure:12967: checking if g++ supports -c -o file.o
configure:12988: g++ -c -g -O2  -o out/conftest2.o conftest.cpp >&5
configure:12992: $? = 0
configure:13014: result: yes
configure:13040: checking whether the g++ linker (/usr/bin/ld) supports shared libraries
configure:13065: result: yes
configure:13132: checking dynamic linker characteristics
configure:13720: result: GNU/Linux ld.so
configure:13729: checking how to hardcode library paths into programs
configure:13754: result: immediate
configure:19959: checking for ANSI C header files
configure:20140: result: yes
configure:20154: checking for an ANSI C-conforming const
configure:20229: gcc -c -g -O2  conftest.c >&5
configure:20235: $? = 0
configure:20242: test -z "$ac_c_werror_flag" || test ! -s conftest.err
configure:20245: $? = 0
configure:20252: test -s conftest.o
configure:20255: $? = 0
configure:20267: result: yes
configure:20277: checking for inline
configure:20303: gcc -c -g -O2  conftest.c >&5
configure:20309: $? = 0
configure:20316: test -z "$ac_c_werror_flag" || test ! -s conftest.err
configure:20319: $? = 0
configure:20326: test -s conftest.o
configure:20329: $? = 0
configure:20344: result: inline
configure:20363: checking whether time.h and sys/time.h may both be included
configure:20393: gcc -c -g -O2  conftest.c >&5
configure:20399: $? = 0
configure:20406: test -z "$ac_c_werror_flag" || test ! -s conftest.err
configure:20409: $? = 0
configure:20416: test -s conftest.o
configure:20419: $? = 0
configure:20431: result: yes
configure:20443: checking whether gcc needs -traditional
configure:20485: result: no
configure:20492: checking for hsearch_r
configure:20548: gcc -o conftest -g -O2   conftest.c  >&5
configure:20554: $? = 0
configure:20561: test -z "$ac_c_werror_flag" || test ! -s conftest.err
configure:20564: $? = 0
configure:20571: test -s conftest
configure:20574: $? = 0
configure:20587: result: yes
configure:20605: checking for library version
configure:20630: result: major 1 minor 0 subminor 15 extrastr  extraver 1000000
configure:20688: checking for versioned symbols
configure:20717: result: yes
configure:20738: checking for symbolic-functions
configure:20757: result: no
configure:20771: checking for custom symbol prefixes
configure:20784: result: 
configure:20787: checking for debug
configure:20798: result: yes
configure:20810: checking for tmpdir
configure:20820: result: /tmp
configure:20828: checking for softfloat
configure:20845: result: no
configure:20854: checking for libdl
configure:20865: checking for dlsym in -ldl
configure:20900: gcc -o conftest -g -O2   conftest.c -ldl   >&5
configure:20906: $? = 0
configure:20913: test -z "$ac_c_werror_flag" || test ! -s conftest.err
configure:20916: $? = 0
configure:20923: test -s conftest
configure:20926: $? = 0
configure:20940: result: yes
configure:20969: checking for pthread
configure:20980: checking for pthread_join in -lpthread
configure:21015: gcc -o conftest -g -O2   conftest.c -lpthread   >&5
configure:21021: $? = 0
configure:21028: test -z "$ac_c_werror_flag" || test ! -s conftest.err
configure:21031: $? = 0
configure:21038: test -s conftest
configure:21041: $? = 0
configure:21055: result: yes
configure:21076: checking for architecture
configure:21107: result: arm
configure:21133: checking wordexp.h usability
configure:21150: gcc -c -g -O2  -D__arm__ conftest.c >&5
configure:21156: $? = 0
configure:21163: test -z "$ac_c_werror_flag" || test ! -s conftest.err
configure:21166: $? = 0
configure:21173: test -s conftest.o
configure:21176: $? = 0
configure:21187: result: yes
configure:21191: checking wordexp.h presence
configure:21206: gcc -E  -D__arm__ conftest.c
configure:21212: $? = 0
configure:21233: result: yes
configure:21261: checking for wordexp.h
configure:21269: result: yes
configure:21283: checking for resmgr support
configure:21292: result: no
configure:21393: checking for aload* support
configure:21402: result: yes
configure:21412: checking for ALSA device file directory
configure:21430: result: /dev/snd/
configure:21433: checking for aload* device file directory
configure:21451: result: /dev/
configure:22561: creating ./config.status

## ---------------------- ##
## Running config.status. ##
## ---------------------- ##

This file was extended by config.status, which was
generated by GNU Autoconf 2.60.  Invocation command line was

  CONFIG_FILES    = 
  CONFIG_HEADERS  = 
  CONFIG_LINKS    = 
  CONFIG_COMMANDS = 
  $ ./config.status 

on sony

config.status:782: creating Makefile
config.status:782: creating doc/Makefile
config.status:782: creating doc/pictures/Makefile
config.status:782: creating include/Makefile
config.status:782: creating include/sound/Makefile
config.status:782: creating src/Versions
config.status:782: creating src/Makefile
config.status:782: creating src/control/Makefile
config.status:782: creating src/mixer/Makefile
config.status:782: creating src/pcm/Makefile
config.status:782: creating src/pcm/scopes/Makefile
config.status:782: creating src/rawmidi/Makefile
config.status:782: creating src/timer/Makefile
config.status:782: creating src/hwdep/Makefile
config.status:782: creating src/seq/Makefile
config.status:782: creating src/instr/Makefile
config.status:782: creating src/compat/Makefile
config.status:782: creating src/alisp/Makefile
config.status:782: creating src/conf/Makefile
config.status:782: creating src/conf/cards/Makefile
config.status:782: creating src/conf/pcm/Makefile
config.status:782: creating modules/Makefile
config.status:782: creating modules/mixer/Makefile
config.status:782: creating modules/mixer/simple/Makefile
config.status:782: creating alsalisp/Makefile
config.status:782: creating aserver/Makefile
config.status:782: creating test/Makefile
config.status:782: creating utils/Makefile
config.status:782: creating utils/alsa-lib.spec
config.status:782: creating utils/alsa.pc
config.status:782: creating include/config.h
config.status:1029: include/config.h is unchanged
config.status:1075: executing depfiles commands

## ---------------- ##
## Cache variables. ##
## ---------------- ##

ac_cv_build=i686-pc-linux-gnu
ac_cv_c_compiler_gnu=yes
ac_cv_c_const=yes
ac_cv_c_inline=inline
ac_cv_cxx_compiler_gnu=yes
ac_cv_env_CCC_set=
ac_cv_env_CCC_value=
ac_cv_env_CC_set=
ac_cv_env_CC_value=
ac_cv_env_CFLAGS_set=
ac_cv_env_CFLAGS_value=
ac_cv_env_CPPFLAGS_set=
ac_cv_env_CPPFLAGS_value=
ac_cv_env_CPP_set=
ac_cv_env_CPP_value=
ac_cv_env_CXXCPP_set=
ac_cv_env_CXXCPP_value=
ac_cv_env_CXXFLAGS_set=
ac_cv_env_CXXFLAGS_value=
ac_cv_env_CXX_set=
ac_cv_env_CXX_value=
ac_cv_env_F77_set=
ac_cv_env_F77_value=
ac_cv_env_FFLAGS_set=
ac_cv_env_FFLAGS_value=
ac_cv_env_LDFLAGS_set=
ac_cv_env_LDFLAGS_value=
ac_cv_env_build_alias_set=
ac_cv_env_build_alias_value=
ac_cv_env_host_alias_set=set
ac_cv_env_host_alias_value=arm-linux
ac_cv_env_target_alias_set=
ac_cv_env_target_alias_value=
ac_cv_f77_compiler_gnu=no
ac_cv_func_dlopen=no
ac_cv_func_hsearch_r=yes
ac_cv_func_shl_load=no
ac_cv_header_dlfcn_h=yes
ac_cv_header_inttypes_h=yes
ac_cv_header_memory_h=yes
ac_cv_header_stdc=yes
ac_cv_header_stdint_h=yes
ac_cv_header_stdlib_h=yes
ac_cv_header_string_h=yes
ac_cv_header_strings_h=yes
ac_cv_header_sys_stat_h=yes
ac_cv_header_sys_types_h=yes
ac_cv_header_time=yes
ac_cv_header_unistd_h=yes
ac_cv_header_wordexp_h=yes
ac_cv_host=arm-unknown-linux-gnu
ac_cv_lib_dl_dlopen=yes
ac_cv_lib_dl_dlsym=yes
ac_cv_lib_dld_shl_load=no
ac_cv_lib_pthread_pthread_join=yes
ac_cv_objext=o
ac_cv_path_EGREP='/bin/grep -E'
ac_cv_path_GREP=/bin/grep
ac_cv_path_install='/usr/bin/install -c'
ac_cv_prog_AWK=gawk
ac_cv_prog_CPP='gcc -E'
ac_cv_prog_CXXCPP='g++ -E'
ac_cv_prog_STRIP=strip
ac_cv_prog_ac_ct_AR=ar
ac_cv_prog_ac_ct_CC=gcc
ac_cv_prog_ac_ct_CXX=g++
ac_cv_prog_ac_ct_RANLIB=ranlib
ac_cv_prog_ac_ct_STRIP=strip
ac_cv_prog_cc_c89=
ac_cv_prog_cc_g=yes
ac_cv_prog_cxx_g=yes
ac_cv_prog_f77_g=no
ac_cv_prog_gcc_traditional=no
ac_cv_prog_make_make_set=yes
ac_cv_target=arm-unknown-linux-gnu
am_cv_CC_dependencies_compiler_type=gcc3
am_cv_CXX_dependencies_compiler_type=gcc3
lt_cv_deplibs_check_method=pass_all
lt_cv_dlopen=dlopen
lt_cv_dlopen_libs=-ldl
lt_cv_dlopen_self=yes
lt_cv_dlopen_self_static=yes
lt_cv_file_magic_cmd='$MAGIC_CMD'
lt_cv_file_magic_test_file=
lt_cv_ld_reload_flag=-r
lt_cv_objdir=.libs
lt_cv_path_LD=/usr/bin/ld
lt_cv_path_LDCXX=/usr/bin/ld
lt_cv_path_NM=nm
lt_cv_path_SED=/bin/sed
lt_cv_prog_compiler_c_o=yes
lt_cv_prog_compiler_c_o_CXX=yes
lt_cv_prog_compiler_rtti_exceptions=no
lt_cv_prog_gnu_ld=yes
lt_cv_prog_gnu_ldcxx=yes
lt_cv_sys_global_symbol_pipe='sed -n -e '\''s/^.*[ 	]\([ABCDGIRSTW][ABCDGIRSTW]*\)[ 	][ 	]*\([_A-Za-z][_A-Za-z0-9]*\)$/\1 \2 \2/p'\'''
lt_cv_sys_global_symbol_to_c_name_address='sed -n -e '\''s/^: \([^ ]*\) $/  {\"\1\", (lt_ptr) 0},/p'\'' -e '\''s/^[BCDEGRST] \([^ ]*\) \([^ ]*\)$/  {"\2", (lt_ptr) \&\2},/p'\'''
lt_cv_sys_global_symbol_to_cdecl='sed -n -e '\''s/^. .* \(.*\)$/extern int \1;/p'\'''
lt_cv_sys_max_cmd_len=32768
lt_lt_cv_prog_compiler_c_o='"yes"'
lt_lt_cv_prog_compiler_c_o_CXX='"yes"'
lt_lt_cv_sys_global_symbol_pipe='"sed -n -e '\''s/^.*[ 	]\\([ABCDGIRSTW][ABCDGIRSTW]*\\)[ 	][ 	]*\\([_A-Za-z][_A-Za-z0-9]*\\)\$/\\1 \\2 \\2/p'\''"'
lt_lt_cv_sys_global_symbol_to_c_name_address='"sed -n -e '\''s/^: \\([^ ]*\\) \$/  {\\\"\\1\\\", (lt_ptr) 0},/p'\'' -e '\''s/^[BCDEGRST] \\([^ ]*\\) \\([^ ]*\\)\$/  {\"\\2\", (lt_ptr) \\&\\2},/p'\''"'
lt_lt_cv_sys_global_symbol_to_cdecl='"sed -n -e '\''s/^. .* \\(.*\\)\$/extern int \\1;/p'\''"'

## ----------------- ##
## Output variables. ##
## ----------------- ##

ACLOCAL='${SHELL} /home/wu/workspace/drivers/xiang_jie/17/alsa-lib-1.0.15/missing --run aclocal-1.9'
ALSA_CONFIG_DIR='/usr/share/arm-alsa/share/alsa'
ALSA_DEPLIBS='-lm -ldl -lpthread'
ALSA_HSEARCH_R_FALSE=''
ALSA_HSEARCH_R_TRUE='#'
ALSA_PLUGIN_DIR='/usr/share/arm-alsa/lib/alsa-lib'
AMDEPBACKSLASH='\'
AMDEP_FALSE='#'
AMDEP_TRUE=''
AMTAR='${SHELL} /home/wu/workspace/drivers/xiang_jie/17/alsa-lib-1.0.15/missing --run tar'
AR='ar'
AUTOCONF='${SHELL} /home/wu/workspace/drivers/xiang_jie/17/alsa-lib-1.0.15/missing --run autoconf'
AUTOHEADER='${SHELL} /home/wu/workspace/drivers/xiang_jie/17/alsa-lib-1.0.15/missing --run autoheader'
AUTOMAKE='${SHELL} /home/wu/workspace/drivers/xiang_jie/17/alsa-lib-1.0.15/missing --run automake-1.9'
AWK='gawk'
BUILD_ALISP_FALSE='#'
BUILD_ALISP_TRUE=''
BUILD_CTL_PLUGIN_EXT_FALSE='#'
BUILD_CTL_PLUGIN_EXT_TRUE=''
BUILD_CTL_PLUGIN_FALSE='#'
BUILD_CTL_PLUGIN_SHM_FALSE='#'
BUILD_CTL_PLUGIN_SHM_TRUE=''
BUILD_CTL_PLUGIN_TRUE=''
BUILD_HWDEP_FALSE='#'
BUILD_HWDEP_TRUE=''
BUILD_INSTR_FALSE='#'
BUILD_INSTR_TRUE=''
BUILD_MIXER_FALSE='#'
BUILD_MIXER_TRUE=''
BUILD_MODULES_FALSE='#'
BUILD_MODULES_TRUE=''
BUILD_PCM_FALSE='#'
BUILD_PCM_PLUGIN_ADPCM_FALSE='#'
BUILD_PCM_PLUGIN_ADPCM_TRUE=''
BUILD_PCM_PLUGIN_ALAW_FALSE='#'
BUILD_PCM_PLUGIN_ALAW_TRUE=''
BUILD_PCM_PLUGIN_ASYM_FALSE='#'
BUILD_PCM_PLUGIN_ASYM_TRUE=''
BUILD_PCM_PLUGIN_COPY_FALSE='#'
BUILD_PCM_PLUGIN_COPY_TRUE=''
BUILD_PCM_PLUGIN_DMIX_FALSE='#'
BUILD_PCM_PLUGIN_DMIX_TRUE=''
BUILD_PCM_PLUGIN_DSHARE_FALSE='#'
BUILD_PCM_PLUGIN_DSHARE_TRUE=''
BUILD_PCM_PLUGIN_DSNOOP_FALSE='#'
BUILD_PCM_PLUGIN_DSNOOP_TRUE=''
BUILD_PCM_PLUGIN_EMPTY_FALSE='#'
BUILD_PCM_PLUGIN_EMPTY_TRUE=''
BUILD_PCM_PLUGIN_EXTPLUG_FALSE='#'
BUILD_PCM_PLUGIN_EXTPLUG_TRUE=''
BUILD_PCM_PLUGIN_FALSE='#'
BUILD_PCM_PLUGIN_FILE_FALSE='#'
BUILD_PCM_PLUGIN_FILE_TRUE=''
BUILD_PCM_PLUGIN_HOOKS_FALSE='#'
BUILD_PCM_PLUGIN_HOOKS_TRUE=''
BUILD_PCM_PLUGIN_IEC958_FALSE='#'
BUILD_PCM_PLUGIN_IEC958_TRUE=''
BUILD_PCM_PLUGIN_IOPLUG_FALSE='#'
BUILD_PCM_PLUGIN_IOPLUG_TRUE=''
BUILD_PCM_PLUGIN_LADSPA_FALSE='#'
BUILD_PCM_PLUGIN_LADSPA_TRUE=''
BUILD_PCM_PLUGIN_LFLOAT_FALSE='#'
BUILD_PCM_PLUGIN_LFLOAT_TRUE=''
BUILD_PCM_PLUGIN_LINEAR_FALSE='#'
BUILD_PCM_PLUGIN_LINEAR_TRUE=''
BUILD_PCM_PLUGIN_METER_FALSE='#'
BUILD_PCM_PLUGIN_METER_TRUE=''
BUILD_PCM_PLUGIN_MMAP_EMUL_FALSE='#'
BUILD_PCM_PLUGIN_MMAP_EMUL_TRUE=''
BUILD_PCM_PLUGIN_MULAW_FALSE='#'
BUILD_PCM_PLUGIN_MULAW_TRUE=''
BUILD_PCM_PLUGIN_MULTI_FALSE='#'
BUILD_PCM_PLUGIN_MULTI_TRUE=''
BUILD_PCM_PLUGIN_NULL_FALSE='#'
BUILD_PCM_PLUGIN_NULL_TRUE=''
BUILD_PCM_PLUGIN_PLUG_FALSE='#'
BUILD_PCM_PLUGIN_PLUG_TRUE=''
BUILD_PCM_PLUGIN_RATE_FALSE='#'
BUILD_PCM_PLUGIN_RATE_TRUE=''
BUILD_PCM_PLUGIN_ROUTE_FALSE='#'
BUILD_PCM_PLUGIN_ROUTE_TRUE=''
BUILD_PCM_PLUGIN_SHARE_FALSE='#'
BUILD_PCM_PLUGIN_SHARE_TRUE=''
BUILD_PCM_PLUGIN_SHM_FALSE='#'
BUILD_PCM_PLUGIN_SHM_TRUE=''
BUILD_PCM_PLUGIN_SOFTVOL_FALSE='#'
BUILD_PCM_PLUGIN_SOFTVOL_TRUE=''
BUILD_PCM_PLUGIN_TRUE=''
BUILD_PCM_TRUE=''
BUILD_PYTHON_FALSE=''
BUILD_PYTHON_TRUE='#'
BUILD_RAWMIDI_FALSE='#'
BUILD_RAWMIDI_TRUE=''
BUILD_SEQ_FALSE='#'
BUILD_SEQ_TRUE=''
CC='gcc'
CCDEPMODE='depmode=gcc3'
CFLAGS='-g -O2'
CPP='gcc -E'
CPPFLAGS=' -D__arm__'
CXX='g++'
CXXCPP='g++ -E'
CXXDEPMODE='depmode=gcc3'
CXXFLAGS='-g -O2'
CYGPATH_W='echo'
DEFS='-DHAVE_CONFIG_H'
DEPDIR='.deps'
ECHO='echo'
ECHO_C=''
ECHO_N='-n'
ECHO_T=''
EGREP='/bin/grep -E'
EXEEXT=''
F77=''
FFLAGS=''
GREP='/bin/grep'
INSTALL_DATA='${INSTALL} -m 644'
INSTALL_M4_FALSE='#'
INSTALL_M4_TRUE=''
INSTALL_PROGRAM='${INSTALL}'
INSTALL_SCRIPT='${INSTALL}'
INSTALL_STRIP_PROGRAM='${SHELL} $(install_sh) -c -s'
LDFLAGS=''
LIBOBJS=''
LIBS=''
LIBTOOL='$(SHELL) $(top_builddir)/libtool'
LIBTOOL_VERSION_INFO='2:0:0'
LN_S='ln -s'
LTLIBOBJS=''
MAKEINFO='${SHELL} /home/wu/workspace/drivers/xiang_jie/17/alsa-lib-1.0.15/missing --run makeinfo'
OBJEXT='o'
PACKAGE='alsa-lib'
PACKAGE_BUGREPORT=''
PACKAGE_NAME=''
PACKAGE_STRING=''
PACKAGE_TARNAME=''
PACKAGE_VERSION=''
PATH_SEPARATOR=':'
PYTHON_INCLUDES=''
PYTHON_LIBS=''
RANLIB='ranlib'
SET_MAKE=''
SHELL='/bin/sh'
SND_LIB_EXTRAVER='1000000'
SND_LIB_MAJOR='1'
SND_LIB_MINOR='0'
SND_LIB_SUBMINOR='15'
SND_LIB_VERSION='1.0.15'
STRIP='strip'
SYMBOLIC_FUNCTIONS_FALSE=''
SYMBOLIC_FUNCTIONS_TRUE='#'
SYMBOL_PREFIX=''
VERSION='1.0.15'
VERSIONED_SYMBOLS_FALSE='#'
VERSIONED_SYMBOLS_TRUE=''
ac_ct_CC='gcc'
ac_ct_CXX='g++'
ac_ct_F77=''
am__fastdepCC_FALSE='#'
am__fastdepCC_TRUE=''
am__fastdepCXX_FALSE='#'
am__fastdepCXX_TRUE=''
am__include='include'
am__leading_dot='.'
am__quote=''
am__tar='${AMTAR} chof - "$$tardir"'
am__untar='${AMTAR} xf -'
bindir='${exec_prefix}/bin'
build='i686-pc-linux-gnu'
build_alias=''
build_cpu='i686'
build_os='linux-gnu'
build_vendor='pc'
datadir='${datarootdir}'
datarootdir='${prefix}/share'
docdir='${datarootdir}/doc/${PACKAGE}'
dvidir='${docdir}'
exec_prefix='/usr/share/arm-alsa'
host='arm-unknown-linux-gnu'
host_alias='arm-linux'
host_cpu='arm'
host_os='linux-gnu'
host_vendor='unknown'
htmldir='${docdir}'
includedir='${prefix}/include'
infodir='${datarootdir}/info'
install_sh='/home/wu/workspace/drivers/xiang_jie/17/alsa-lib-1.0.15/install-sh'
libdir='${exec_prefix}/lib'
libexecdir='${exec_prefix}/libexec'
localedir='${datarootdir}/locale'
localstatedir='${prefix}/var'
mandir='${datarootdir}/man'
mkdir_p='mkdir -p --'
oldincludedir='/usr/include'
pdfdir='${docdir}'
prefix='/usr/share/arm-alsa'
program_transform_name='s,x,x,'
psdir='${docdir}'
sbindir='${exec_prefix}/sbin'
sharedstatedir='${prefix}/com'
sysconfdir='${prefix}/etc'
target='arm-unknown-linux-gnu'
target_alias=''
target_cpu='arm'
target_os='linux-gnu'
target_vendor='unknown'

## ----------- ##
## confdefs.h. ##
## ----------- ##

#define PACKAGE_NAME ""
#define PACKAGE_TARNAME ""
#define PACKAGE_VERSION ""
#define PACKAGE_STRING ""
#define PACKAGE_BUGREPORT ""
#define PACKAGE "alsa-lib"
#define VERSION "1.0.15"
#define STDC_HEADERS 1
#define HAVE_SYS_TYPES_H 1
#define HAVE_SYS_STAT_H 1
#define HAVE_STDLIB_H 1
#define HAVE_STRING_H 1
#define HAVE_MEMORY_H 1
#define HAVE_STRINGS_H 1
#define HAVE_INTTYPES_H 1
#define HAVE_STDINT_H 1
#define HAVE_UNISTD_H 1
#define HAVE_DLFCN_H 1
#define STDC_HEADERS 1
#define TIME_WITH_SYS_TIME 1
#define VERSION "1.0.15"
#define ALSA_CONFIG_DIR "/usr/share/arm-alsa/share/alsa"
#define ALSA_PLUGIN_DIR "/usr/share/arm-alsa/lib/alsa-lib"
#define VERSIONED_SYMBOLS
#define __SYMBOL_PREFIX ""
#define TMPDIR "/tmp"
#define HAVE_LIBDL 1
#define HAVE_LIBPTHREAD 1
#define HAVE_WORDEXP_H 1
#define SUPPORT_ALOAD "1"
#define ALSA_DEVICE_DIRECTORY "/dev/snd/"
#define ALOAD_DEVICE_DIRECTORY "/dev/"
#define BUILD_MIXER "1"
#define BUILD_PCM "1"
#define BUILD_RAWMIDI "1"
#define BUILD_HWDEP "1"
#define BUILD_SEQ "1"
#define BUILD_INSTR "1"
#define BUILD_PCM_PLUGIN_RATE "1"
#define BUILD_PCM_PLUGIN_ROUTE "1"
#define BUILD_PCM_PLUGIN_LFLOAT "1"
#define BUILD_PCM_PLUGIN_ADPCM "1"
#define BUILD_PCM_PLUGIN_MULAW "1"
#define BUILD_PCM_PLUGIN_ALAW "1"

configure: exit 0
