This file contains any messages produced by compilers while
running configure, to aid debugging if configure makes a mistake.

It was created by motion configure 3.2.12, which was
generated by GNU Autoconf 2.65.  Invocation command line was

  $ ./configure CC=arm-linux-gcc --host=arm-linux

## --------- ##
## Platform. ##
## --------- ##

hostname = localhost.localdomain
uname -m = i686
uname -r = 2.6.32-431.el6.i686
uname -s = Linux
uname -v = #1 SMP Fri Nov 22 00:26:36 UTC 2013

/usr/bin/uname -p = unknown
/bin/uname -X     = unknown

/bin/arch              = i686
/usr/bin/arch -k       = unknown
/usr/convex/getsysinfo = unknown
/usr/bin/hostinfo      = unknown
/bin/machine           = unknown
/usr/bin/oslevel       = unknown
/bin/universe          = unknown

PATH: /usr/lib/qt-3.3/bin
PATH: /usr/local/bin
PATH: /bin
PATH: /usr/bin
PATH: /usr/local/sbin
PATH: /usr/sbin
PATH: /sbin
PATH: /home/wu/bin
PATH: /home/wu/workspace/arm-jyxtec-linux-gnueabi/bin


## ----------- ##
## Core tests. ##
## ----------- ##

configure:2389: checking for Darwin
configure:2394: result: no
configure:2396: checking for *BSD
configure:2401: result: no
configure:2455: checking for arm-linux-gcc
configure:2482: result: arm-linux-gcc
configure:2751: checking for C compiler version
configure:2760: arm-linux-gcc --version >&5
arm-linux-gcc (crosstool-NG 1.13.3) 4.4.6
Copyright (C) 2010 Free Software Foundation, Inc.
This is free software; see the source for copying conditions.  There is NO
warranty; not even for MERCHANTABILITY or FITNESS FOR A PARTICULAR PURPOSE.

configure:2771: $? = 0
configure:2760: arm-linux-gcc -v >&5
Using built-in specs.
Target: arm-jyxtec-linux-gnueabi
Configured with: /home/d02cj/arm/crosstool_build/.build/src/gcc-4.4.6/configure --build=i686-build_pc-linux-gnu --host=i686-build_pc-linux-gnu --target=arm-jyxtec-linux-gnueabi --prefix=/home/d02cj/x-tools/arm-jyxtec-linux-gnueabi --with-sysroot=/home/d02cj/x-tools/arm-jyxtec-linux-gnueabi/arm-jyxtec-linux-gnueabi/sysroot --enable-languages=c,c++ --disable-multilib --with-arch=armv5te --with-cpu=arm926ej-s --with-tune=arm926ej-s --with-float=soft --with-pkgversion='crosstool-NG 1.13.3' --disable-sjlj-exceptions --enable-__cxa_atexit --disable-libmudflap --disable-libgomp --disable-libssp --with-gmp=/home/d02cj/arm/crosstool_build/.build/arm-jyxtec-linux-gnueabi/build/static --with-mpfr=/home/d02cj/arm/crosstool_build/.build/arm-jyxtec-linux-gnueabi/build/static --with-ppl=/home/d02cj/arm/crosstool_build/.build/arm-jyxtec-linux-gnueabi/build/static --with-cloog=/home/d02cj/arm/crosstool_build/.build/arm-jyxtec-linux-gnueabi/build/static --enable-threads=posix --enable-target-optspace --with-local-prefix=/home/d02cj/x-tools/arm-jyxtec-linux-gnueabi/arm-jyxtec-linux-gnueabi/sysroot --disable-nls --enable-c99 --enable-long-long
Thread model: posix
gcc version 4.4.6 (crosstool-NG 1.13.3) 
configure:2771: $? = 0
configure:2760: arm-linux-gcc -V >&5
arm-linux-gcc: '-V' option must have argument
configure:2771: $? = 1
configure:2760: arm-linux-gcc -qversion >&5
arm-linux-gcc: unrecognized option '-qversion'
arm-linux-gcc: no input files
configure:2771: $? = 1
configure:2791: checking whether the C compiler works
configure:2813: arm-linux-gcc    conftest.c  >&5
configure:2817: $? = 0
configure:2866: result: yes
configure:2869: checking for C compiler default output file name
configure:2871: result: a.out
configure:2877: checking for suffix of executables
configure:2884: arm-linux-gcc -o conftest    conftest.c  >&5
configure:2888: $? = 0
configure:2910: result: 
configure:2932: checking whether we are cross compiling
configure:2940: arm-linux-gcc -o conftest    conftest.c  >&5
configure:2944: $? = 0
configure:2951: ./conftest
./configure: line 2953: ./conftest: cannot execute binary file
configure:2955: $? = 126
configure:2970: result: yes
configure:2975: checking for suffix of object files
configure:2997: arm-linux-gcc -c   conftest.c >&5
configure:3001: $? = 0
configure:3022: result: o
configure:3026: checking whether we are using the GNU C compiler
configure:3045: arm-linux-gcc -c   conftest.c >&5
configure:3045: $? = 0
configure:3054: result: yes
configure:3063: checking whether arm-linux-gcc accepts -g
configure:3083: arm-linux-gcc -c -g  conftest.c >&5
configure:3083: $? = 0
configure:3124: result: yes
configure:3141: checking for arm-linux-gcc option to accept ISO C89
configure:3205: arm-linux-gcc  -c -g -O2  conftest.c >&5
configure:3205: $? = 0
configure:3218: result: none needed
configure:3348: checking threads
configure:3364: arm-linux-gcc -o conftest -g -O2   conftest.c  >&5
/tmp/ccJVRhzS.o: In function `main':
/home/wu/workspace/drivers/ext_1st/download/uvc_app/motion-3.2.12/conftest.c:13: undefined reference to `pthread_join'
/home/wu/workspace/drivers/ext_1st/download/uvc_app/motion-3.2.12/conftest.c:14: undefined reference to `__pthread_register_cancel'
/home/wu/workspace/drivers/ext_1st/download/uvc_app/motion-3.2.12/conftest.c:15: undefined reference to `pthread_create'
/home/wu/workspace/drivers/ext_1st/download/uvc_app/motion-3.2.12/conftest.c:15: undefined reference to `__pthread_unregister_cancel'
collect2: ld returned 1 exit status
configure:3364: $? = 1
configure: failed program was:
| /* confdefs.h */
| #define PACKAGE_NAME "motion"
| #define PACKAGE_TARNAME "motion"
| #define PACKAGE_VERSION "3.2.12"
| #define PACKAGE_STRING "motion 3.2.12"
| #define PACKAGE_BUGREPORT ""
| #define PACKAGE_URL ""
| /* end confdefs.h.  */
| #include <pthread.h>
| int
| main ()
| {
| pthread_t th; pthread_join(th, 0);
|  pthread_attr_init(0); pthread_cleanup_push(0, 0);
|  pthread_create(0,0,0,0); pthread_cleanup_pop(0);
|   ;
|   return 0;
| }
configure:3381: result: yes
configure:3410: checking for libjpeg-mmx
configure:3412: result: skipping
configure:3505: checking for libjpeg
configure:3509: checking for jpeg_set_defaults in -ljpeg
configure:3534: arm-linux-gcc -o conftest -g -O2    conftest.c -ljpeg   >&5
configure:3534: $? = 0
configure:3543: result: yes
configure:3588: checking for ffmpeg autodetecting
configure:3610: result: not found
configure:3754: checking for mysql support
configure:3790: result: testing
configure:3795: checking autodect mysql headers
configure:3831: result: not found
configure:3989: checking for PostgreSQL
configure:3996: result: testing
configure:4002: checking autodect pgsql headers
configure:4028: result: not found
configure:4154: checking how to run the C preprocessor
configure:4185: arm-linux-gcc -E  conftest.c
configure:4185: $? = 0
configure:4199: arm-linux-gcc -E  conftest.c
conftest.c:9:28: error: ac_nonexistent.h: No such file or directory
configure:4199: $? = 1
configure: failed program was:
| /* confdefs.h */
| #define PACKAGE_NAME "motion"
| #define PACKAGE_TARNAME "motion"
| #define PACKAGE_VERSION "3.2.12"
| #define PACKAGE_STRING "motion 3.2.12"
| #define PACKAGE_BUGREPORT ""
| #define PACKAGE_URL ""
| /* end confdefs.h.  */
| #include <ac_nonexistent.h>
configure:4224: result: arm-linux-gcc -E
configure:4244: arm-linux-gcc -E  conftest.c
configure:4244: $? = 0
configure:4258: arm-linux-gcc -E  conftest.c
conftest.c:9:28: error: ac_nonexistent.h: No such file or directory
configure:4258: $? = 1
configure: failed program was:
| /* confdefs.h */
| #define PACKAGE_NAME "motion"
| #define PACKAGE_TARNAME "motion"
| #define PACKAGE_VERSION "3.2.12"
| #define PACKAGE_STRING "motion 3.2.12"
| #define PACKAGE_BUGREPORT ""
| #define PACKAGE_URL ""
| /* end confdefs.h.  */
| #include <ac_nonexistent.h>
configure:4287: checking for grep that handles long lines and -e
configure:4345: result: /bin/grep
configure:4350: checking for egrep
configure:4412: result: /bin/grep -E
configure:4417: checking for ANSI C header files
configure:4437: arm-linux-gcc -c -g -O2  conftest.c >&5
configure:4437: $? = 0
configure:4521: result: yes
configure:4534: checking for sys/types.h
configure:4534: arm-linux-gcc -c -g -O2  conftest.c >&5
configure:4534: $? = 0
configure:4534: result: yes
configure:4534: checking for sys/stat.h
configure:4534: arm-linux-gcc -c -g -O2  conftest.c >&5
configure:4534: $? = 0
configure:4534: result: yes
configure:4534: checking for stdlib.h
configure:4534: arm-linux-gcc -c -g -O2  conftest.c >&5
configure:4534: $? = 0
configure:4534: result: yes
configure:4534: checking for string.h
configure:4534: arm-linux-gcc -c -g -O2  conftest.c >&5
configure:4534: $? = 0
configure:4534: result: yes
configure:4534: checking for memory.h
configure:4534: arm-linux-gcc -c -g -O2  conftest.c >&5
configure:4534: $? = 0
configure:4534: result: yes
configure:4534: checking for strings.h
configure:4534: arm-linux-gcc -c -g -O2  conftest.c >&5
configure:4534: $? = 0
configure:4534: result: yes
configure:4534: checking for inttypes.h
configure:4534: arm-linux-gcc -c -g -O2  conftest.c >&5
configure:4534: $? = 0
configure:4534: result: yes
configure:4534: checking for stdint.h
configure:4534: arm-linux-gcc -c -g -O2  conftest.c >&5
configure:4534: $? = 0
configure:4534: result: yes
configure:4534: checking for unistd.h
configure:4534: arm-linux-gcc -c -g -O2  conftest.c >&5
configure:4534: $? = 0
configure:4534: result: yes
configure:4550: checking stdio.h usability
configure:4550: arm-linux-gcc -c -g -O2  conftest.c >&5
configure:4550: $? = 0
configure:4550: result: yes
configure:4550: checking stdio.h presence
configure:4550: arm-linux-gcc -E  conftest.c
configure:4550: $? = 0
configure:4550: result: yes
configure:4550: checking for stdio.h
configure:4550: result: yes
configure:4550: checking for unistd.h
configure:4550: result: yes
configure:4550: checking for stdint.h
configure:4550: result: yes
configure:4550: checking fcntl.h usability
configure:4550: arm-linux-gcc -c -g -O2  conftest.c >&5
configure:4550: $? = 0
configure:4550: result: yes
configure:4550: checking fcntl.h presence
configure:4550: arm-linux-gcc -E  conftest.c
configure:4550: $? = 0
configure:4550: result: yes
configure:4550: checking for fcntl.h
configure:4550: result: yes
configure:4550: checking time.h usability
configure:4550: arm-linux-gcc -c -g -O2  conftest.c >&5
configure:4550: $? = 0
configure:4550: result: yes
configure:4550: checking time.h presence
configure:4550: arm-linux-gcc -E  conftest.c
configure:4550: $? = 0
configure:4550: result: yes
configure:4550: checking for time.h
configure:4550: result: yes
configure:4550: checking signal.h usability
configure:4550: arm-linux-gcc -c -g -O2  conftest.c >&5
configure:4550: $? = 0
configure:4550: result: yes
configure:4550: checking signal.h presence
configure:4550: arm-linux-gcc -E  conftest.c
configure:4550: $? = 0
configure:4550: result: yes
configure:4550: checking for signal.h
configure:4550: result: yes
configure:4550: checking sys/ioctl.h usability
configure:4550: arm-linux-gcc -c -g -O2  conftest.c >&5
configure:4550: $? = 0
configure:4550: result: yes
configure:4550: checking sys/ioctl.h presence
configure:4550: arm-linux-gcc -E  conftest.c
configure:4550: $? = 0
configure:4550: result: yes
configure:4550: checking for sys/ioctl.h
configure:4550: result: yes
configure:4550: checking sys/mman.h usability
configure:4550: arm-linux-gcc -c -g -O2  conftest.c >&5
configure:4550: $? = 0
configure:4550: result: yes
configure:4550: checking sys/mman.h presence
configure:4550: arm-linux-gcc -E  conftest.c
configure:4550: $? = 0
configure:4550: result: yes
configure:4550: checking for sys/mman.h
configure:4550: result: yes
configure:4550: checking linux/videodev.h usability
configure:4550: arm-linux-gcc -c -g -O2  conftest.c >&5
configure:4550: $? = 0
configure:4550: result: yes
configure:4550: checking linux/videodev.h presence
configure:4550: arm-linux-gcc -E  conftest.c
configure:4550: $? = 0
configure:4550: result: yes
configure:4550: checking for linux/videodev.h
configure:4550: result: yes
configure:4550: checking linux/videodev2.h usability
configure:4550: arm-linux-gcc -c -g -O2  conftest.c >&5
configure:4550: $? = 0
configure:4550: result: yes
configure:4550: checking linux/videodev2.h presence
configure:4550: arm-linux-gcc -E  conftest.c
configure:4550: $? = 0
configure:4550: result: yes
configure:4550: checking for linux/videodev2.h
configure:4550: result: yes
configure:4550: checking sys/param.h usability
configure:4550: arm-linux-gcc -c -g -O2  conftest.c >&5
configure:4550: $? = 0
configure:4550: result: yes
configure:4550: checking sys/param.h presence
configure:4550: arm-linux-gcc -E  conftest.c
configure:4550: $? = 0
configure:4550: result: yes
configure:4550: checking for sys/param.h
configure:4550: result: yes
configure:4550: checking for sys/types.h
configure:4550: result: yes
configure:4564: checking for get_current_dir_name
configure:4564: arm-linux-gcc -o conftest -g -O2    conftest.c  >&5
configure:4564: $? = 0
configure:4564: result: yes
configure:4585: checking for struct v4l2_buffer
configure:4585: arm-linux-gcc -c -g -O2  conftest.c >&5
configure:4585: $? = 0
configure:4585: arm-linux-gcc -c -g -O2  conftest.c >&5
conftest.c: In function 'main':
conftest.c:38: error: expected expression before ')' token
configure:4585: $? = 1
configure: failed program was:
| /* confdefs.h */
| #define PACKAGE_NAME "motion"
| #define PACKAGE_TARNAME "motion"
| #define PACKAGE_VERSION "3.2.12"
| #define PACKAGE_STRING "motion 3.2.12"
| #define PACKAGE_BUGREPORT ""
| #define PACKAGE_URL ""
| #define STDC_HEADERS 1
| #define HAVE_SYS_TYPES_H 1
| #define HAVE_SYS_STAT_H 1
| #define HAVE_STDLIB_H 1
| #define HAVE_STRING_H 1
| #define HAVE_MEMORY_H 1
| #define HAVE_STRINGS_H 1
| #define HAVE_INTTYPES_H 1
| #define HAVE_STDINT_H 1
| #define HAVE_UNISTD_H 1
| #define HAVE_STDIO_H 1
| #define HAVE_UNISTD_H 1
| #define HAVE_STDINT_H 1
| #define HAVE_FCNTL_H 1
| #define HAVE_TIME_H 1
| #define HAVE_SIGNAL_H 1
| #define HAVE_SYS_IOCTL_H 1
| #define HAVE_SYS_MMAN_H 1
| #define HAVE_LINUX_VIDEODEV_H 1
| #define HAVE_LINUX_VIDEODEV2_H 1
| #define HAVE_SYS_PARAM_H 1
| #define HAVE_SYS_TYPES_H 1
| #define HAVE_GET_CURRENT_DIR_NAME 1
| /* end confdefs.h.  */
| #include <sys/time.h>
| 			#include <linux/videodev.h>
| 
| int
| main ()
| {
| if (sizeof ((struct v4l2_buffer)))
| 	    return 0;
|   ;
|   return 0;
| }
configure:4585: result: yes
configure:4595: checking for V42L support
configure:4598: result: yes
configure:4641: checking size of short
configure:4646: arm-linux-gcc -c -g -O2  conftest.c >&5
configure:4646: $? = 0
configure:4646: arm-linux-gcc -c -g -O2  conftest.c >&5
conftest.c: In function 'main':
conftest.c:68: error: size of array 'test_array' is negative
configure:4646: $? = 1
configure: failed program was:
| /* confdefs.h */
| #define PACKAGE_NAME "motion"
| #define PACKAGE_TARNAME "motion"
| #define PACKAGE_VERSION "3.2.12"
| #define PACKAGE_STRING "motion 3.2.12"
| #define PACKAGE_BUGREPORT ""
| #define PACKAGE_URL ""
| #define STDC_HEADERS 1
| #define HAVE_SYS_TYPES_H 1
| #define HAVE_SYS_STAT_H 1
| #define HAVE_STDLIB_H 1
| #define HAVE_STRING_H 1
| #define HAVE_MEMORY_H 1
| #define HAVE_STRINGS_H 1
| #define HAVE_INTTYPES_H 1
| #define HAVE_STDINT_H 1
| #define HAVE_UNISTD_H 1
| #define HAVE_STDIO_H 1
| #define HAVE_UNISTD_H 1
| #define HAVE_STDINT_H 1
| #define HAVE_FCNTL_H 1
| #define HAVE_TIME_H 1
| #define HAVE_SIGNAL_H 1
| #define HAVE_SYS_IOCTL_H 1
| #define HAVE_SYS_MMAN_H 1
| #define HAVE_LINUX_VIDEODEV_H 1
| #define HAVE_LINUX_VIDEODEV2_H 1
| #define HAVE_SYS_PARAM_H 1
| #define HAVE_SYS_TYPES_H 1
| #define HAVE_GET_CURRENT_DIR_NAME 1
| /* end confdefs.h.  */
| #include <stdio.h>
| #ifdef HAVE_SYS_TYPES_H
| # include <sys/types.h>
| #endif
| #ifdef HAVE_SYS_STAT_H
| # include <sys/stat.h>
| #endif
| #ifdef STDC_HEADERS
| # include <stdlib.h>
| # include <stddef.h>
| #else
| # ifdef HAVE_STDLIB_H
| #  include <stdlib.h>
| # endif
| #endif
| #ifdef HAVE_STRING_H
| # if !defined STDC_HEADERS && defined HAVE_MEMORY_H
| #  include <memory.h>
| # endif
| # include <string.h>
| #endif
| #ifdef HAVE_STRINGS_H
| # include <strings.h>
| #endif
| #ifdef HAVE_INTTYPES_H
| # include <inttypes.h>
| #endif
| #ifdef HAVE_STDINT_H
| # include <stdint.h>
| #endif
| #ifdef HAVE_UNISTD_H
| # include <unistd.h>
| #endif
| int
| main ()
| {
| static int test_array [1 - 2 * !(((long int) (sizeof (short))) <= 0)];
| test_array [0] = 0
| 
|   ;
|   return 0;
| }
configure:4646: arm-linux-gcc -c -g -O2  conftest.c >&5
conftest.c: In function 'main':
conftest.c:68: error: size of array 'test_array' is negative
configure:4646: $? = 1
configure: failed program was:
| /* confdefs.h */
| #define PACKAGE_NAME "motion"
| #define PACKAGE_TARNAME "motion"
| #define PACKAGE_VERSION "3.2.12"
| #define PACKAGE_STRING "motion 3.2.12"
| #define PACKAGE_BUGREPORT ""
| #define PACKAGE_URL ""
| #define STDC_HEADERS 1
| #define HAVE_SYS_TYPES_H 1
| #define HAVE_SYS_STAT_H 1
| #define HAVE_STDLIB_H 1
| #define HAVE_STRING_H 1
| #define HAVE_MEMORY_H 1
| #define HAVE_STRINGS_H 1
| #define HAVE_INTTYPES_H 1
| #define HAVE_STDINT_H 1
| #define HAVE_UNISTD_H 1
| #define HAVE_STDIO_H 1
| #define HAVE_UNISTD_H 1
| #define HAVE_STDINT_H 1
| #define HAVE_FCNTL_H 1
| #define HAVE_TIME_H 1
| #define HAVE_SIGNAL_H 1
| #define HAVE_SYS_IOCTL_H 1
| #define HAVE_SYS_MMAN_H 1
| #define HAVE_LINUX_VIDEODEV_H 1
| #define HAVE_LINUX_VIDEODEV2_H 1
| #define HAVE_SYS_PARAM_H 1
| #define HAVE_SYS_TYPES_H 1
| #define HAVE_GET_CURRENT_DIR_NAME 1
| /* end confdefs.h.  */
| #include <stdio.h>
| #ifdef HAVE_SYS_TYPES_H
| # include <sys/types.h>
| #endif
| #ifdef HAVE_SYS_STAT_H
| # include <sys/stat.h>
| #endif
| #ifdef STDC_HEADERS
| # include <stdlib.h>
| # include <stddef.h>
| #else
| # ifdef HAVE_STDLIB_H
| #  include <stdlib.h>
| # endif
| #endif
| #ifdef HAVE_STRING_H
| # if !defined STDC_HEADERS && defined HAVE_MEMORY_H
| #  include <memory.h>
| # endif
| # include <string.h>
| #endif
| #ifdef HAVE_STRINGS_H
| # include <strings.h>
| #endif
| #ifdef HAVE_INTTYPES_H
| # include <inttypes.h>
| #endif
| #ifdef HAVE_STDINT_H
| # include <stdint.h>
| #endif
| #ifdef HAVE_UNISTD_H
| # include <unistd.h>
| #endif
| int
| main ()
| {
| static int test_array [1 - 2 * !(((long int) (sizeof (short))) <= 1)];
| test_array [0] = 0
| 
|   ;
|   return 0;
| }
configure:4646: arm-linux-gcc -c -g -O2  conftest.c >&5
configure:4646: $? = 0
configure:4646: arm-linux-gcc -c -g -O2  conftest.c >&5
configure:4646: $? = 0
configure:4661: result: 2
configure:4675: checking size of int
configure:4680: arm-linux-gcc -c -g -O2  conftest.c >&5
configure:4680: $? = 0
configure:4680: arm-linux-gcc -c -g -O2  conftest.c >&5
conftest.c: In function 'main':
conftest.c:69: error: size of array 'test_array' is negative
configure:4680: $? = 1
configure: failed program was:
| /* confdefs.h */
| #define PACKAGE_NAME "motion"
| #define PACKAGE_TARNAME "motion"
| #define PACKAGE_VERSION "3.2.12"
| #define PACKAGE_STRING "motion 3.2.12"
| #define PACKAGE_BUGREPORT ""
| #define PACKAGE_URL ""
| #define STDC_HEADERS 1
| #define HAVE_SYS_TYPES_H 1
| #define HAVE_SYS_STAT_H 1
| #define HAVE_STDLIB_H 1
| #define HAVE_STRING_H 1
| #define HAVE_MEMORY_H 1
| #define HAVE_STRINGS_H 1
| #define HAVE_INTTYPES_H 1
| #define HAVE_STDINT_H 1
| #define HAVE_UNISTD_H 1
| #define HAVE_STDIO_H 1
| #define HAVE_UNISTD_H 1
| #define HAVE_STDINT_H 1
| #define HAVE_FCNTL_H 1
| #define HAVE_TIME_H 1
| #define HAVE_SIGNAL_H 1
| #define HAVE_SYS_IOCTL_H 1
| #define HAVE_SYS_MMAN_H 1
| #define HAVE_LINUX_VIDEODEV_H 1
| #define HAVE_LINUX_VIDEODEV2_H 1
| #define HAVE_SYS_PARAM_H 1
| #define HAVE_SYS_TYPES_H 1
| #define HAVE_GET_CURRENT_DIR_NAME 1
| #define SIZEOF_SHORT 2
| /* end confdefs.h.  */
| #include <stdio.h>
| #ifdef HAVE_SYS_TYPES_H
| # include <sys/types.h>
| #endif
| #ifdef HAVE_SYS_STAT_H
| # include <sys/stat.h>
| #endif
| #ifdef STDC_HEADERS
| # include <stdlib.h>
| # include <stddef.h>
| #else
| # ifdef HAVE_STDLIB_H
| #  include <stdlib.h>
| # endif
| #endif
| #ifdef HAVE_STRING_H
| # if !defined STDC_HEADERS && defined HAVE_MEMORY_H
| #  include <memory.h>
| # endif
| # include <string.h>
| #endif
| #ifdef HAVE_STRINGS_H
| # include <strings.h>
| #endif
| #ifdef HAVE_INTTYPES_H
| # include <inttypes.h>
| #endif
| #ifdef HAVE_STDINT_H
| # include <stdint.h>
| #endif
| #ifdef HAVE_UNISTD_H
| # include <unistd.h>
| #endif
| int
| main ()
| {
| static int test_array [1 - 2 * !(((long int) (sizeof (int))) <= 0)];
| test_array [0] = 0
| 
|   ;
|   return 0;
| }
configure:4680: arm-linux-gcc -c -g -O2  conftest.c >&5
conftest.c: In function 'main':
conftest.c:69: error: size of array 'test_array' is negative
configure:4680: $? = 1
configure: failed program was:
| /* confdefs.h */
| #define PACKAGE_NAME "motion"
| #define PACKAGE_TARNAME "motion"
| #define PACKAGE_VERSION "3.2.12"
| #define PACKAGE_STRING "motion 3.2.12"
| #define PACKAGE_BUGREPORT ""
| #define PACKAGE_URL ""
| #define STDC_HEADERS 1
| #define HAVE_SYS_TYPES_H 1
| #define HAVE_SYS_STAT_H 1
| #define HAVE_STDLIB_H 1
| #define HAVE_STRING_H 1
| #define HAVE_MEMORY_H 1
| #define HAVE_STRINGS_H 1
| #define HAVE_INTTYPES_H 1
| #define HAVE_STDINT_H 1
| #define HAVE_UNISTD_H 1
| #define HAVE_STDIO_H 1
| #define HAVE_UNISTD_H 1
| #define HAVE_STDINT_H 1
| #define HAVE_FCNTL_H 1
| #define HAVE_TIME_H 1
| #define HAVE_SIGNAL_H 1
| #define HAVE_SYS_IOCTL_H 1
| #define HAVE_SYS_MMAN_H 1
| #define HAVE_LINUX_VIDEODEV_H 1
| #define HAVE_LINUX_VIDEODEV2_H 1
| #define HAVE_SYS_PARAM_H 1
| #define HAVE_SYS_TYPES_H 1
| #define HAVE_GET_CURRENT_DIR_NAME 1
| #define SIZEOF_SHORT 2
| /* end confdefs.h.  */
| #include <stdio.h>
| #ifdef HAVE_SYS_TYPES_H
| # include <sys/types.h>
| #endif
| #ifdef HAVE_SYS_STAT_H
| # include <sys/stat.h>
| #endif
| #ifdef STDC_HEADERS
| # include <stdlib.h>
| # include <stddef.h>
| #else
| # ifdef HAVE_STDLIB_H
| #  include <stdlib.h>
| # endif
| #endif
| #ifdef HAVE_STRING_H
| # if !defined STDC_HEADERS && defined HAVE_MEMORY_H
| #  include <memory.h>
| # endif
| # include <string.h>
| #endif
| #ifdef HAVE_STRINGS_H
| # include <strings.h>
| #endif
| #ifdef HAVE_INTTYPES_H
| # include <inttypes.h>
| #endif
| #ifdef HAVE_STDINT_H
| # include <stdint.h>
| #endif
| #ifdef HAVE_UNISTD_H
| # include <unistd.h>
| #endif
| int
| main ()
| {
| static int test_array [1 - 2 * !(((long int) (sizeof (int))) <= 1)];
| test_array [0] = 0
| 
|   ;
|   return 0;
| }
configure:4680: arm-linux-gcc -c -g -O2  conftest.c >&5
conftest.c: In function 'main':
conftest.c:69: error: size of array 'test_array' is negative
configure:4680: $? = 1
configure: failed program was:
| /* confdefs.h */
| #define PACKAGE_NAME "motion"
| #define PACKAGE_TARNAME "motion"
| #define PACKAGE_VERSION "3.2.12"
| #define PACKAGE_STRING "motion 3.2.12"
| #define PACKAGE_BUGREPORT ""
| #define PACKAGE_URL ""
| #define STDC_HEADERS 1
| #define HAVE_SYS_TYPES_H 1
| #define HAVE_SYS_STAT_H 1
| #define HAVE_STDLIB_H 1
| #define HAVE_STRING_H 1
| #define HAVE_MEMORY_H 1
| #define HAVE_STRINGS_H 1
| #define HAVE_INTTYPES_H 1
| #define HAVE_STDINT_H 1
| #define HAVE_UNISTD_H 1
| #define HAVE_STDIO_H 1
| #define HAVE_UNISTD_H 1
| #define HAVE_STDINT_H 1
| #define HAVE_FCNTL_H 1
| #define HAVE_TIME_H 1
| #define HAVE_SIGNAL_H 1
| #define HAVE_SYS_IOCTL_H 1
| #define HAVE_SYS_MMAN_H 1
| #define HAVE_LINUX_VIDEODEV_H 1
| #define HAVE_LINUX_VIDEODEV2_H 1
| #define HAVE_SYS_PARAM_H 1
| #define HAVE_SYS_TYPES_H 1
| #define HAVE_GET_CURRENT_DIR_NAME 1
| #define SIZEOF_SHORT 2
| /* end confdefs.h.  */
| #include <stdio.h>
| #ifdef HAVE_SYS_TYPES_H
| # include <sys/types.h>
| #endif
| #ifdef HAVE_SYS_STAT_H
| # include <sys/stat.h>
| #endif
| #ifdef STDC_HEADERS
| # include <stdlib.h>
| # include <stddef.h>
| #else
| # ifdef HAVE_STDLIB_H
| #  include <stdlib.h>
| # endif
| #endif
| #ifdef HAVE_STRING_H
| # if !defined STDC_HEADERS && defined HAVE_MEMORY_H
| #  include <memory.h>
| # endif
| # include <string.h>
| #endif
| #ifdef HAVE_STRINGS_H
| # include <strings.h>
| #endif
| #ifdef HAVE_INTTYPES_H
| # include <inttypes.h>
| #endif
| #ifdef HAVE_STDINT_H
| # include <stdint.h>
| #endif
| #ifdef HAVE_UNISTD_H
| # include <unistd.h>
| #endif
| int
| main ()
| {
| static int test_array [1 - 2 * !(((long int) (sizeof (int))) <= 3)];
| test_array [0] = 0
| 
|   ;
|   return 0;
| }
configure:4680: arm-linux-gcc -c -g -O2  conftest.c >&5
configure:4680: $? = 0
configure:4680: arm-linux-gcc -c -g -O2  conftest.c >&5
configure:4680: $? = 0
configure:4680: arm-linux-gcc -c -g -O2  conftest.c >&5
configure:4680: $? = 0
configure:4695: result: 4
configure:4709: checking size of long int
configure:4714: arm-linux-gcc -c -g -O2  conftest.c >&5
configure:4714: $? = 0
configure:4714: arm-linux-gcc -c -g -O2  conftest.c >&5
conftest.c: In function 'main':
conftest.c:70: error: size of array 'test_array' is negative
configure:4714: $? = 1
configure: failed program was:
| /* confdefs.h */
| #define PACKAGE_NAME "motion"
| #define PACKAGE_TARNAME "motion"
| #define PACKAGE_VERSION "3.2.12"
| #define PACKAGE_STRING "motion 3.2.12"
| #define PACKAGE_BUGREPORT ""
| #define PACKAGE_URL ""
| #define STDC_HEADERS 1
| #define HAVE_SYS_TYPES_H 1
| #define HAVE_SYS_STAT_H 1
| #define HAVE_STDLIB_H 1
| #define HAVE_STRING_H 1
| #define HAVE_MEMORY_H 1
| #define HAVE_STRINGS_H 1
| #define HAVE_INTTYPES_H 1
| #define HAVE_STDINT_H 1
| #define HAVE_UNISTD_H 1
| #define HAVE_STDIO_H 1
| #define HAVE_UNISTD_H 1
| #define HAVE_STDINT_H 1
| #define HAVE_FCNTL_H 1
| #define HAVE_TIME_H 1
| #define HAVE_SIGNAL_H 1
| #define HAVE_SYS_IOCTL_H 1
| #define HAVE_SYS_MMAN_H 1
| #define HAVE_LINUX_VIDEODEV_H 1
| #define HAVE_LINUX_VIDEODEV2_H 1
| #define HAVE_SYS_PARAM_H 1
| #define HAVE_SYS_TYPES_H 1
| #define HAVE_GET_CURRENT_DIR_NAME 1
| #define SIZEOF_SHORT 2
| #define SIZEOF_INT 4
| /* end confdefs.h.  */
| #include <stdio.h>
| #ifdef HAVE_SYS_TYPES_H
| # include <sys/types.h>
| #endif
| #ifdef HAVE_SYS_STAT_H
| # include <sys/stat.h>
| #endif
| #ifdef STDC_HEADERS
| # include <stdlib.h>
| # include <stddef.h>
| #else
| # ifdef HAVE_STDLIB_H
| #  include <stdlib.h>
| # endif
| #endif
| #ifdef HAVE_STRING_H
| # if !defined STDC_HEADERS && defined HAVE_MEMORY_H
| #  include <memory.h>
| # endif
| # include <string.h>
| #endif
| #ifdef HAVE_STRINGS_H
| # include <strings.h>
| #endif
| #ifdef HAVE_INTTYPES_H
| # include <inttypes.h>
| #endif
| #ifdef HAVE_STDINT_H
| # include <stdint.h>
| #endif
| #ifdef HAVE_UNISTD_H
| # include <unistd.h>
| #endif
| int
| main ()
| {
| static int test_array [1 - 2 * !(((long int) (sizeof (long int))) <= 0)];
| test_array [0] = 0
| 
|   ;
|   return 0;
| }
configure:4714: arm-linux-gcc -c -g -O2  conftest.c >&5
conftest.c: In function 'main':
conftest.c:70: error: size of array 'test_array' is negative
configure:4714: $? = 1
configure: failed program was:
| /* confdefs.h */
| #define PACKAGE_NAME "motion"
| #define PACKAGE_TARNAME "motion"
| #define PACKAGE_VERSION "3.2.12"
| #define PACKAGE_STRING "motion 3.2.12"
| #define PACKAGE_BUGREPORT ""
| #define PACKAGE_URL ""
| #define STDC_HEADERS 1
| #define HAVE_SYS_TYPES_H 1
| #define HAVE_SYS_STAT_H 1
| #define HAVE_STDLIB_H 1
| #define HAVE_STRING_H 1
| #define HAVE_MEMORY_H 1
| #define HAVE_STRINGS_H 1
| #define HAVE_INTTYPES_H 1
| #define HAVE_STDINT_H 1
| #define HAVE_UNISTD_H 1
| #define HAVE_STDIO_H 1
| #define HAVE_UNISTD_H 1
| #define HAVE_STDINT_H 1
| #define HAVE_FCNTL_H 1
| #define HAVE_TIME_H 1
| #define HAVE_SIGNAL_H 1
| #define HAVE_SYS_IOCTL_H 1
| #define HAVE_SYS_MMAN_H 1
| #define HAVE_LINUX_VIDEODEV_H 1
| #define HAVE_LINUX_VIDEODEV2_H 1
| #define HAVE_SYS_PARAM_H 1
| #define HAVE_SYS_TYPES_H 1
| #define HAVE_GET_CURRENT_DIR_NAME 1
| #define SIZEOF_SHORT 2
| #define SIZEOF_INT 4
| /* end confdefs.h.  */
| #include <stdio.h>
| #ifdef HAVE_SYS_TYPES_H
| # include <sys/types.h>
| #endif
| #ifdef HAVE_SYS_STAT_H
| # include <sys/stat.h>
| #endif
| #ifdef STDC_HEADERS
| # include <stdlib.h>
| # include <stddef.h>
| #else
| # ifdef HAVE_STDLIB_H
| #  include <stdlib.h>
| # endif
| #endif
| #ifdef HAVE_STRING_H
| # if !defined STDC_HEADERS && defined HAVE_MEMORY_H
| #  include <memory.h>
| # endif
| # include <string.h>
| #endif
| #ifdef HAVE_STRINGS_H
| # include <strings.h>
| #endif
| #ifdef HAVE_INTTYPES_H
| # include <inttypes.h>
| #endif
| #ifdef HAVE_STDINT_H
| # include <stdint.h>
| #endif
| #ifdef HAVE_UNISTD_H
| # include <unistd.h>
| #endif
| int
| main ()
| {
| static int test_array [1 - 2 * !(((long int) (sizeof (long int))) <= 1)];
| test_array [0] = 0
| 
|   ;
|   return 0;
| }
configure:4714: arm-linux-gcc -c -g -O2  conftest.c >&5
conftest.c: In function 'main':
conftest.c:70: error: size of array 'test_array' is negative
configure:4714: $? = 1
configure: failed program was:
| /* confdefs.h */
| #define PACKAGE_NAME "motion"
| #define PACKAGE_TARNAME "motion"
| #define PACKAGE_VERSION "3.2.12"
| #define PACKAGE_STRING "motion 3.2.12"
| #define PACKAGE_BUGREPORT ""
| #define PACKAGE_URL ""
| #define STDC_HEADERS 1
| #define HAVE_SYS_TYPES_H 1
| #define HAVE_SYS_STAT_H 1
| #define HAVE_STDLIB_H 1
| #define HAVE_STRING_H 1
| #define HAVE_MEMORY_H 1
| #define HAVE_STRINGS_H 1
| #define HAVE_INTTYPES_H 1
| #define HAVE_STDINT_H 1
| #define HAVE_UNISTD_H 1
| #define HAVE_STDIO_H 1
| #define HAVE_UNISTD_H 1
| #define HAVE_STDINT_H 1
| #define HAVE_FCNTL_H 1
| #define HAVE_TIME_H 1
| #define HAVE_SIGNAL_H 1
| #define HAVE_SYS_IOCTL_H 1
| #define HAVE_SYS_MMAN_H 1
| #define HAVE_LINUX_VIDEODEV_H 1
| #define HAVE_LINUX_VIDEODEV2_H 1
| #define HAVE_SYS_PARAM_H 1
| #define HAVE_SYS_TYPES_H 1
| #define HAVE_GET_CURRENT_DIR_NAME 1
| #define SIZEOF_SHORT 2
| #define SIZEOF_INT 4
| /* end confdefs.h.  */
| #include <stdio.h>
| #ifdef HAVE_SYS_TYPES_H
| # include <sys/types.h>
| #endif
| #ifdef HAVE_SYS_STAT_H
| # include <sys/stat.h>
| #endif
| #ifdef STDC_HEADERS
| # include <stdlib.h>
| # include <stddef.h>
| #else
| # ifdef HAVE_STDLIB_H
| #  include <stdlib.h>
| # endif
| #endif
| #ifdef HAVE_STRING_H
| # if !defined STDC_HEADERS && defined HAVE_MEMORY_H
| #  include <memory.h>
| # endif
| # include <string.h>
| #endif
| #ifdef HAVE_STRINGS_H
| # include <strings.h>
| #endif
| #ifdef HAVE_INTTYPES_H
| # include <inttypes.h>
| #endif
| #ifdef HAVE_STDINT_H
| # include <stdint.h>
| #endif
| #ifdef HAVE_UNISTD_H
| # include <unistd.h>
| #endif
| int
| main ()
| {
| static int test_array [1 - 2 * !(((long int) (sizeof (long int))) <= 3)];
| test_array [0] = 0
| 
|   ;
|   return 0;
| }
configure:4714: arm-linux-gcc -c -g -O2  conftest.c >&5
configure:4714: $? = 0
configure:4714: arm-linux-gcc -c -g -O2  conftest.c >&5
configure:4714: $? = 0
configure:4714: arm-linux-gcc -c -g -O2  conftest.c >&5
configure:4714: $? = 0
configure:4729: result: 4
configure:4743: checking size of long long
configure:4748: arm-linux-gcc -c -g -O2  conftest.c >&5
configure:4748: $? = 0
configure:4748: arm-linux-gcc -c -g -O2  conftest.c >&5
conftest.c: In function 'main':
conftest.c:71: error: size of array 'test_array' is negative
configure:4748: $? = 1
configure: failed program was:
| /* confdefs.h */
| #define PACKAGE_NAME "motion"
| #define PACKAGE_TARNAME "motion"
| #define PACKAGE_VERSION "3.2.12"
| #define PACKAGE_STRING "motion 3.2.12"
| #define PACKAGE_BUGREPORT ""
| #define PACKAGE_URL ""
| #define STDC_HEADERS 1
| #define HAVE_SYS_TYPES_H 1
| #define HAVE_SYS_STAT_H 1
| #define HAVE_STDLIB_H 1
| #define HAVE_STRING_H 1
| #define HAVE_MEMORY_H 1
| #define HAVE_STRINGS_H 1
| #define HAVE_INTTYPES_H 1
| #define HAVE_STDINT_H 1
| #define HAVE_UNISTD_H 1
| #define HAVE_STDIO_H 1
| #define HAVE_UNISTD_H 1
| #define HAVE_STDINT_H 1
| #define HAVE_FCNTL_H 1
| #define HAVE_TIME_H 1
| #define HAVE_SIGNAL_H 1
| #define HAVE_SYS_IOCTL_H 1
| #define HAVE_SYS_MMAN_H 1
| #define HAVE_LINUX_VIDEODEV_H 1
| #define HAVE_LINUX_VIDEODEV2_H 1
| #define HAVE_SYS_PARAM_H 1
| #define HAVE_SYS_TYPES_H 1
| #define HAVE_GET_CURRENT_DIR_NAME 1
| #define SIZEOF_SHORT 2
| #define SIZEOF_INT 4
| #define SIZEOF_LONG_INT 4
| /* end confdefs.h.  */
| #include <stdio.h>
| #ifdef HAVE_SYS_TYPES_H
| # include <sys/types.h>
| #endif
| #ifdef HAVE_SYS_STAT_H
| # include <sys/stat.h>
| #endif
| #ifdef STDC_HEADERS
| # include <stdlib.h>
| # include <stddef.h>
| #else
| # ifdef HAVE_STDLIB_H
| #  include <stdlib.h>
| # endif
| #endif
| #ifdef HAVE_STRING_H
| # if !defined STDC_HEADERS && defined HAVE_MEMORY_H
| #  include <memory.h>
| # endif
| # include <string.h>
| #endif
| #ifdef HAVE_STRINGS_H
| # include <strings.h>
| #endif
| #ifdef HAVE_INTTYPES_H
| # include <inttypes.h>
| #endif
| #ifdef HAVE_STDINT_H
| # include <stdint.h>
| #endif
| #ifdef HAVE_UNISTD_H
| # include <unistd.h>
| #endif
| int
| main ()
| {
| static int test_array [1 - 2 * !(((long int) (sizeof (long long))) <= 0)];
| test_array [0] = 0
| 
|   ;
|   return 0;
| }
configure:4748: arm-linux-gcc -c -g -O2  conftest.c >&5
conftest.c: In function 'main':
conftest.c:71: error: size of array 'test_array' is negative
configure:4748: $? = 1
configure: failed program was:
| /* confdefs.h */
| #define PACKAGE_NAME "motion"
| #define PACKAGE_TARNAME "motion"
| #define PACKAGE_VERSION "3.2.12"
| #define PACKAGE_STRING "motion 3.2.12"
| #define PACKAGE_BUGREPORT ""
| #define PACKAGE_URL ""
| #define STDC_HEADERS 1
| #define HAVE_SYS_TYPES_H 1
| #define HAVE_SYS_STAT_H 1
| #define HAVE_STDLIB_H 1
| #define HAVE_STRING_H 1
| #define HAVE_MEMORY_H 1
| #define HAVE_STRINGS_H 1
| #define HAVE_INTTYPES_H 1
| #define HAVE_STDINT_H 1
| #define HAVE_UNISTD_H 1
| #define HAVE_STDIO_H 1
| #define HAVE_UNISTD_H 1
| #define HAVE_STDINT_H 1
| #define HAVE_FCNTL_H 1
| #define HAVE_TIME_H 1
| #define HAVE_SIGNAL_H 1
| #define HAVE_SYS_IOCTL_H 1
| #define HAVE_SYS_MMAN_H 1
| #define HAVE_LINUX_VIDEODEV_H 1
| #define HAVE_LINUX_VIDEODEV2_H 1
| #define HAVE_SYS_PARAM_H 1
| #define HAVE_SYS_TYPES_H 1
| #define HAVE_GET_CURRENT_DIR_NAME 1
| #define SIZEOF_SHORT 2
| #define SIZEOF_INT 4
| #define SIZEOF_LONG_INT 4
| /* end confdefs.h.  */
| #include <stdio.h>
| #ifdef HAVE_SYS_TYPES_H
| # include <sys/types.h>
| #endif
| #ifdef HAVE_SYS_STAT_H
| # include <sys/stat.h>
| #endif
| #ifdef STDC_HEADERS
| # include <stdlib.h>
| # include <stddef.h>
| #else
| # ifdef HAVE_STDLIB_H
| #  include <stdlib.h>
| # endif
| #endif
| #ifdef HAVE_STRING_H
| # if !defined STDC_HEADERS && defined HAVE_MEMORY_H
| #  include <memory.h>
| # endif
| # include <string.h>
| #endif
| #ifdef HAVE_STRINGS_H
| # include <strings.h>
| #endif
| #ifdef HAVE_INTTYPES_H
| # include <inttypes.h>
| #endif
| #ifdef HAVE_STDINT_H
| # include <stdint.h>
| #endif
| #ifdef HAVE_UNISTD_H
| # include <unistd.h>
| #endif
| int
| main ()
| {
| static int test_array [1 - 2 * !(((long int) (sizeof (long long))) <= 1)];
| test_array [0] = 0
| 
|   ;
|   return 0;
| }
configure:4748: arm-linux-gcc -c -g -O2  conftest.c >&5
conftest.c: In function 'main':
conftest.c:71: error: size of array 'test_array' is negative
configure:4748: $? = 1
configure: failed program was:
| /* confdefs.h */
| #define PACKAGE_NAME "motion"
| #define PACKAGE_TARNAME "motion"
| #define PACKAGE_VERSION "3.2.12"
| #define PACKAGE_STRING "motion 3.2.12"
| #define PACKAGE_BUGREPORT ""
| #define PACKAGE_URL ""
| #define STDC_HEADERS 1
| #define HAVE_SYS_TYPES_H 1
| #define HAVE_SYS_STAT_H 1
| #define HAVE_STDLIB_H 1
| #define HAVE_STRING_H 1
| #define HAVE_MEMORY_H 1
| #define HAVE_STRINGS_H 1
| #define HAVE_INTTYPES_H 1
| #define HAVE_STDINT_H 1
| #define HAVE_UNISTD_H 1
| #define HAVE_STDIO_H 1
| #define HAVE_UNISTD_H 1
| #define HAVE_STDINT_H 1
| #define HAVE_FCNTL_H 1
| #define HAVE_TIME_H 1
| #define HAVE_SIGNAL_H 1
| #define HAVE_SYS_IOCTL_H 1
| #define HAVE_SYS_MMAN_H 1
| #define HAVE_LINUX_VIDEODEV_H 1
| #define HAVE_LINUX_VIDEODEV2_H 1
| #define HAVE_SYS_PARAM_H 1
| #define HAVE_SYS_TYPES_H 1
| #define HAVE_GET_CURRENT_DIR_NAME 1
| #define SIZEOF_SHORT 2
| #define SIZEOF_INT 4
| #define SIZEOF_LONG_INT 4
| /* end confdefs.h.  */
| #include <stdio.h>
| #ifdef HAVE_SYS_TYPES_H
| # include <sys/types.h>
| #endif
| #ifdef HAVE_SYS_STAT_H
| # include <sys/stat.h>
| #endif
| #ifdef STDC_HEADERS
| # include <stdlib.h>
| # include <stddef.h>
| #else
| # ifdef HAVE_STDLIB_H
| #  include <stdlib.h>
| # endif
| #endif
| #ifdef HAVE_STRING_H
| # if !defined STDC_HEADERS && defined HAVE_MEMORY_H
| #  include <memory.h>
| # endif
| # include <string.h>
| #endif
| #ifdef HAVE_STRINGS_H
| # include <strings.h>
| #endif
| #ifdef HAVE_INTTYPES_H
| # include <inttypes.h>
| #endif
| #ifdef HAVE_STDINT_H
| # include <stdint.h>
| #endif
| #ifdef HAVE_UNISTD_H
| # include <unistd.h>
| #endif
| int
| main ()
| {
| static int test_array [1 - 2 * !(((long int) (sizeof (long long))) <= 3)];
| test_array [0] = 0
| 
|   ;
|   return 0;
| }
configure:4748: arm-linux-gcc -c -g -O2  conftest.c >&5
conftest.c: In function 'main':
conftest.c:71: error: size of array 'test_array' is negative
configure:4748: $? = 1
configure: failed program was:
| /* confdefs.h */
| #define PACKAGE_NAME "motion"
| #define PACKAGE_TARNAME "motion"
| #define PACKAGE_VERSION "3.2.12"
| #define PACKAGE_STRING "motion 3.2.12"
| #define PACKAGE_BUGREPORT ""
| #define PACKAGE_URL ""
| #define STDC_HEADERS 1
| #define HAVE_SYS_TYPES_H 1
| #define HAVE_SYS_STAT_H 1
| #define HAVE_STDLIB_H 1
| #define HAVE_STRING_H 1
| #define HAVE_MEMORY_H 1
| #define HAVE_STRINGS_H 1
| #define HAVE_INTTYPES_H 1
| #define HAVE_STDINT_H 1
| #define HAVE_UNISTD_H 1
| #define HAVE_STDIO_H 1
| #define HAVE_UNISTD_H 1
| #define HAVE_STDINT_H 1
| #define HAVE_FCNTL_H 1
| #define HAVE_TIME_H 1
| #define HAVE_SIGNAL_H 1
| #define HAVE_SYS_IOCTL_H 1
| #define HAVE_SYS_MMAN_H 1
| #define HAVE_LINUX_VIDEODEV_H 1
| #define HAVE_LINUX_VIDEODEV2_H 1
| #define HAVE_SYS_PARAM_H 1
| #define HAVE_SYS_TYPES_H 1
| #define HAVE_GET_CURRENT_DIR_NAME 1
| #define SIZEOF_SHORT 2
| #define SIZEOF_INT 4
| #define SIZEOF_LONG_INT 4
| /* end confdefs.h.  */
| #include <stdio.h>
| #ifdef HAVE_SYS_TYPES_H
| # include <sys/types.h>
| #endif
| #ifdef HAVE_SYS_STAT_H
| # include <sys/stat.h>
| #endif
| #ifdef STDC_HEADERS
| # include <stdlib.h>
| # include <stddef.h>
| #else
| # ifdef HAVE_STDLIB_H
| #  include <stdlib.h>
| # endif
| #endif
| #ifdef HAVE_STRING_H
| # if !defined STDC_HEADERS && defined HAVE_MEMORY_H
| #  include <memory.h>
| # endif
| # include <string.h>
| #endif
| #ifdef HAVE_STRINGS_H
| # include <strings.h>
| #endif
| #ifdef HAVE_INTTYPES_H
| # include <inttypes.h>
| #endif
| #ifdef HAVE_STDINT_H
| # include <stdint.h>
| #endif
| #ifdef HAVE_UNISTD_H
| # include <unistd.h>
| #endif
| int
| main ()
| {
| static int test_array [1 - 2 * !(((long int) (sizeof (long long))) <= 7)];
| test_array [0] = 0
| 
|   ;
|   return 0;
| }
configure:4748: arm-linux-gcc -c -g -O2  conftest.c >&5
configure:4748: $? = 0
configure:4748: arm-linux-gcc -c -g -O2  conftest.c >&5
configure:4748: $? = 0
configure:4748: arm-linux-gcc -c -g -O2  conftest.c >&5
configure:4748: $? = 0
configure:4748: arm-linux-gcc -c -g -O2  conftest.c >&5
configure:4748: $? = 0
configure:4763: result: 8
configure:4777: checking size of int *
configure:4782: arm-linux-gcc -c -g -O2  conftest.c >&5
configure:4782: $? = 0
configure:4782: arm-linux-gcc -c -g -O2  conftest.c >&5
conftest.c: In function 'main':
conftest.c:72: error: size of array 'test_array' is negative
configure:4782: $? = 1
configure: failed program was:
| /* confdefs.h */
| #define PACKAGE_NAME "motion"
| #define PACKAGE_TARNAME "motion"
| #define PACKAGE_VERSION "3.2.12"
| #define PACKAGE_STRING "motion 3.2.12"
| #define PACKAGE_BUGREPORT ""
| #define PACKAGE_URL ""
| #define STDC_HEADERS 1
| #define HAVE_SYS_TYPES_H 1
| #define HAVE_SYS_STAT_H 1
| #define HAVE_STDLIB_H 1
| #define HAVE_STRING_H 1
| #define HAVE_MEMORY_H 1
| #define HAVE_STRINGS_H 1
| #define HAVE_INTTYPES_H 1
| #define HAVE_STDINT_H 1
| #define HAVE_UNISTD_H 1
| #define HAVE_STDIO_H 1
| #define HAVE_UNISTD_H 1
| #define HAVE_STDINT_H 1
| #define HAVE_FCNTL_H 1
| #define HAVE_TIME_H 1
| #define HAVE_SIGNAL_H 1
| #define HAVE_SYS_IOCTL_H 1
| #define HAVE_SYS_MMAN_H 1
| #define HAVE_LINUX_VIDEODEV_H 1
| #define HAVE_LINUX_VIDEODEV2_H 1
| #define HAVE_SYS_PARAM_H 1
| #define HAVE_SYS_TYPES_H 1
| #define HAVE_GET_CURRENT_DIR_NAME 1
| #define SIZEOF_SHORT 2
| #define SIZEOF_INT 4
| #define SIZEOF_LONG_INT 4
| #define SIZEOF_LONG_LONG 8
| /* end confdefs.h.  */
| #include <stdio.h>
| #ifdef HAVE_SYS_TYPES_H
| # include <sys/types.h>
| #endif
| #ifdef HAVE_SYS_STAT_H
| # include <sys/stat.h>
| #endif
| #ifdef STDC_HEADERS
| # include <stdlib.h>
| # include <stddef.h>
| #else
| # ifdef HAVE_STDLIB_H
| #  include <stdlib.h>
| # endif
| #endif
| #ifdef HAVE_STRING_H
| # if !defined STDC_HEADERS && defined HAVE_MEMORY_H
| #  include <memory.h>
| # endif
| # include <string.h>
| #endif
| #ifdef HAVE_STRINGS_H
| # include <strings.h>
| #endif
| #ifdef HAVE_INTTYPES_H
| # include <inttypes.h>
| #endif
| #ifdef HAVE_STDINT_H
| # include <stdint.h>
| #endif
| #ifdef HAVE_UNISTD_H
| # include <unistd.h>
| #endif
| int
| main ()
| {
| static int test_array [1 - 2 * !(((long int) (sizeof (int *))) <= 0)];
| test_array [0] = 0
| 
|   ;
|   return 0;
| }
configure:4782: arm-linux-gcc -c -g -O2  conftest.c >&5
conftest.c: In function 'main':
conftest.c:72: error: size of array 'test_array' is negative
configure:4782: $? = 1
configure: failed program was:
| /* confdefs.h */
| #define PACKAGE_NAME "motion"
| #define PACKAGE_TARNAME "motion"
| #define PACKAGE_VERSION "3.2.12"
| #define PACKAGE_STRING "motion 3.2.12"
| #define PACKAGE_BUGREPORT ""
| #define PACKAGE_URL ""
| #define STDC_HEADERS 1
| #define HAVE_SYS_TYPES_H 1
| #define HAVE_SYS_STAT_H 1
| #define HAVE_STDLIB_H 1
| #define HAVE_STRING_H 1
| #define HAVE_MEMORY_H 1
| #define HAVE_STRINGS_H 1
| #define HAVE_INTTYPES_H 1
| #define HAVE_STDINT_H 1
| #define HAVE_UNISTD_H 1
| #define HAVE_STDIO_H 1
| #define HAVE_UNISTD_H 1
| #define HAVE_STDINT_H 1
| #define HAVE_FCNTL_H 1
| #define HAVE_TIME_H 1
| #define HAVE_SIGNAL_H 1
| #define HAVE_SYS_IOCTL_H 1
| #define HAVE_SYS_MMAN_H 1
| #define HAVE_LINUX_VIDEODEV_H 1
| #define HAVE_LINUX_VIDEODEV2_H 1
| #define HAVE_SYS_PARAM_H 1
| #define HAVE_SYS_TYPES_H 1
| #define HAVE_GET_CURRENT_DIR_NAME 1
| #define SIZEOF_SHORT 2
| #define SIZEOF_INT 4
| #define SIZEOF_LONG_INT 4
| #define SIZEOF_LONG_LONG 8
| /* end confdefs.h.  */
| #include <stdio.h>
| #ifdef HAVE_SYS_TYPES_H
| # include <sys/types.h>
| #endif
| #ifdef HAVE_SYS_STAT_H
| # include <sys/stat.h>
| #endif
| #ifdef STDC_HEADERS
| # include <stdlib.h>
| # include <stddef.h>
| #else
| # ifdef HAVE_STDLIB_H
| #  include <stdlib.h>
| # endif
| #endif
| #ifdef HAVE_STRING_H
| # if !defined STDC_HEADERS && defined HAVE_MEMORY_H
| #  include <memory.h>
| # endif
| # include <string.h>
| #endif
| #ifdef HAVE_STRINGS_H
| # include <strings.h>
| #endif
| #ifdef HAVE_INTTYPES_H
| # include <inttypes.h>
| #endif
| #ifdef HAVE_STDINT_H
| # include <stdint.h>
| #endif
| #ifdef HAVE_UNISTD_H
| # include <unistd.h>
| #endif
| int
| main ()
| {
| static int test_array [1 - 2 * !(((long int) (sizeof (int *))) <= 1)];
| test_array [0] = 0
| 
|   ;
|   return 0;
| }
configure:4782: arm-linux-gcc -c -g -O2  conftest.c >&5
conftest.c: In function 'main':
conftest.c:72: error: size of array 'test_array' is negative
configure:4782: $? = 1
configure: failed program was:
| /* confdefs.h */
| #define PACKAGE_NAME "motion"
| #define PACKAGE_TARNAME "motion"
| #define PACKAGE_VERSION "3.2.12"
| #define PACKAGE_STRING "motion 3.2.12"
| #define PACKAGE_BUGREPORT ""
| #define PACKAGE_URL ""
| #define STDC_HEADERS 1
| #define HAVE_SYS_TYPES_H 1
| #define HAVE_SYS_STAT_H 1
| #define HAVE_STDLIB_H 1
| #define HAVE_STRING_H 1
| #define HAVE_MEMORY_H 1
| #define HAVE_STRINGS_H 1
| #define HAVE_INTTYPES_H 1
| #define HAVE_STDINT_H 1
| #define HAVE_UNISTD_H 1
| #define HAVE_STDIO_H 1
| #define HAVE_UNISTD_H 1
| #define HAVE_STDINT_H 1
| #define HAVE_FCNTL_H 1
| #define HAVE_TIME_H 1
| #define HAVE_SIGNAL_H 1
| #define HAVE_SYS_IOCTL_H 1
| #define HAVE_SYS_MMAN_H 1
| #define HAVE_LINUX_VIDEODEV_H 1
| #define HAVE_LINUX_VIDEODEV2_H 1
| #define HAVE_SYS_PARAM_H 1
| #define HAVE_SYS_TYPES_H 1
| #define HAVE_GET_CURRENT_DIR_NAME 1
| #define SIZEOF_SHORT 2
| #define SIZEOF_INT 4
| #define SIZEOF_LONG_INT 4
| #define SIZEOF_LONG_LONG 8
| /* end confdefs.h.  */
| #include <stdio.h>
| #ifdef HAVE_SYS_TYPES_H
| # include <sys/types.h>
| #endif
| #ifdef HAVE_SYS_STAT_H
| # include <sys/stat.h>
| #endif
| #ifdef STDC_HEADERS
| # include <stdlib.h>
| # include <stddef.h>
| #else
| # ifdef HAVE_STDLIB_H
| #  include <stdlib.h>
| # endif
| #endif
| #ifdef HAVE_STRING_H
| # if !defined STDC_HEADERS && defined HAVE_MEMORY_H
| #  include <memory.h>
| # endif
| # include <string.h>
| #endif
| #ifdef HAVE_STRINGS_H
| # include <strings.h>
| #endif
| #ifdef HAVE_INTTYPES_H
| # include <inttypes.h>
| #endif
| #ifdef HAVE_STDINT_H
| # include <stdint.h>
| #endif
| #ifdef HAVE_UNISTD_H
| # include <unistd.h>
| #endif
| int
| main ()
| {
| static int test_array [1 - 2 * !(((long int) (sizeof (int *))) <= 3)];
| test_array [0] = 0
| 
|   ;
|   return 0;
| }
configure:4782: arm-linux-gcc -c -g -O2  conftest.c >&5
configure:4782: $? = 0
configure:4782: arm-linux-gcc -c -g -O2  conftest.c >&5
configure:4782: $? = 0
configure:4782: arm-linux-gcc -c -g -O2  conftest.c >&5
configure:4782: $? = 0
configure:4797: result: 4
configure:4811: checking size of void *
configure:4816: arm-linux-gcc -c -g -O2  conftest.c >&5
configure:4816: $? = 0
configure:4816: arm-linux-gcc -c -g -O2  conftest.c >&5
conftest.c: In function 'main':
conftest.c:73: error: size of array 'test_array' is negative
configure:4816: $? = 1
configure: failed program was:
| /* confdefs.h */
| #define PACKAGE_NAME "motion"
| #define PACKAGE_TARNAME "motion"
| #define PACKAGE_VERSION "3.2.12"
| #define PACKAGE_STRING "motion 3.2.12"
| #define PACKAGE_BUGREPORT ""
| #define PACKAGE_URL ""
| #define STDC_HEADERS 1
| #define HAVE_SYS_TYPES_H 1
| #define HAVE_SYS_STAT_H 1
| #define HAVE_STDLIB_H 1
| #define HAVE_STRING_H 1
| #define HAVE_MEMORY_H 1
| #define HAVE_STRINGS_H 1
| #define HAVE_INTTYPES_H 1
| #define HAVE_STDINT_H 1
| #define HAVE_UNISTD_H 1
| #define HAVE_STDIO_H 1
| #define HAVE_UNISTD_H 1
| #define HAVE_STDINT_H 1
| #define HAVE_FCNTL_H 1
| #define HAVE_TIME_H 1
| #define HAVE_SIGNAL_H 1
| #define HAVE_SYS_IOCTL_H 1
| #define HAVE_SYS_MMAN_H 1
| #define HAVE_LINUX_VIDEODEV_H 1
| #define HAVE_LINUX_VIDEODEV2_H 1
| #define HAVE_SYS_PARAM_H 1
| #define HAVE_SYS_TYPES_H 1
| #define HAVE_GET_CURRENT_DIR_NAME 1
| #define SIZEOF_SHORT 2
| #define SIZEOF_INT 4
| #define SIZEOF_LONG_INT 4
| #define SIZEOF_LONG_LONG 8
| #define SIZEOF_INT_P 4
| /* end confdefs.h.  */
| #include <stdio.h>
| #ifdef HAVE_SYS_TYPES_H
| # include <sys/types.h>
| #endif
| #ifdef HAVE_SYS_STAT_H
| # include <sys/stat.h>
| #endif
| #ifdef STDC_HEADERS
| # include <stdlib.h>
| # include <stddef.h>
| #else
| # ifdef HAVE_STDLIB_H
| #  include <stdlib.h>
| # endif
| #endif
| #ifdef HAVE_STRING_H
| # if !defined STDC_HEADERS && defined HAVE_MEMORY_H
| #  include <memory.h>
| # endif
| # include <string.h>
| #endif
| #ifdef HAVE_STRINGS_H
| # include <strings.h>
| #endif
| #ifdef HAVE_INTTYPES_H
| # include <inttypes.h>
| #endif
| #ifdef HAVE_STDINT_H
| # include <stdint.h>
| #endif
| #ifdef HAVE_UNISTD_H
| # include <unistd.h>
| #endif
| int
| main ()
| {
| static int test_array [1 - 2 * !(((long int) (sizeof (void *))) <= 0)];
| test_array [0] = 0
| 
|   ;
|   return 0;
| }
configure:4816: arm-linux-gcc -c -g -O2  conftest.c >&5
conftest.c: In function 'main':
conftest.c:73: error: size of array 'test_array' is negative
configure:4816: $? = 1
configure: failed program was:
| /* confdefs.h */
| #define PACKAGE_NAME "motion"
| #define PACKAGE_TARNAME "motion"
| #define PACKAGE_VERSION "3.2.12"
| #define PACKAGE_STRING "motion 3.2.12"
| #define PACKAGE_BUGREPORT ""
| #define PACKAGE_URL ""
| #define STDC_HEADERS 1
| #define HAVE_SYS_TYPES_H 1
| #define HAVE_SYS_STAT_H 1
| #define HAVE_STDLIB_H 1
| #define HAVE_STRING_H 1
| #define HAVE_MEMORY_H 1
| #define HAVE_STRINGS_H 1
| #define HAVE_INTTYPES_H 1
| #define HAVE_STDINT_H 1
| #define HAVE_UNISTD_H 1
| #define HAVE_STDIO_H 1
| #define HAVE_UNISTD_H 1
| #define HAVE_STDINT_H 1
| #define HAVE_FCNTL_H 1
| #define HAVE_TIME_H 1
| #define HAVE_SIGNAL_H 1
| #define HAVE_SYS_IOCTL_H 1
| #define HAVE_SYS_MMAN_H 1
| #define HAVE_LINUX_VIDEODEV_H 1
| #define HAVE_LINUX_VIDEODEV2_H 1
| #define HAVE_SYS_PARAM_H 1
| #define HAVE_SYS_TYPES_H 1
| #define HAVE_GET_CURRENT_DIR_NAME 1
| #define SIZEOF_SHORT 2
| #define SIZEOF_INT 4
| #define SIZEOF_LONG_INT 4
| #define SIZEOF_LONG_LONG 8
| #define SIZEOF_INT_P 4
| /* end confdefs.h.  */
| #include <stdio.h>
| #ifdef HAVE_SYS_TYPES_H
| # include <sys/types.h>
| #endif
| #ifdef HAVE_SYS_STAT_H
| # include <sys/stat.h>
| #endif
| #ifdef STDC_HEADERS
| # include <stdlib.h>
| # include <stddef.h>
| #else
| # ifdef HAVE_STDLIB_H
| #  include <stdlib.h>
| # endif
| #endif
| #ifdef HAVE_STRING_H
| # if !defined STDC_HEADERS && defined HAVE_MEMORY_H
| #  include <memory.h>
| # endif
| # include <string.h>
| #endif
| #ifdef HAVE_STRINGS_H
| # include <strings.h>
| #endif
| #ifdef HAVE_INTTYPES_H
| # include <inttypes.h>
| #endif
| #ifdef HAVE_STDINT_H
| # include <stdint.h>
| #endif
| #ifdef HAVE_UNISTD_H
| # include <unistd.h>
| #endif
| int
| main ()
| {
| static int test_array [1 - 2 * !(((long int) (sizeof (void *))) <= 1)];
| test_array [0] = 0
| 
|   ;
|   return 0;
| }
configure:4816: arm-linux-gcc -c -g -O2  conftest.c >&5
conftest.c: In function 'main':
conftest.c:73: error: size of array 'test_array' is negative
configure:4816: $? = 1
configure: failed program was:
| /* confdefs.h */
| #define PACKAGE_NAME "motion"
| #define PACKAGE_TARNAME "motion"
| #define PACKAGE_VERSION "3.2.12"
| #define PACKAGE_STRING "motion 3.2.12"
| #define PACKAGE_BUGREPORT ""
| #define PACKAGE_URL ""
| #define STDC_HEADERS 1
| #define HAVE_SYS_TYPES_H 1
| #define HAVE_SYS_STAT_H 1
| #define HAVE_STDLIB_H 1
| #define HAVE_STRING_H 1
| #define HAVE_MEMORY_H 1
| #define HAVE_STRINGS_H 1
| #define HAVE_INTTYPES_H 1
| #define HAVE_STDINT_H 1
| #define HAVE_UNISTD_H 1
| #define HAVE_STDIO_H 1
| #define HAVE_UNISTD_H 1
| #define HAVE_STDINT_H 1
| #define HAVE_FCNTL_H 1
| #define HAVE_TIME_H 1
| #define HAVE_SIGNAL_H 1
| #define HAVE_SYS_IOCTL_H 1
| #define HAVE_SYS_MMAN_H 1
| #define HAVE_LINUX_VIDEODEV_H 1
| #define HAVE_LINUX_VIDEODEV2_H 1
| #define HAVE_SYS_PARAM_H 1
| #define HAVE_SYS_TYPES_H 1
| #define HAVE_GET_CURRENT_DIR_NAME 1
| #define SIZEOF_SHORT 2
| #define SIZEOF_INT 4
| #define SIZEOF_LONG_INT 4
| #define SIZEOF_LONG_LONG 8
| #define SIZEOF_INT_P 4
| /* end confdefs.h.  */
| #include <stdio.h>
| #ifdef HAVE_SYS_TYPES_H
| # include <sys/types.h>
| #endif
| #ifdef HAVE_SYS_STAT_H
| # include <sys/stat.h>
| #endif
| #ifdef STDC_HEADERS
| # include <stdlib.h>
| # include <stddef.h>
| #else
| # ifdef HAVE_STDLIB_H
| #  include <stdlib.h>
| # endif
| #endif
| #ifdef HAVE_STRING_H
| # if !defined STDC_HEADERS && defined HAVE_MEMORY_H
| #  include <memory.h>
| # endif
| # include <string.h>
| #endif
| #ifdef HAVE_STRINGS_H
| # include <strings.h>
| #endif
| #ifdef HAVE_INTTYPES_H
| # include <inttypes.h>
| #endif
| #ifdef HAVE_STDINT_H
| # include <stdint.h>
| #endif
| #ifdef HAVE_UNISTD_H
| # include <unistd.h>
| #endif
| int
| main ()
| {
| static int test_array [1 - 2 * !(((long int) (sizeof (void *))) <= 3)];
| test_array [0] = 0
| 
|   ;
|   return 0;
| }
configure:4816: arm-linux-gcc -c -g -O2  conftest.c >&5
configure:4816: $? = 0
configure:4816: arm-linux-gcc -c -g -O2  conftest.c >&5
configure:4816: $? = 0
configure:4816: arm-linux-gcc -c -g -O2  conftest.c >&5
configure:4816: $? = 0
configure:4831: result: 4
configure:4876: checking for an ANSI C-conforming const
configure:4941: arm-linux-gcc -c -g -O2  conftest.c >&5
configure:4941: $? = 0
configure:4948: result: yes
configure:5174: checking for bswap instruction
configure:5191: arm-linux-gcc -o conftest -g -O2    conftest.c  >&5
configure:5191: $? = 0
configure:5194: result: yes
configure:5342: creating ./config.status

## ---------------------- ##
## Running config.status. ##
## ---------------------- ##

This file was extended by motion config.status 3.2.12, which was
generated by GNU Autoconf 2.65.  Invocation command line was

  CONFIG_FILES    = 
  CONFIG_HEADERS  = 
  CONFIG_LINKS    = 
  CONFIG_COMMANDS = 
  $ ./config.status 

on localhost.localdomain

config.status:832: creating thread1.conf
config.status:832: creating thread2.conf
config.status:832: creating thread3.conf
config.status:832: creating thread4.conf
config.status:832: creating motion-dist.conf
config.status:832: creating motion.init-FreeBSD.sh
config.status:832: creating motion.init-Debian
config.status:832: creating motion.init-Fedora
config.status:832: creating motion.spec
config.status:832: creating Makefile
config.status:832: creating config.h

## ---------------- ##
## Cache variables. ##
## ---------------- ##

ac_cv_c_compiler_gnu=yes
ac_cv_c_const=yes
ac_cv_env_CC_set=set
ac_cv_env_CC_value=arm-linux-gcc
ac_cv_env_CFLAGS_set=
ac_cv_env_CFLAGS_value=
ac_cv_env_CPPFLAGS_set=
ac_cv_env_CPPFLAGS_value=
ac_cv_env_CPP_set=
ac_cv_env_CPP_value=
ac_cv_env_LDFLAGS_set=
ac_cv_env_LDFLAGS_value=
ac_cv_env_LIBS_set=
ac_cv_env_LIBS_value=
ac_cv_env_build_alias_set=
ac_cv_env_build_alias_value=
ac_cv_env_host_alias_set=set
ac_cv_env_host_alias_value=arm-linux
ac_cv_env_target_alias_set=
ac_cv_env_target_alias_value=
ac_cv_func_get_current_dir_name=yes
ac_cv_header_fcntl_h=yes
ac_cv_header_inttypes_h=yes
ac_cv_header_linux_videodev2_h=yes
ac_cv_header_linux_videodev_h=yes
ac_cv_header_memory_h=yes
ac_cv_header_signal_h=yes
ac_cv_header_stdc=yes
ac_cv_header_stdint_h=yes
ac_cv_header_stdio_h=yes
ac_cv_header_stdlib_h=yes
ac_cv_header_string_h=yes
ac_cv_header_strings_h=yes
ac_cv_header_sys_ioctl_h=yes
ac_cv_header_sys_mman_h=yes
ac_cv_header_sys_param_h=yes
ac_cv_header_sys_stat_h=yes
ac_cv_header_sys_types_h=yes
ac_cv_header_time_h=yes
ac_cv_header_unistd_h=yes
ac_cv_lib_jpeg_jpeg_set_defaults=yes
ac_cv_objext=o
ac_cv_path_EGREP='/bin/grep -E'
ac_cv_path_GREP=/bin/grep
ac_cv_prog_CC=arm-linux-gcc
ac_cv_prog_CPP='arm-linux-gcc -E'
ac_cv_prog_cc_c89=
ac_cv_prog_cc_g=yes
ac_cv_sizeof_int=4
ac_cv_sizeof_int_p=4
ac_cv_sizeof_long_int=4
ac_cv_sizeof_long_long=8
ac_cv_sizeof_short=2
ac_cv_sizeof_void_p=4
ac_cv_type_struct_v4l2_buffer=yes

## ----------------- ##
## Output variables. ##
## ----------------- ##

BIN_PATH='/usr/local/bin'
CC='arm-linux-gcc'
CFLAGS=' -g -O2 -D_REENTRANT -DMOTION_V4L2 -DTYPE_32BIT="int" -DHAVE_BSWAP   '
CPP='arm-linux-gcc -E'
CPPFLAGS=''
DEFS='-DHAVE_CONFIG_H'
DOC_DIR=''
ECHO_C=''
ECHO_N='-n'
ECHO_T=''
EGREP='/bin/grep -E'
EXEEXT=''
FFMPEG_OBJ=''
GREP='/bin/grep'
LDFLAGS=' '
LIBOBJS=''
LIBS='-lm  -lpthread -ljpeg'
LTLIBOBJS=''
OBJEXT='o'
PACKAGE_BUGREPORT=''
PACKAGE_NAME='motion'
PACKAGE_STRING='motion 3.2.12'
PACKAGE_TARNAME='motion'
PACKAGE_URL=''
PACKAGE_VERSION='3.2.12'
PATH_SEPARATOR=':'
SHELL='/bin/sh'
VIDEO='video.o video2.o video_common.o'
ac_ct_CC=''
bindir='${exec_prefix}/bin'
build_alias=''
datadir='${datarootdir}'
datarootdir='${prefix}/share'
docdir='${datarootdir}/doc/${PACKAGE_TARNAME}'
dvidir='${docdir}'
exec_prefix='${prefix}'
host_alias='arm-linux'
htmldir='${docdir}'
includedir='${prefix}/include'
infodir='${datarootdir}/info'
libdir='${exec_prefix}/lib'
libexecdir='${exec_prefix}/libexec'
localedir='${datarootdir}/locale'
localstatedir='${prefix}/var'
mandir='${datarootdir}/man'
oldincludedir='/usr/include'
pdfdir='${docdir}'
prefix='/usr/local'
program_transform_name='s,x,x,'
psdir='${docdir}'
sbindir='${exec_prefix}/sbin'
sharedstatedir='${prefix}/com'
sysconfdir='${prefix}/etc'
target_alias=''

## ----------- ##
## confdefs.h. ##
## ----------- ##

/* confdefs.h */
#define PACKAGE_NAME "motion"
#define PACKAGE_TARNAME "motion"
#define PACKAGE_VERSION "3.2.12"
#define PACKAGE_STRING "motion 3.2.12"
#define PACKAGE_BUGREPORT ""
#define PACKAGE_URL ""
#define STDC_HEADERS 1
#define HAVE_SYS_TYPES_H 1
#define HAVE_SYS_STAT_H 1
#define HAVE_STDLIB_H 1
#define HAVE_STRING_H 1
#define HAVE_MEMORY_H 1
#define HAVE_STRINGS_H 1
#define HAVE_INTTYPES_H 1
#define HAVE_STDINT_H 1
#define HAVE_UNISTD_H 1
#define HAVE_STDIO_H 1
#define HAVE_UNISTD_H 1
#define HAVE_STDINT_H 1
#define HAVE_FCNTL_H 1
#define HAVE_TIME_H 1
#define HAVE_SIGNAL_H 1
#define HAVE_SYS_IOCTL_H 1
#define HAVE_SYS_MMAN_H 1
#define HAVE_LINUX_VIDEODEV_H 1
#define HAVE_LINUX_VIDEODEV2_H 1
#define HAVE_SYS_PARAM_H 1
#define HAVE_SYS_TYPES_H 1
#define HAVE_GET_CURRENT_DIR_NAME 1
#define SIZEOF_SHORT 2
#define SIZEOF_INT 4
#define SIZEOF_LONG_INT 4
#define SIZEOF_LONG_LONG 8
#define SIZEOF_INT_P 4
#define SIZEOF_VOID_P 4

configure: exit 0
